#
# There is insufficient memory for the Java Runtime Environment to continue.
# Native memory allocation (mmap) failed to map 65536 bytes for Failed to commit metaspace.
# Possible reasons:
#   The system is out of physical RAM or swap space
#   The process is running with CompressedOops enabled, and the Java Heap may be blocking the growth of the native heap
# Possible solutions:
#   Reduce memory load on the system
#   Increase physical memory or swap space
#   Check if swap backing store is full
#   Decrease Java heap size (-Xmx/-Xms)
#   Decrease number of Java threads
#   Decrease Java thread stack sizes (-Xss)
#   Set larger code cache with -XX:ReservedCodeCacheSize=
#   JVM is running with Zero Based Compressed Oops mode in which the Java heap is
#     placed in the first 32GB address space. The Java Heap base address is the
#     maximum limit for the native heap growth. Please use -XX:HeapBaseMinAddress
#     to set the Java Heap base and to place the Java Heap above 32GB virtual address.
# This output file may be truncated or incomplete.
#
#  Out of Memory Error (virtualSpaceNode.cpp:108), pid=17244, tid=17312
#
# JRE version: Java(TM) SE Runtime Environment (16.0.1+9) (build 16.0.1+9-24)
# Java VM: Java HotSpot(TM) 64-Bit Server VM (16.0.1+9-24, mixed mode, tiered, compressed oops, compressed class ptrs, g1 gc, windows-amd64)
# No core dump will be written. Minidumps are not enabled by default on client versions of Windows
#

---------------  S U M M A R Y ------------

Command Line: GUI.user.ManHinhDangNhap

Host: Intel(R) Core(TM) i5-8250U CPU @ 1.60GHz, 8 cores, 11G,  Windows 10 , 64 bit Build 22000 (10.0.22000.708)
Time: Mon Dec  5 18:15:33 2022 SE Asia Standard Time elapsed time: 0.688472 seconds (0d 0h 0m 0s)

---------------  T H R E A D  ---------------

Current thread (0x00000230e57203a0):  JavaThread "main" [_thread_in_vm, id=17312, stack(0x0000005f6d900000,0x0000005f6da00000)]

Stack: [0x0000005f6d900000,0x0000005f6da00000]
Native frames: (J=compiled Java code, j=interpreted, Vv=VM code, C=native code)
V  [jvm.dll+0x6687ca]
V  [jvm.dll+0x7ca3c9]
V  [jvm.dll+0x7cbb53]
V  [jvm.dll+0x7cc1b3]
V  [jvm.dll+0x242ea5]
V  [jvm.dll+0x7c6a4b]
V  [jvm.dll+0x60e436]
V  [jvm.dll+0x60e49a]
V  [jvm.dll+0x610aca]
V  [jvm.dll+0x60ed31]
V  [jvm.dll+0x2372ef]
V  [jvm.dll+0x6193b5]
V  [jvm.dll+0x1e9a52]
V  [jvm.dll+0x1e9f85]
V  [jvm.dll+0x1eab0f]
V  [jvm.dll+0x1df8a1]
V  [jvm.dll+0x536728]
V  [jvm.dll+0x1f0fa2]
V  [jvm.dll+0x741e03]
V  [jvm.dll+0x7436a8]
V  [jvm.dll+0x7439d3]
V  [jvm.dll+0x23ad74]
V  [jvm.dll+0x377ac1]
C  0x00000230eceaf9ed

Java frames: (J=compiled Java code, j=interpreted, Vv=VM code)
j  java.lang.invoke.DelegatingMethodHandle.<clinit>()V+69 java.base@16.0.1
v  ~StubRoutines::call_stub
j  java.lang.invoke.MethodHandleImpl.makeVarargsCollector(Ljava/lang/invoke/MethodHandle;Ljava/lang/Class;)Ljava/lang/invoke/MethodHandle;+37 java.base@16.0.1
j  java.lang.invoke.MethodHandle.asVarargsCollector(Ljava/lang/Class;)Ljava/lang/invoke/MethodHandle;+36 java.base@16.0.1
j  java.lang.invoke.MethodHandle.withVarargs(Z)Ljava/lang/invoke/MethodHandle;+33 java.base@16.0.1
j  java.lang.invoke.MethodHandle.setVarargs(Ljava/lang/invoke/MemberName;)Ljava/lang/invoke/MethodHandle;+11 java.base@16.0.1
j  java.lang.invoke.MethodHandles$Lookup.getDirectMethodCommon(BLjava/lang/Class;Ljava/lang/invoke/MemberName;ZZLjava/lang/invoke/MethodHandles$Lookup;)Ljava/lang/invoke/MethodHandle;+272 java.base@16.0.1
j  java.lang.invoke.MethodHandles$Lookup.getDirectMethodNoSecurityManager(BLjava/lang/Class;Ljava/lang/invoke/MemberName;Ljava/lang/invoke/MethodHandles$Lookup;)Ljava/lang/invoke/MethodHandle;+14 java.base@16.0.1
j  java.lang.invoke.MethodHandles$Lookup.getDirectMethodForConstant(BLjava/lang/Class;Ljava/lang/invoke/MemberName;)Ljava/lang/invoke/MethodHandle;+31 java.base@16.0.1
j  java.lang.invoke.MethodHandles$Lookup.linkMethodHandleConstant(BLjava/lang/Class;Ljava/lang/String;Ljava/lang/Object;)Ljava/lang/invoke/MethodHandle;+153 java.base@16.0.1
j  java.lang.invoke.MethodHandleNatives.linkMethodHandleConstant(Ljava/lang/Class;ILjava/lang/Class;Ljava/lang/String;Ljava/lang/Object;)Ljava/lang/invoke/MethodHandle;+38 java.base@16.0.1
v  ~StubRoutines::call_stub
j  java.awt.Toolkit$1.run()Ljava/lang/String;+13 java.desktop@16.0.1
j  java.awt.Toolkit$1.run()Ljava/lang/Object;+1 java.desktop@16.0.1
j  java.security.AccessController.executePrivileged(Ljava/security/PrivilegedAction;Ljava/security/AccessControlContext;Ljava/lang/Class;)Ljava/lang/Object;+29 java.base@16.0.1
j  java.security.AccessController.doPrivileged(Ljava/security/PrivilegedAction;)Ljava/lang/Object;+5 java.base@16.0.1
j  java.awt.Toolkit.initAssistiveTechnologies()V+21 java.desktop@16.0.1
j  java.awt.Toolkit.<clinit>()V+44 java.desktop@16.0.1
v  ~StubRoutines::call_stub
j  java.awt.Component.<clinit>()V+93 java.desktop@16.0.1
v  ~StubRoutines::call_stub

---------------  P R O C E S S  ---------------

Threads class SMR info:
_java_thread_list=0x00000230869c2f00, length=12, elements={
0x00000230e57203a0, 0x00000230ffe492f0, 0x00000230ffe49e00, 0x000002308685b8e0,
0x0000023086878630, 0x0000023086878b50, 0x0000023086879460, 0x000002308687a0a0,
0x0000023086897aa0, 0x000002308689a010, 0x00000230869e97f0, 0x0000023086a00310
}

Java Threads: ( => current thread )
=>0x00000230e57203a0 JavaThread "main" [_thread_in_vm, id=17312, stack(0x0000005f6d900000,0x0000005f6da00000)]
  0x00000230ffe492f0 JavaThread "Reference Handler" daemon [_thread_blocked, id=17340, stack(0x0000005f6e000000,0x0000005f6e100000)]
  0x00000230ffe49e00 JavaThread "Finalizer" daemon [_thread_blocked, id=17344, stack(0x0000005f6e100000,0x0000005f6e200000)]
  0x000002308685b8e0 JavaThread "Signal Dispatcher" daemon [_thread_blocked, id=17348, stack(0x0000005f6e200000,0x0000005f6e300000)]
  0x0000023086878630 JavaThread "Attach Listener" daemon [_thread_blocked, id=17352, stack(0x0000005f6e300000,0x0000005f6e400000)]
  0x0000023086878b50 JavaThread "Service Thread" daemon [_thread_blocked, id=17356, stack(0x0000005f6e400000,0x0000005f6e500000)]
  0x0000023086879460 JavaThread "Monitor Deflation Thread" daemon [_thread_blocked, id=17360, stack(0x0000005f6e500000,0x0000005f6e600000)]
  0x000002308687a0a0 JavaThread "C2 CompilerThread0" daemon [_thread_blocked, id=17364, stack(0x0000005f6e600000,0x0000005f6e700000)]
  0x0000023086897aa0 JavaThread "C1 CompilerThread0" daemon [_thread_blocked, id=17368, stack(0x0000005f6e700000,0x0000005f6e800000)]
  0x000002308689a010 JavaThread "Sweeper thread" daemon [_thread_blocked, id=17372, stack(0x0000005f6e800000,0x0000005f6e900000)]
  0x00000230869e97f0 JavaThread "Notification Thread" daemon [_thread_blocked, id=17376, stack(0x0000005f6e900000,0x0000005f6ea00000)]
  0x0000023086a00310 JavaThread "Common-Cleaner" daemon [_thread_blocked, id=17384, stack(0x0000005f6eb00000,0x0000005f6ec00000)]

Other Threads:
  0x000002308681f260 VMThread "VM Thread" [stack: 0x0000005f6df00000,0x0000005f6e000000] [id=17336]
  0x00000230869fe010 WatcherThread [stack: 0x0000005f6ea00000,0x0000005f6eb00000] [id=17380]
  0x00000230e5766360 GCTaskThread "GC Thread#0" [stack: 0x0000005f6da00000,0x0000005f6db00000] [id=17316]
  0x00000230e57741f0 ConcurrentGCThread "G1 Main Marker" [stack: 0x0000005f6db00000,0x0000005f6dc00000] [id=17320]
  0x00000230e5774dc0 ConcurrentGCThread "G1 Conc#0" [stack: 0x0000005f6dc00000,0x0000005f6dd00000] [id=17324]
  0x00000230e57fe520 ConcurrentGCThread "G1 Refine#0" [stack: 0x0000005f6dd00000,0x0000005f6de00000] [id=17328]
  0x00000230ffcbe130 ConcurrentGCThread "G1 Service" [stack: 0x0000005f6de00000,0x0000005f6df00000] [id=17332]

Threads with active compile tasks:

VM state: not at safepoint (normal execution)

VM Mutex/Monitor currently owned by a thread:  ([mutex/lock_event])
[0x00000230e571d890] MetaspaceExpand_lock - owner thread: 0x00000230e57203a0

Heap address: 0x0000000741c00000, size: 3044 MB, Compressed Oops mode: Zero based, Oop shift amount: 3

CDS disabled.
Compressed class space mapped at: 0x0000000800000000-0x0000000840000000, reserved size: 1073741824
Narrow klass base: 0x0000000800000000, Narrow klass shift: 0, Narrow klass range: 0x40000000

GC Precious Log:
 CPUs: 8 total, 8 available
 Memory: 12174M
 Large Page Support: Disabled
 NUMA Support: Disabled
 Compressed Oops: Enabled (Zero based)
 Heap Region Size: 2M
 Heap Min Capacity: 8M
 Heap Initial Capacity: 192M
 Heap Max Capacity: 3044M
 Pre-touch: Disabled
 Parallel Workers: 8
 Concurrent Workers: 2
 Concurrent Refinement Workers: 8
 Periodic GC: Disabled

Heap:
 garbage-first heap   total 196608K, used 2048K [0x0000000741c00000, 0x0000000800000000)
  region size 2048K, 2 young (4096K), 0 survivors (0K)
 Metaspace       used 7061K, committed 7104K, reserved 1056768K
  class space    used 601K, committed 640K, reserved 1048576K

Heap Regions: E=young(eden), S=young(survivor), O=old, HS=humongous(starts), HC=humongous(continues), CS=collection set, F=free, OA=open archive, CA=closed archive, TAMS=top-at-mark-start (previous, next)
|   0|0x0000000741c00000, 0x0000000741c00000, 0x0000000741e00000|  0%| F|  |TAMS 0x0000000741c00000, 0x0000000741c00000| Untracked 
|   1|0x0000000741e00000, 0x0000000741e00000, 0x0000000742000000|  0%| F|  |TAMS 0x0000000741e00000, 0x0000000741e00000| Untracked 
|   2|0x0000000742000000, 0x0000000742000000, 0x0000000742200000|  0%| F|  |TAMS 0x0000000742000000, 0x0000000742000000| Untracked 
|   3|0x0000000742200000, 0x0000000742200000, 0x0000000742400000|  0%| F|  |TAMS 0x0000000742200000, 0x0000000742200000| Untracked 
|   4|0x0000000742400000, 0x0000000742400000, 0x0000000742600000|  0%| F|  |TAMS 0x0000000742400000, 0x0000000742400000| Untracked 
|   5|0x0000000742600000, 0x0000000742600000, 0x0000000742800000|  0%| F|  |TAMS 0x0000000742600000, 0x0000000742600000| Untracked 
|   6|0x0000000742800000, 0x0000000742800000, 0x0000000742a00000|  0%| F|  |TAMS 0x0000000742800000, 0x0000000742800000| Untracked 
|   7|0x0000000742a00000, 0x0000000742a00000, 0x0000000742c00000|  0%| F|  |TAMS 0x0000000742a00000, 0x0000000742a00000| Untracked 
|   8|0x0000000742c00000, 0x0000000742c00000, 0x0000000742e00000|  0%| F|  |TAMS 0x0000000742c00000, 0x0000000742c00000| Untracked 
|   9|0x0000000742e00000, 0x0000000742e00000, 0x0000000743000000|  0%| F|  |TAMS 0x0000000742e00000, 0x0000000742e00000| Untracked 
|  10|0x0000000743000000, 0x0000000743000000, 0x0000000743200000|  0%| F|  |TAMS 0x0000000743000000, 0x0000000743000000| Untracked 
|  11|0x0000000743200000, 0x0000000743200000, 0x0000000743400000|  0%| F|  |TAMS 0x0000000743200000, 0x0000000743200000| Untracked 
|  12|0x0000000743400000, 0x0000000743400000, 0x0000000743600000|  0%| F|  |TAMS 0x0000000743400000, 0x0000000743400000| Untracked 
|  13|0x0000000743600000, 0x0000000743600000, 0x0000000743800000|  0%| F|  |TAMS 0x0000000743600000, 0x0000000743600000| Untracked 
|  14|0x0000000743800000, 0x0000000743800000, 0x0000000743a00000|  0%| F|  |TAMS 0x0000000743800000, 0x0000000743800000| Untracked 
|  15|0x0000000743a00000, 0x0000000743a00000, 0x0000000743c00000|  0%| F|  |TAMS 0x0000000743a00000, 0x0000000743a00000| Untracked 
|  16|0x0000000743c00000, 0x0000000743c00000, 0x0000000743e00000|  0%| F|  |TAMS 0x0000000743c00000, 0x0000000743c00000| Untracked 
|  17|0x0000000743e00000, 0x0000000743e00000, 0x0000000744000000|  0%| F|  |TAMS 0x0000000743e00000, 0x0000000743e00000| Untracked 
|  18|0x0000000744000000, 0x0000000744000000, 0x0000000744200000|  0%| F|  |TAMS 0x0000000744000000, 0x0000000744000000| Untracked 
|  19|0x0000000744200000, 0x0000000744200000, 0x0000000744400000|  0%| F|  |TAMS 0x0000000744200000, 0x0000000744200000| Untracked 
|  20|0x0000000744400000, 0x0000000744400000, 0x0000000744600000|  0%| F|  |TAMS 0x0000000744400000, 0x0000000744400000| Untracked 
|  21|0x0000000744600000, 0x0000000744600000, 0x0000000744800000|  0%| F|  |TAMS 0x0000000744600000, 0x0000000744600000| Untracked 
|  22|0x0000000744800000, 0x0000000744800000, 0x0000000744a00000|  0%| F|  |TAMS 0x0000000744800000, 0x0000000744800000| Untracked 
|  23|0x0000000744a00000, 0x0000000744a00000, 0x0000000744c00000|  0%| F|  |TAMS 0x0000000744a00000, 0x0000000744a00000| Untracked 
|  24|0x0000000744c00000, 0x0000000744c00000, 0x0000000744e00000|  0%| F|  |TAMS 0x0000000744c00000, 0x0000000744c00000| Untracked 
|  25|0x0000000744e00000, 0x0000000744e00000, 0x0000000745000000|  0%| F|  |TAMS 0x0000000744e00000, 0x0000000744e00000| Untracked 
|  26|0x0000000745000000, 0x0000000745000000, 0x0000000745200000|  0%| F|  |TAMS 0x0000000745000000, 0x0000000745000000| Untracked 
|  27|0x0000000745200000, 0x0000000745200000, 0x0000000745400000|  0%| F|  |TAMS 0x0000000745200000, 0x0000000745200000| Untracked 
|  28|0x0000000745400000, 0x0000000745400000, 0x0000000745600000|  0%| F|  |TAMS 0x0000000745400000, 0x0000000745400000| Untracked 
|  29|0x0000000745600000, 0x0000000745600000, 0x0000000745800000|  0%| F|  |TAMS 0x0000000745600000, 0x0000000745600000| Untracked 
|  30|0x0000000745800000, 0x0000000745800000, 0x0000000745a00000|  0%| F|  |TAMS 0x0000000745800000, 0x0000000745800000| Untracked 
|  31|0x0000000745a00000, 0x0000000745a00000, 0x0000000745c00000|  0%| F|  |TAMS 0x0000000745a00000, 0x0000000745a00000| Untracked 
|  32|0x0000000745c00000, 0x0000000745c00000, 0x0000000745e00000|  0%| F|  |TAMS 0x0000000745c00000, 0x0000000745c00000| Untracked 
|  33|0x0000000745e00000, 0x0000000745e00000, 0x0000000746000000|  0%| F|  |TAMS 0x0000000745e00000, 0x0000000745e00000| Untracked 
|  34|0x0000000746000000, 0x0000000746000000, 0x0000000746200000|  0%| F|  |TAMS 0x0000000746000000, 0x0000000746000000| Untracked 
|  35|0x0000000746200000, 0x0000000746200000, 0x0000000746400000|  0%| F|  |TAMS 0x0000000746200000, 0x0000000746200000| Untracked 
|  36|0x0000000746400000, 0x0000000746400000, 0x0000000746600000|  0%| F|  |TAMS 0x0000000746400000, 0x0000000746400000| Untracked 
|  37|0x0000000746600000, 0x0000000746600000, 0x0000000746800000|  0%| F|  |TAMS 0x0000000746600000, 0x0000000746600000| Untracked 
|  38|0x0000000746800000, 0x0000000746800000, 0x0000000746a00000|  0%| F|  |TAMS 0x0000000746800000, 0x0000000746800000| Untracked 
|  39|0x0000000746a00000, 0x0000000746a00000, 0x0000000746c00000|  0%| F|  |TAMS 0x0000000746a00000, 0x0000000746a00000| Untracked 
|  40|0x0000000746c00000, 0x0000000746c00000, 0x0000000746e00000|  0%| F|  |TAMS 0x0000000746c00000, 0x0000000746c00000| Untracked 
|  41|0x0000000746e00000, 0x0000000746e00000, 0x0000000747000000|  0%| F|  |TAMS 0x0000000746e00000, 0x0000000746e00000| Untracked 
|  42|0x0000000747000000, 0x0000000747000000, 0x0000000747200000|  0%| F|  |TAMS 0x0000000747000000, 0x0000000747000000| Untracked 
|  43|0x0000000747200000, 0x0000000747200000, 0x0000000747400000|  0%| F|  |TAMS 0x0000000747200000, 0x0000000747200000| Untracked 
|  44|0x0000000747400000, 0x0000000747400000, 0x0000000747600000|  0%| F|  |TAMS 0x0000000747400000, 0x0000000747400000| Untracked 
|  45|0x0000000747600000, 0x0000000747600000, 0x0000000747800000|  0%| F|  |TAMS 0x0000000747600000, 0x0000000747600000| Untracked 
|  46|0x0000000747800000, 0x0000000747800000, 0x0000000747a00000|  0%| F|  |TAMS 0x0000000747800000, 0x0000000747800000| Untracked 
|  47|0x0000000747a00000, 0x0000000747a00000, 0x0000000747c00000|  0%| F|  |TAMS 0x0000000747a00000, 0x0000000747a00000| Untracked 
|  48|0x0000000747c00000, 0x0000000747c00000, 0x0000000747e00000|  0%| F|  |TAMS 0x0000000747c00000, 0x0000000747c00000| Untracked 
|  49|0x0000000747e00000, 0x0000000747e00000, 0x0000000748000000|  0%| F|  |TAMS 0x0000000747e00000, 0x0000000747e00000| Untracked 
|  50|0x0000000748000000, 0x0000000748000000, 0x0000000748200000|  0%| F|  |TAMS 0x0000000748000000, 0x0000000748000000| Untracked 
|  51|0x0000000748200000, 0x0000000748200000, 0x0000000748400000|  0%| F|  |TAMS 0x0000000748200000, 0x0000000748200000| Untracked 
|  52|0x0000000748400000, 0x0000000748400000, 0x0000000748600000|  0%| F|  |TAMS 0x0000000748400000, 0x0000000748400000| Untracked 
|  53|0x0000000748600000, 0x0000000748600000, 0x0000000748800000|  0%| F|  |TAMS 0x0000000748600000, 0x0000000748600000| Untracked 
|  54|0x0000000748800000, 0x0000000748800000, 0x0000000748a00000|  0%| F|  |TAMS 0x0000000748800000, 0x0000000748800000| Untracked 
|  55|0x0000000748a00000, 0x0000000748a00000, 0x0000000748c00000|  0%| F|  |TAMS 0x0000000748a00000, 0x0000000748a00000| Untracked 
|  56|0x0000000748c00000, 0x0000000748c00000, 0x0000000748e00000|  0%| F|  |TAMS 0x0000000748c00000, 0x0000000748c00000| Untracked 
|  57|0x0000000748e00000, 0x0000000748e00000, 0x0000000749000000|  0%| F|  |TAMS 0x0000000748e00000, 0x0000000748e00000| Untracked 
|  58|0x0000000749000000, 0x0000000749000000, 0x0000000749200000|  0%| F|  |TAMS 0x0000000749000000, 0x0000000749000000| Untracked 
|  59|0x0000000749200000, 0x0000000749200000, 0x0000000749400000|  0%| F|  |TAMS 0x0000000749200000, 0x0000000749200000| Untracked 
|  60|0x0000000749400000, 0x0000000749400000, 0x0000000749600000|  0%| F|  |TAMS 0x0000000749400000, 0x0000000749400000| Untracked 
|  61|0x0000000749600000, 0x0000000749600000, 0x0000000749800000|  0%| F|  |TAMS 0x0000000749600000, 0x0000000749600000| Untracked 
|  62|0x0000000749800000, 0x0000000749800000, 0x0000000749a00000|  0%| F|  |TAMS 0x0000000749800000, 0x0000000749800000| Untracked 
|  63|0x0000000749a00000, 0x0000000749a00000, 0x0000000749c00000|  0%| F|  |TAMS 0x0000000749a00000, 0x0000000749a00000| Untracked 
|  64|0x0000000749c00000, 0x0000000749c00000, 0x0000000749e00000|  0%| F|  |TAMS 0x0000000749c00000, 0x0000000749c00000| Untracked 
|  65|0x0000000749e00000, 0x0000000749e00000, 0x000000074a000000|  0%| F|  |TAMS 0x0000000749e00000, 0x0000000749e00000| Untracked 
|  66|0x000000074a000000, 0x000000074a000000, 0x000000074a200000|  0%| F|  |TAMS 0x000000074a000000, 0x000000074a000000| Untracked 
|  67|0x000000074a200000, 0x000000074a200000, 0x000000074a400000|  0%| F|  |TAMS 0x000000074a200000, 0x000000074a200000| Untracked 
|  68|0x000000074a400000, 0x000000074a400000, 0x000000074a600000|  0%| F|  |TAMS 0x000000074a400000, 0x000000074a400000| Untracked 
|  69|0x000000074a600000, 0x000000074a600000, 0x000000074a800000|  0%| F|  |TAMS 0x000000074a600000, 0x000000074a600000| Untracked 
|  70|0x000000074a800000, 0x000000074a800000, 0x000000074aa00000|  0%| F|  |TAMS 0x000000074a800000, 0x000000074a800000| Untracked 
|  71|0x000000074aa00000, 0x000000074aa00000, 0x000000074ac00000|  0%| F|  |TAMS 0x000000074aa00000, 0x000000074aa00000| Untracked 
|  72|0x000000074ac00000, 0x000000074ac00000, 0x000000074ae00000|  0%| F|  |TAMS 0x000000074ac00000, 0x000000074ac00000| Untracked 
|  73|0x000000074ae00000, 0x000000074ae00000, 0x000000074b000000|  0%| F|  |TAMS 0x000000074ae00000, 0x000000074ae00000| Untracked 
|  74|0x000000074b000000, 0x000000074b000000, 0x000000074b200000|  0%| F|  |TAMS 0x000000074b000000, 0x000000074b000000| Untracked 
|  75|0x000000074b200000, 0x000000074b200000, 0x000000074b400000|  0%| F|  |TAMS 0x000000074b200000, 0x000000074b200000| Untracked 
|  76|0x000000074b400000, 0x000000074b400000, 0x000000074b600000|  0%| F|  |TAMS 0x000000074b400000, 0x000000074b400000| Untracked 
|  77|0x000000074b600000, 0x000000074b600000, 0x000000074b800000|  0%| F|  |TAMS 0x000000074b600000, 0x000000074b600000| Untracked 
|  78|0x000000074b800000, 0x000000074b800000, 0x000000074ba00000|  0%| F|  |TAMS 0x000000074b800000, 0x000000074b800000| Untracked 
|  79|0x000000074ba00000, 0x000000074ba00000, 0x000000074bc00000|  0%| F|  |TAMS 0x000000074ba00000, 0x000000074ba00000| Untracked 
|  80|0x000000074bc00000, 0x000000074bc00000, 0x000000074be00000|  0%| F|  |TAMS 0x000000074bc00000, 0x000000074bc00000| Untracked 
|  81|0x000000074be00000, 0x000000074be00000, 0x000000074c000000|  0%| F|  |TAMS 0x000000074be00000, 0x000000074be00000| Untracked 
|  82|0x000000074c000000, 0x000000074c000000, 0x000000074c200000|  0%| F|  |TAMS 0x000000074c000000, 0x000000074c000000| Untracked 
|  83|0x000000074c200000, 0x000000074c200000, 0x000000074c400000|  0%| F|  |TAMS 0x000000074c200000, 0x000000074c200000| Untracked 
|  84|0x000000074c400000, 0x000000074c400000, 0x000000074c600000|  0%| F|  |TAMS 0x000000074c400000, 0x000000074c400000| Untracked 
|  85|0x000000074c600000, 0x000000074c600000, 0x000000074c800000|  0%| F|  |TAMS 0x000000074c600000, 0x000000074c600000| Untracked 
|  86|0x000000074c800000, 0x000000074c800000, 0x000000074ca00000|  0%| F|  |TAMS 0x000000074c800000, 0x000000074c800000| Untracked 
|  87|0x000000074ca00000, 0x000000074ca00000, 0x000000074cc00000|  0%| F|  |TAMS 0x000000074ca00000, 0x000000074ca00000| Untracked 
|  88|0x000000074cc00000, 0x000000074cc00000, 0x000000074ce00000|  0%| F|  |TAMS 0x000000074cc00000, 0x000000074cc00000| Untracked 
|  89|0x000000074ce00000, 0x000000074ce00000, 0x000000074d000000|  0%| F|  |TAMS 0x000000074ce00000, 0x000000074ce00000| Untracked 
|  90|0x000000074d000000, 0x000000074d000000, 0x000000074d200000|  0%| F|  |TAMS 0x000000074d000000, 0x000000074d000000| Untracked 
|  91|0x000000074d200000, 0x000000074d200000, 0x000000074d400000|  0%| F|  |TAMS 0x000000074d200000, 0x000000074d200000| Untracked 
|  92|0x000000074d400000, 0x000000074d400000, 0x000000074d600000|  0%| F|  |TAMS 0x000000074d400000, 0x000000074d400000| Untracked 
|  93|0x000000074d600000, 0x000000074d600000, 0x000000074d800000|  0%| F|  |TAMS 0x000000074d600000, 0x000000074d600000| Untracked 
|  94|0x000000074d800000, 0x000000074d887800, 0x000000074da00000| 26%| E|  |TAMS 0x000000074d800000, 0x000000074d800000| Complete 
|  95|0x000000074da00000, 0x000000074dc00000, 0x000000074dc00000|100%| E|CS|TAMS 0x000000074da00000, 0x000000074da00000| Complete 

Card table byte_map: [0x00000230fc7d0000,0x00000230fcdd0000] _byte_map_base: 0x00000230f8dc2000

Marking Bits (Prev, Next): (CMBitMap*) 0x00000230e57679e0, (CMBitMap*) 0x00000230e5767a20
 Prev Bits: [0x0000023080000000, 0x0000023082f90000)
 Next Bits: [0x0000023082f90000, 0x0000023085f20000)

Polling page: 0x00000230e4f00000

Metaspace:

Usage:
  Non-class:      6.31 MB used.
      Class:    601.73 KB used.
       Both:      6.90 MB used.

Virtual space:
  Non-class space:        8.00 MB reserved,       6.31 MB ( 79%) committed,  1 nodes.
      Class space:        1.00 GB reserved,     640.00 KB ( <1%) committed,  1 nodes.
              Both:        1.01 GB reserved,       6.94 MB ( <1%) committed. 

Chunk freelists:
   Non-Class:  1.00 MB
       Class:  3.25 MB
        Both:  4.25 MB

MaxMetaspaceSize: 17179869184.00 GB
CompressedClassSpaceSize: 1.00 GB
 - commit_granule_bytes: 65536.
 - commit_granule_words: 8192.
 - virtual_space_node_default_size: 1048576.
 - enlarge_chunks_in_place: 1.
 - new_chunks_are_fully_committed: 0.
 - uncommit_free_chunks: 1.
 - use_allocation_guard: 0.
 - handle_deallocations: 1.


Internal statistics:

num_allocs_failed_limit: 0.
num_arena_births: 6.
num_arena_deaths: 0.
num_vsnodes_births: 2.
num_vsnodes_deaths: 0.
num_space_committed: 111.
num_space_uncommitted: 0.
num_chunks_returned_to_freelist: 0.
num_chunks_taken_from_freelist: 25.
num_chunk_merges: 0.
num_chunk_splits: 7.
num_chunks_enlarged: 3.
num_purges: 0.

CodeHeap 'non-profiled nmethods': size=120000Kb used=46Kb max_used=46Kb free=119954Kb
 bounds [0x00000230f4970000, 0x00000230f4be0000, 0x00000230fbea0000]
CodeHeap 'profiled nmethods': size=120000Kb used=180Kb max_used=180Kb free=119819Kb
 bounds [0x00000230ed440000, 0x00000230ed6b0000, 0x00000230f4970000]
CodeHeap 'non-nmethods': size=5760Kb used=1102Kb max_used=1117Kb free=4657Kb
 bounds [0x00000230ecea0000, 0x00000230ed110000, 0x00000230ed440000]
 total_blobs=534 nmethods=162 adapters=285
 compilation: enabled
              stopped_count=0, restarted_count=0
 full_count=0

Compilation events (20 events):
Event: 0.640 Thread 0x0000023086897aa0 nmethod 149 0x00000230ed46a210 code [0x00000230ed46a4e0, 0x00000230ed46b138]
Event: 0.640 Thread 0x0000023086897aa0  148       3       jdk.internal.org.objectweb.asm.SymbolTable::get (13 bytes)
Event: 0.640 Thread 0x0000023086897aa0 nmethod 148 0x00000230ed46b390 code [0x00000230ed46b520, 0x00000230ed46b678]
Event: 0.640 Thread 0x0000023086897aa0  151       1       java.lang.invoke.MemberName::getDeclaringClass (5 bytes)
Event: 0.640 Thread 0x0000023086897aa0 nmethod 151 0x00000230f497a290 code [0x00000230f497a420, 0x00000230f497a4f8]
Event: 0.640 Thread 0x0000023086897aa0  154       1       java.nio.Buffer::position (5 bytes)
Event: 0.640 Thread 0x0000023086897aa0 nmethod 154 0x00000230f497a590 code [0x00000230f497a720, 0x00000230f497a7f8]
Event: 0.640 Thread 0x0000023086897aa0  155       3       java.lang.invoke.MemberName::testFlags (16 bytes)
Event: 0.640 Thread 0x0000023086897aa0 nmethod 155 0x00000230ed46b790 code [0x00000230ed46b920, 0x00000230ed46ba98]
Event: 0.640 Thread 0x0000023086897aa0  157       3       java.lang.System::getSecurityManager (12 bytes)
Event: 0.640 Thread 0x0000023086897aa0 nmethod 157 0x00000230ed46bb10 code [0x00000230ed46bcc0, 0x00000230ed46be58]
Event: 0.640 Thread 0x0000023086897aa0  158       3       java.lang.System::allowSecurityManager (13 bytes)
Event: 0.641 Thread 0x0000023086897aa0 nmethod 158 0x00000230ed46bf10 code [0x00000230ed46c0a0, 0x00000230ed46c1b8]
Event: 0.641 Thread 0x0000023086897aa0  156       3       java.lang.invoke.MethodType::checkPtype (19 bytes)
Event: 0.641 Thread 0x0000023086897aa0 nmethod 156 0x00000230ed46c210 code [0x00000230ed46c3e0, 0x00000230ed46c798]
Event: 0.642 Thread 0x000002308687a0a0 nmethod 147 0x00000230f497a890 code [0x00000230f497aa20, 0x00000230f497ac98]
Event: 0.643 Thread 0x0000023086897aa0  159       1       java.lang.module.ModuleDescriptor::isOpen (5 bytes)
Event: 0.643 Thread 0x0000023086897aa0 nmethod 159 0x00000230f497b510 code [0x00000230f497b6a0, 0x00000230f497b778]
Event: 0.643 Thread 0x0000023086897aa0  162       3       java.lang.invoke.MethodType$ConcurrentWeakInternSet::expungeStaleElements (27 bytes)
Event: 0.644 Thread 0x0000023086897aa0 nmethod 162 0x00000230ed46c910 code [0x00000230ed46cb00, 0x00000230ed46d038]

GC Heap History (0 events):
No events

Deoptimization events (0 events):
No events

Classes unloaded (0 events):
No events

Classes redefined (0 events):
No events

Internal exceptions (2 events):
Event: 0.477 Thread 0x00000230e57203a0 Exception <a 'java/lang/NoSuchMethodError'{0x000000074db3a4c0}: 'void java.lang.invoke.DirectMethodHandle$Holder.invokeSpecial(java.lang.Object, java.lang.Object, java.lang.Object)'> (0x000000074db3a4c0) 
thrown [t:\workspace\open\src\hotspot\share\interpreter\linkResolver.cpp, line 790]
Event: 0.631 Thread 0x00000230e57203a0 Exception <a 'java/lang/ClassNotFoundException'{0x000000074d8377b0}: sun/awt/resources/spi/awtProvider> (0x000000074d8377b0) 
thrown [t:\workspace\open\src\hotspot\share\classfile\systemDictionary.cpp, line 256]

Events (20 events):
Event: 0.638 loading class sun/awt/resources/awt_en
Event: 0.638 loading class sun/awt/resources/awt_en done
Event: 0.639 loading class sun/awt/resources/awt_en
Event: 0.639 loading class sun/awt/resources/awt_en done
Event: 0.639 loading class jdk/internal/module/Checks
Event: 0.640 loading class jdk/internal/module/Checks done
Event: 0.640 loading class sun/awt/resources/awt_en_US
Event: 0.640 loading class sun/awt/resources/awt_en_US done
Event: 0.641 loading class sun/awt/resources/awt_en_US
Event: 0.641 loading class sun/awt/resources/awt_en_US done
Event: 0.641 loading class java/awt/Toolkit$2
Event: 0.641 loading class java/awt/Toolkit$2 done
Event: 0.643 Loaded shared library C:\Program Files\Java\jdk-16.0.1\bin\awt.dll
Event: 0.643 loading class java/awt/Toolkit$1
Event: 0.643 loading class java/awt/Toolkit$1 done
Event: 0.643 loading class java/lang/invoke/MethodHandleImpl$AsVarargsCollector
Event: 0.644 loading class java/lang/invoke/DelegatingMethodHandle
Event: 0.645 loading class java/lang/invoke/DelegatingMethodHandle done
Event: 0.645 loading class java/lang/invoke/MethodHandleImpl$AsVarargsCollector done
Event: 0.645 loading class java/lang/invoke/DelegatingMethodHandle$Holder


Dynamic libraries:
0x00007ff65ec80000 - 0x00007ff65ec90000 	C:\Program Files\Java\jdk-16.0.1\bin\java.exe
0x00007ff9c73e0000 - 0x00007ff9c75e9000 	C:\WINDOWS\SYSTEM32\ntdll.dll
0x00007ff9c5770000 - 0x00007ff9c582d000 	C:\WINDOWS\System32\KERNEL32.DLL
0x00007ff9c4b40000 - 0x00007ff9c4ebb000 	C:\WINDOWS\System32\KERNELBASE.dll
0x00007ff9c48b0000 - 0x00007ff9c49c1000 	C:\WINDOWS\System32\ucrtbase.dll
0x00007ff9ba2b0000 - 0x00007ff9ba2c9000 	C:\Program Files\Java\jdk-16.0.1\bin\VCRUNTIME140.dll
0x00007ff9ada30000 - 0x00007ff9ada48000 	C:\Program Files\Java\jdk-16.0.1\bin\jli.dll
0x00007ff9c6430000 - 0x00007ff9c64de000 	C:\WINDOWS\System32\ADVAPI32.dll
0x00007ff9c5af0000 - 0x00007ff9c5b93000 	C:\WINDOWS\System32\msvcrt.dll
0x00007ff9c7240000 - 0x00007ff9c72de000 	C:\WINDOWS\System32\sechost.dll
0x00007ff9c5650000 - 0x00007ff9c5770000 	C:\WINDOWS\System32\RPCRT4.dll
0x00007ff9c5e30000 - 0x00007ff9c5fdd000 	C:\WINDOWS\System32\USER32.dll
0x00007ff9c4b10000 - 0x00007ff9c4b36000 	C:\WINDOWS\System32\win32u.dll
0x00007ff9b8650000 - 0x00007ff9b88f5000 	C:\WINDOWS\WinSxS\amd64_microsoft.windows.common-controls_6595b64144ccf1df_6.0.22000.120_none_9d947278b86cc467\COMCTL32.dll
0x00007ff9c59d0000 - 0x00007ff9c59f9000 	C:\WINDOWS\System32\GDI32.dll
0x00007ff9c5030000 - 0x00007ff9c5148000 	C:\WINDOWS\System32\gdi32full.dll
0x00007ff9c5150000 - 0x00007ff9c51ed000 	C:\WINDOWS\System32\msvcp_win.dll
0x00007ff9bc830000 - 0x00007ff9bc83a000 	C:\WINDOWS\SYSTEM32\VERSION.dll
0x00007ff9c6000000 - 0x00007ff9c6031000 	C:\WINDOWS\System32\IMM32.DLL
0x00007ff9ba2a0000 - 0x00007ff9ba2ac000 	C:\Program Files\Java\jdk-16.0.1\bin\vcruntime140_1.dll
0x00007ff9abf70000 - 0x00007ff9ac001000 	C:\Program Files\Java\jdk-16.0.1\bin\msvcp140.dll
0x00007ff9a1070000 - 0x00007ff9a1c1b000 	C:\Program Files\Java\jdk-16.0.1\bin\server\jvm.dll
0x00007ff9c5db0000 - 0x00007ff9c5db8000 	C:\WINDOWS\System32\PSAPI.DLL
0x00007ff9be120000 - 0x00007ff9be153000 	C:\WINDOWS\SYSTEM32\WINMM.dll
0x00007ff9ad7b0000 - 0x00007ff9ad7b9000 	C:\WINDOWS\SYSTEM32\WSOCK32.dll
0x00007ff9c71c0000 - 0x00007ff9c722f000 	C:\WINDOWS\System32\WS2_32.dll
0x00007ff9c3a20000 - 0x00007ff9c3a38000 	C:\WINDOWS\SYSTEM32\kernel.appcore.dll
0x00007ff9b9e00000 - 0x00007ff9b9e0a000 	C:\Program Files\Java\jdk-16.0.1\bin\jimage.dll
0x00007ff9c2400000 - 0x00007ff9c2621000 	C:\WINDOWS\SYSTEM32\DBGHELP.DLL
0x00007ff9bc180000 - 0x00007ff9bc1b1000 	C:\WINDOWS\SYSTEM32\dbgcore.DLL
0x00007ff9c49d0000 - 0x00007ff9c4a4f000 	C:\WINDOWS\System32\bcryptPrimitives.dll
0x00007ff9ad9a0000 - 0x00007ff9ad9c5000 	C:\Program Files\Java\jdk-16.0.1\bin\java.dll
0x00007ff9c6a00000 - 0x00007ff9c71b8000 	C:\WINDOWS\System32\SHELL32.dll
0x00007ff9c2aa0000 - 0x00007ff9c3305000 	C:\WINDOWS\SYSTEM32\windows.storage.dll
0x00007ff9c6040000 - 0x00007ff9c63b7000 	C:\WINDOWS\System32\combase.dll
0x00007ff9c2930000 - 0x00007ff9c2a96000 	C:\WINDOWS\SYSTEM32\wintypes.dll
0x00007ff9c5ba0000 - 0x00007ff9c5c8a000 	C:\WINDOWS\System32\SHCORE.dll
0x00007ff9c5dd0000 - 0x00007ff9c5e2d000 	C:\WINDOWS\System32\shlwapi.dll
0x00007ff9c47e0000 - 0x00007ff9c4801000 	C:\WINDOWS\SYSTEM32\profapi.dll
0x00007ff9ad6e0000 - 0x00007ff9ad6f9000 	C:\Program Files\Java\jdk-16.0.1\bin\net.dll
0x00007ff9bd2c0000 - 0x00007ff9bd3cc000 	C:\WINDOWS\SYSTEM32\WINHTTP.dll
0x00007ff9c3ec0000 - 0x00007ff9c3f27000 	C:\WINDOWS\system32\mswsock.dll
0x00007ff9ad160000 - 0x00007ff9ad173000 	C:\Program Files\Java\jdk-16.0.1\bin\nio.dll
0x00007ff9ace70000 - 0x00007ff9ace88000 	C:\Program Files\Java\jdk-16.0.1\bin\zip.dll
0x00007ff9aae90000 - 0x00007ff9ab010000 	C:\Program Files\Java\jdk-16.0.1\bin\awt.dll
0x00007ff9c53b0000 - 0x00007ff9c5486000 	C:\WINDOWS\System32\OLEAUT32.dll
0x00007ff9c1a70000 - 0x00007ff9c1b02000 	C:\WINDOWS\SYSTEM32\apphelp.dll

dbghelp: loaded successfully - version: 4.0.5 - missing functions: none
symbol engine: initialized successfully - sym options: 0x614 - pdb path: .;C:\Program Files\Java\jdk-16.0.1\bin;C:\WINDOWS\SYSTEM32;C:\WINDOWS\WinSxS\amd64_microsoft.windows.common-controls_6595b64144ccf1df_6.0.22000.120_none_9d947278b86cc467;C:\Program Files\Java\jdk-16.0.1\bin\server

VM Arguments:
java_command: GUI.user.ManHinhDangNhap
java_class_path (initial): C:\Users\ADMIN\Desktop\3119410029\Netbeans\LTM\target\classes;C:\Users\ADMIN\.m2\repository\com\mysql\mysql-connector-j\8.0.31\mysql-connector-j-8.0.31.jar;C:\Users\ADMIN\.m2\repository\com\google\protobuf\protobuf-java\3.19.4\protobuf-java-3.19.4.jar;C:\Users\ADMIN\.m2\repository\com\google\code\gson\gson\2.10\gson-2.10.jar;C:\Users\ADMIN\.m2\repository\org\jsoup\jsoup\1.15.3\jsoup-1.15.3.jar;C:\Users\ADMIN\.m2\repository\org\json\json\20220924\json-20220924.jar;C:\Users\ADMIN\.m2\repository\javax\mail\mail\1.5.0-b01\mail-1.5.0-b01.jar;C:\Users\ADMIN\.m2\repository\javax\activation\activation\1.1\activation-1.1.jar
Launcher Type: SUN_STANDARD

[Global flags]
     intx CICompilerCount                          = 4                                         {product} {ergonomic}
     uint ConcGCThreads                            = 2                                         {product} {ergonomic}
     uint G1ConcRefinementThreads                  = 8                                         {product} {ergonomic}
   size_t G1HeapRegionSize                         = 2097152                                   {product} {ergonomic}
    uintx GCDrainStackTargetSize                   = 64                                        {product} {ergonomic}
   size_t InitialHeapSize                          = 201326592                                 {product} {ergonomic}
   size_t MarkStackSize                            = 4194304                                   {product} {ergonomic}
   size_t MaxHeapSize                              = 3191865344                                {product} {ergonomic}
   size_t MaxNewSize                               = 1914699776                                {product} {ergonomic}
   size_t MinHeapDeltaBytes                        = 2097152                                   {product} {ergonomic}
   size_t MinHeapSize                              = 8388608                                   {product} {ergonomic}
    uintx NonNMethodCodeHeapSize                   = 5839372                                {pd product} {ergonomic}
    uintx NonProfiledCodeHeapSize                  = 122909434                              {pd product} {ergonomic}
    uintx ProfiledCodeHeapSize                     = 122909434                              {pd product} {ergonomic}
    uintx ReservedCodeCacheSize                    = 251658240                              {pd product} {ergonomic}
     bool SegmentedCodeCache                       = true                                      {product} {ergonomic}
   size_t SoftMaxHeapSize                          = 3191865344                             {manageable} {ergonomic}
     bool UseCompressedClassPointers               = true                           {product lp64_product} {ergonomic}
     bool UseCompressedOops                        = true                           {product lp64_product} {ergonomic}
     bool UseG1GC                                  = true                                      {product} {ergonomic}
     bool UseLargePagesIndividualAllocation        = false                                  {pd product} {ergonomic}

Logging:
Log output configuration:
 #0: stdout all=warning uptime,level,tags
 #1: stderr all=off uptime,level,tags

Environment Variables:
JAVA_HOME=C:\Program Files\Java\jdk-16.0.1
PATH=C:\Oracle\bin;C:\Program Files (x86)\Common Files\Oracle\Java\javapath;C:\MinGW\bin;C:\Program Files (x86)\VMware\VMware Workstation\bin\;C:\Program Files (x86)\Intel\iCLS Client\;C:\Program Files\Intel\iCLS Client\;C:\Windows\system32;C:\Windows;C:\Windows\System32\Wbem;C:\Windows\System32\WindowsPowerShell\v1.0\;C:\Program Files (x86)\Intel\Intel(R) Management Engine Components\DAL;C:\Program Files\Intel\Intel(R) Management Engine Components\DAL;C:\Program Files (x86)\Intel\Intel(R) Management Engine Components\IPT;C:\Program Files\Intel\Intel(R) Management Engine Components\IPT;C:\Program Files (x86)\NVIDIA Corporation\PhysX\Common;C:\WINDOWS\system32;C:\WINDOWS;C:\WINDOWS\System32\Wbem;C:\WINDOWS\System32\WindowsPowerShell\v1.0\;C:\WINDOWS\System32\OpenSSH\;C:\Program Files\Intel\WiFi\bin\;C:\Program Files\Common Files\Intel\WirelessCommon\;C:\Program Files (x86)\mingw-w64\i686-8.1.0-posix-dwarf-rt_v6-rev0\mingw32\bin;C:\Program Files\Microsoft SQL Server\Client SDK\ODBC\170\Tools\Binn\;C:\Program Files (x86)\Microsoft SQL Server\150\Tools\Binn\;C:\Program Files\Microsoft SQL Server\150\Tools\Binn\;C:\Program Files\Microsoft SQL Server\150\DTS\Binn\;C:\Program Files\Azure Data Studio\bin;C:\Program Files (x86)\Microsoft SQL Server\150\DTS\Binn\;C:\Program Files\Git\cmd;C:\Program Files\Microsoft SQL Server\130\Tools\Binn\;C:\Program Files\PuTTY\;C:\ProgramData\ComposerSetup\bin;C:\Program Files\dotnet\;C:\Program Files\nodejs\;C:\Program Files\Microsoft SQL Server Migration Assistant for MySQL\bin\;C:\Program Files\Calibre2\;C:\Users\ADMIN\scoop\shims;C:\Users\ADMIN\AppData\Local\Programs\Python\Python39\Scripts\;C:\Users\ADMIN\AppData\Local\Programs\Python\Python39\;C:\Users\ADMIN\AppData\Local\Microsoft\WindowsApps;C:\Users\ADMIN\AppData\Local\Programs\Microsoft VS Code\bin;C:\Users\ADMIN\AppData\Roaming\Dashlane\6.2011.0.33406\bin\Firefox_Extension\{442718d9-475e-452a-b3e1-fb1ee16b8e9f}\components;C:\Users\ADMIN\AppData\Roaming\Dashlane\6.2011.0.33406\ucrt;
USERNAME=ADMIN
OS=Windows_NT
PROCESSOR_IDENTIFIER=Intel64 Family 6 Model 142 Stepping 10, GenuineIntel



---------------  S Y S T E M  ---------------

OS:
 Windows 10 , 64 bit Build 22000 (10.0.22000.708)
OS uptime: 1 days 7:38 hours

CPU: total 8 (initial active 8) (4 cores per cpu, 2 threads per core) family 6 model 142 stepping 10 microcode 0xe0, cx8, cmov, fxsr, ht, mmx, 3dnowpref, sse, sse2, sse3, ssse3, sse4.1, sse4.2, popcnt, lzcnt, tsc, tscinvbit, avx, avx2, aes, erms, clmul, bmi1, bmi2, adx, fma, vzeroupper, clflush, clflushopt

Memory: 4k page, system-wide physical 12174M (3340M free)
TotalPageFile size 16270M (AvailPageFile size 3M)
current process WorkingSet (physical memory assigned to process): 33M, peak: 33M
current process commit charge ("private bytes"): 273M, peak: 273M

vm_info: Java HotSpot(TM) 64-Bit Server VM (16.0.1+9-24) for windows-amd64 JRE (16.0.1+9-24), built on Mar 26 2021 19:31:42 by "mach5one" with MS VC++ 16.7 (VS2019)

END.
