#
# There is insufficient memory for the Java Runtime Environment to continue.
# Native memory allocation (mmap) failed to map 65536 bytes for Failed to commit metaspace.
# Possible reasons:
#   The system is out of physical RAM or swap space
#   The process is running with CompressedOops enabled, and the Java Heap may be blocking the growth of the native heap
# Possible solutions:
#   Reduce memory load on the system
#   Increase physical memory or swap space
#   Check if swap backing store is full
#   Decrease Java heap size (-Xmx/-Xms)
#   Decrease number of Java threads
#   Decrease Java thread stack sizes (-Xss)
#   Set larger code cache with -XX:ReservedCodeCacheSize=
#   JVM is running with Zero Based Compressed Oops mode in which the Java heap is
#     placed in the first 32GB address space. The Java Heap base address is the
#     maximum limit for the native heap growth. Please use -XX:HeapBaseMinAddress
#     to set the Java Heap base and to place the Java Heap above 32GB virtual address.
# This output file may be truncated or incomplete.
#
#  Out of Memory Error (virtualSpaceNode.cpp:108), pid=14876, tid=7872
#
# JRE version: Java(TM) SE Runtime Environment (16.0.1+9) (build 16.0.1+9-24)
# Java VM: Java HotSpot(TM) 64-Bit Server VM (16.0.1+9-24, mixed mode, sharing, tiered, compressed oops, compressed class ptrs, g1 gc, windows-amd64)
# No core dump will be written. Minidumps are not enabled by default on client versions of Windows
#

---------------  S U M M A R Y ------------

Command Line: GUI.user.ManHinhDangNhap

Host: Intel(R) Core(TM) i5-8250U CPU @ 1.60GHz, 8 cores, 11G,  Windows 10 , 64 bit Build 22000 (10.0.22000.708)
Time: Wed Dec  7 17:41:40 2022 SE Asia Standard Time elapsed time: 0.452562 seconds (0d 0h 0m 0s)

---------------  T H R E A D  ---------------

Current thread (0x0000020920b741f0):  JavaThread "AWT-EventQueue-0" [_thread_in_vm, id=7872, stack(0x0000005fc2400000,0x0000005fc2500000)]

Stack: [0x0000005fc2400000,0x0000005fc2500000]
Native frames: (J=compiled Java code, j=interpreted, Vv=VM code, C=native code)
V  [jvm.dll+0x6687ca]
V  [jvm.dll+0x7ca3c9]
V  [jvm.dll+0x7cbb53]
V  [jvm.dll+0x7cc1b3]
V  [jvm.dll+0x242ea5]
V  [jvm.dll+0x7c6a4b]
V  [jvm.dll+0x60e436]
V  [jvm.dll+0x60e49a]
V  [jvm.dll+0x610aca]
V  [jvm.dll+0x60ed31]
V  [jvm.dll+0x2372ef]
V  [jvm.dll+0x6193b5]
V  [jvm.dll+0x1e9a52]
V  [jvm.dll+0x1e9f85]
V  [jvm.dll+0x1eab0f]
V  [jvm.dll+0x1df8a1]
V  [jvm.dll+0x536728]
V  [jvm.dll+0x1f0fa2]
V  [jvm.dll+0x741e03]
V  [jvm.dll+0x7436a8]
V  [jvm.dll+0x7439d3]
V  [jvm.dll+0x23ad74]
V  [jvm.dll+0x3690f9]
V  [jvm.dll+0x3665eb]
V  [jvm.dll+0x6b326e]
V  [jvm.dll+0x55246b]
V  [jvm.dll+0x5542c4]
V  [jvm.dll+0x554738]
V  [jvm.dll+0x379b7e]
V  [jvm.dll+0x379612]
C  0x00000209076b957e

Java frames: (J=compiled Java code, j=interpreted, Vv=VM code)
j  sun.security.ssl.NamedGroup$NamedGroupSpec.<clinit>()V+9 java.base@16.0.1
v  ~StubRoutines::call_stub
j  sun.security.ssl.CipherSuite$KeyExchange.<clinit>()V+17 java.base@16.0.1
v  ~StubRoutines::call_stub
j  sun.security.ssl.CipherSuite.<clinit>()V+111 java.base@16.0.1
v  ~StubRoutines::call_stub
j  sun.security.ssl.SSLContextImpl.getApplicableSupportedCipherSuites(Ljava/util/List;)Ljava/util/List;+0 java.base@16.0.1
j  sun.security.ssl.SSLContextImpl$AbstractTLSContext.<clinit>()V+84 java.base@16.0.1
v  ~StubRoutines::call_stub
j  java.lang.Class.forName0(Ljava/lang/String;ZLjava/lang/ClassLoader;Ljava/lang/Class;)Ljava/lang/Class;+0 java.base@16.0.1
j  java.lang.Class.forName(Ljava/lang/String;)Ljava/lang/Class;+11 java.base@16.0.1
j  java.security.Provider$Service.getImplClass()Ljava/lang/Class;+44 java.base@16.0.1
j  java.security.Provider$Service.newInstance(Ljava/lang/Object;)Ljava/lang/Object;+236 java.base@16.0.1
j  sun.security.jca.GetInstance.getInstance(Ljava/security/Provider$Service;Ljava/lang/Class;)Lsun/security/jca/GetInstance$Instance;+2 java.base@16.0.1
j  sun.security.jca.GetInstance.getInstance(Ljava/lang/String;Ljava/lang/Class;Ljava/lang/String;)Lsun/security/jca/GetInstance$Instance;+56 java.base@16.0.1
j  javax.net.ssl.SSLContext.getInstance(Ljava/lang/String;)Ljavax/net/ssl/SSLContext;+12 java.base@16.0.1
j  javax.net.ssl.SSLContext.getDefault()Ljavax/net/ssl/SSLContext;+10 java.base@16.0.1
j  javax.net.ssl.SSLSocketFactory.getDefault()Ljavax/net/SocketFactory;+10 java.base@16.0.1
j  javax.net.ssl.HttpsURLConnection.getDefaultSSLSocketFactory()Ljavax/net/ssl/SSLSocketFactory;+6 java.base@16.0.1
j  javax.net.ssl.HttpsURLConnection.<init>(Ljava/net/URL;)V+13 java.base@16.0.1
j  sun.net.www.protocol.https.HttpsURLConnectionImpl.<init>(Ljava/net/URL;Ljava/net/Proxy;Lsun/net/www/protocol/https/Handler;)V+5 java.base@16.0.1
j  sun.net.www.protocol.https.Handler.openConnection(Ljava/net/URL;Ljava/net/Proxy;)Ljava/net/URLConnection;+7 java.base@16.0.1
j  sun.net.www.protocol.https.Handler.openConnection(Ljava/net/URL;)Ljava/net/URLConnection;+6 java.base@16.0.1
j  java.net.URL.openConnection()Ljava/net/URLConnection;+5 java.base@16.0.1
j  org.jsoup.helper.HttpConnection$Response.createConnection(Lorg/jsoup/helper/HttpConnection$Request;)Ljava/net/HttpURLConnection;+13
j  org.jsoup.helper.HttpConnection$Response.execute(Lorg/jsoup/helper/HttpConnection$Request;Lorg/jsoup/helper/HttpConnection$Response;)Lorg/jsoup/helper/HttpConnection$Response;+183
j  org.jsoup.helper.HttpConnection$Response.execute(Lorg/jsoup/helper/HttpConnection$Request;)Lorg/jsoup/helper/HttpConnection$Response;+2
j  org.jsoup.helper.HttpConnection.execute()Lorg/jsoup/Connection$Response;+5
j  GUI.user.ManHinhDangNhap.<init>()V+69
j  GUI.user.ManHinhDangNhap$5.run()V+4
j  java.awt.event.InvocationEvent.dispatch()V+47 java.desktop@16.0.1
j  java.awt.EventQueue.dispatchEventImpl(Ljava/awt/AWTEvent;Ljava/lang/Object;)V+21 java.desktop@16.0.1
j  java.awt.EventQueue$4.run()Ljava/lang/Void;+32 java.desktop@16.0.1
j  java.awt.EventQueue$4.run()Ljava/lang/Object;+1 java.desktop@16.0.1
j  java.security.AccessController.executePrivileged(Ljava/security/PrivilegedAction;Ljava/security/AccessControlContext;Ljava/lang/Class;)Ljava/lang/Object;+29 java.base@16.0.1
j  java.security.AccessController.doPrivileged(Ljava/security/PrivilegedAction;Ljava/security/AccessControlContext;)Ljava/lang/Object;+13 java.base@16.0.1
j  java.security.ProtectionDomain$JavaSecurityAccessImpl.doIntersectionPrivilege(Ljava/security/PrivilegedAction;Ljava/security/AccessControlContext;Ljava/security/AccessControlContext;)Ljava/lang/Object;+18 java.base@16.0.1
j  java.awt.EventQueue.dispatchEvent(Ljava/awt/AWTEvent;)V+46 java.desktop@16.0.1
j  java.awt.EventDispatchThread.pumpOneEventForFilters(I)V+78 java.desktop@16.0.1
j  java.awt.EventDispatchThread.pumpEventsForFilter(ILjava/awt/Conditional;Ljava/awt/EventFilter;)V+35 java.desktop@16.0.1
j  java.awt.EventDispatchThread.pumpEventsForHierarchy(ILjava/awt/Conditional;Ljava/awt/Component;)V+11 java.desktop@16.0.1
j  java.awt.EventDispatchThread.pumpEvents(ILjava/awt/Conditional;)V+4 java.desktop@16.0.1
j  java.awt.EventDispatchThread.pumpEvents(Ljava/awt/Conditional;)V+3 java.desktop@16.0.1
j  java.awt.EventDispatchThread.run()V+9 java.desktop@16.0.1
v  ~StubRoutines::call_stub

---------------  P R O C E S S  ---------------

Threads class SMR info:
_java_thread_list=0x00000209218327f0, length=17, elements={
0x000002091fda13c0, 0x000002091fda1fc0, 0x000002091fdb80f0, 0x000002091fdb8a00,
0x000002091fdb9400, 0x000002091fdbda30, 0x000002091fdd37d0, 0x000002091fdc8a40,
0x000002091fdca490, 0x000002092092c720, 0x000002092092f310, 0x0000020920b81a00,
0x0000020920b822b0, 0x0000020920b827d0, 0x0000020920b741f0, 0x000002097d7a1b80,
0x0000020921829480
}

Java Threads: ( => current thread )
  0x000002091fda13c0 JavaThread "Reference Handler" daemon [_thread_blocked, id=12760, stack(0x0000005fc1500000,0x0000005fc1600000)]
  0x000002091fda1fc0 JavaThread "Finalizer" daemon [_thread_blocked, id=10344, stack(0x0000005fc1600000,0x0000005fc1700000)]
  0x000002091fdb80f0 JavaThread "Signal Dispatcher" daemon [_thread_blocked, id=8220, stack(0x0000005fc1700000,0x0000005fc1800000)]
  0x000002091fdb8a00 JavaThread "Attach Listener" daemon [_thread_blocked, id=16344, stack(0x0000005fc1800000,0x0000005fc1900000)]
  0x000002091fdb9400 JavaThread "Service Thread" daemon [_thread_blocked, id=6968, stack(0x0000005fc1900000,0x0000005fc1a00000)]
  0x000002091fdbda30 JavaThread "Monitor Deflation Thread" daemon [_thread_blocked, id=11896, stack(0x0000005fc1a00000,0x0000005fc1b00000)]
  0x000002091fdd37d0 JavaThread "C2 CompilerThread0" daemon [_thread_blocked, id=12708, stack(0x0000005fc1b00000,0x0000005fc1c00000)]
  0x000002091fdc8a40 JavaThread "C1 CompilerThread0" daemon [_thread_blocked, id=15128, stack(0x0000005fc1c00000,0x0000005fc1d00000)]
  0x000002091fdca490 JavaThread "Sweeper thread" daemon [_thread_blocked, id=3116, stack(0x0000005fc1d00000,0x0000005fc1e00000)]
  0x000002092092c720 JavaThread "Notification Thread" daemon [_thread_blocked, id=3960, stack(0x0000005fc1e00000,0x0000005fc1f00000)]
  0x000002092092f310 JavaThread "Common-Cleaner" daemon [_thread_blocked, id=8160, stack(0x0000005fc2000000,0x0000005fc2100000)]
  0x0000020920b81a00 JavaThread "Java2D Disposer" daemon [_thread_blocked, id=14908, stack(0x0000005fc2100000,0x0000005fc2200000)]
  0x0000020920b822b0 JavaThread "AWT-Shutdown" [_thread_blocked, id=12524, stack(0x0000005fc2200000,0x0000005fc2300000)]
  0x0000020920b827d0 JavaThread "AWT-Windows" daemon [_thread_in_native, id=5756, stack(0x0000005fc2300000,0x0000005fc2400000)]
=>0x0000020920b741f0 JavaThread "AWT-EventQueue-0" [_thread_in_vm, id=7872, stack(0x0000005fc2400000,0x0000005fc2500000)]
  0x000002097d7a1b80 JavaThread "DestroyJavaVM" [_thread_blocked, id=11864, stack(0x0000005fc0e00000,0x0000005fc0f00000)]
  0x0000020921829480 JavaThread "C2 CompilerThread1" daemon [_thread_blocked, id=6936, stack(0x0000005fc2800000,0x0000005fc2900000)]

Other Threads:
  0x000002091fd9b820 VMThread "VM Thread" [stack: 0x0000005fc1400000,0x0000005fc1500000] [id=4840]
  0x000002092092e460 WatcherThread [stack: 0x0000005fc1f00000,0x0000005fc2000000] [id=2732]
  0x000002097d7e7400 GCTaskThread "GC Thread#0" [stack: 0x0000005fc0f00000,0x0000005fc1000000] [id=4928]
  0x000002097d7f53f0 ConcurrentGCThread "G1 Main Marker" [stack: 0x0000005fc1000000,0x0000005fc1100000] [id=15760]
  0x000002097d7f6600 ConcurrentGCThread "G1 Conc#0" [stack: 0x0000005fc1100000,0x0000005fc1200000] [id=10968]
  0x000002097d86bc60 ConcurrentGCThread "G1 Refine#0" [stack: 0x0000005fc1200000,0x0000005fc1300000] [id=16988]
  0x000002097d86c580 ConcurrentGCThread "G1 Service" [stack: 0x0000005fc1300000,0x0000005fc1400000] [id=13980]

Threads with active compile tasks:

VM state: not at safepoint (normal execution)

VM Mutex/Monitor currently owned by a thread:  ([mutex/lock_event])
[0x000002097d79d490] MetaspaceExpand_lock - owner thread: 0x0000020920b741f0

Heap address: 0x0000000741c00000, size: 3044 MB, Compressed Oops mode: Zero based, Oop shift amount: 3

CDS archive(s) mapped at: [0x0000000800000000-0x0000000800bb0000-0x0000000800bb0000), size 12255232, SharedBaseAddress: 0x0000000800000000, ArchiveRelocationMode: 0.
Compressed class space mapped at: 0x0000000800c00000-0x0000000840c00000, reserved size: 1073741824
Narrow klass base: 0x0000000800000000, Narrow klass shift: 3, Narrow klass range: 0x100000000

GC Precious Log:
 CPUs: 8 total, 8 available
 Memory: 12174M
 Large Page Support: Disabled
 NUMA Support: Disabled
 Compressed Oops: Enabled (Zero based)
 Heap Region Size: 2M
 Heap Min Capacity: 8M
 Heap Initial Capacity: 192M
 Heap Max Capacity: 3044M
 Pre-touch: Disabled
 Parallel Workers: 8
 Concurrent Workers: 2
 Concurrent Refinement Workers: 8
 Periodic GC: Disabled

Heap:
 garbage-first heap   total 196608K, used 8192K [0x0000000741c00000, 0x0000000800000000)
  region size 2048K, 5 young (10240K), 0 survivors (0K)
 Metaspace       used 8914K, committed 9152K, reserved 1056768K
  class space    used 998K, committed 1152K, reserved 1048576K

Heap Regions: E=young(eden), S=young(survivor), O=old, HS=humongous(starts), HC=humongous(continues), CS=collection set, F=free, OA=open archive, CA=closed archive, TAMS=top-at-mark-start (previous, next)
|   0|0x0000000741c00000, 0x0000000741c00000, 0x0000000741e00000|  0%| F|  |TAMS 0x0000000741c00000, 0x0000000741c00000| Untracked 
|   1|0x0000000741e00000, 0x0000000741e00000, 0x0000000742000000|  0%| F|  |TAMS 0x0000000741e00000, 0x0000000741e00000| Untracked 
|   2|0x0000000742000000, 0x0000000742000000, 0x0000000742200000|  0%| F|  |TAMS 0x0000000742000000, 0x0000000742000000| Untracked 
|   3|0x0000000742200000, 0x0000000742200000, 0x0000000742400000|  0%| F|  |TAMS 0x0000000742200000, 0x0000000742200000| Untracked 
|   4|0x0000000742400000, 0x0000000742400000, 0x0000000742600000|  0%| F|  |TAMS 0x0000000742400000, 0x0000000742400000| Untracked 
|   5|0x0000000742600000, 0x0000000742600000, 0x0000000742800000|  0%| F|  |TAMS 0x0000000742600000, 0x0000000742600000| Untracked 
|   6|0x0000000742800000, 0x0000000742800000, 0x0000000742a00000|  0%| F|  |TAMS 0x0000000742800000, 0x0000000742800000| Untracked 
|   7|0x0000000742a00000, 0x0000000742a00000, 0x0000000742c00000|  0%| F|  |TAMS 0x0000000742a00000, 0x0000000742a00000| Untracked 
|   8|0x0000000742c00000, 0x0000000742c00000, 0x0000000742e00000|  0%| F|  |TAMS 0x0000000742c00000, 0x0000000742c00000| Untracked 
|   9|0x0000000742e00000, 0x0000000742e00000, 0x0000000743000000|  0%| F|  |TAMS 0x0000000742e00000, 0x0000000742e00000| Untracked 
|  10|0x0000000743000000, 0x0000000743000000, 0x0000000743200000|  0%| F|  |TAMS 0x0000000743000000, 0x0000000743000000| Untracked 
|  11|0x0000000743200000, 0x0000000743200000, 0x0000000743400000|  0%| F|  |TAMS 0x0000000743200000, 0x0000000743200000| Untracked 
|  12|0x0000000743400000, 0x0000000743400000, 0x0000000743600000|  0%| F|  |TAMS 0x0000000743400000, 0x0000000743400000| Untracked 
|  13|0x0000000743600000, 0x0000000743600000, 0x0000000743800000|  0%| F|  |TAMS 0x0000000743600000, 0x0000000743600000| Untracked 
|  14|0x0000000743800000, 0x0000000743800000, 0x0000000743a00000|  0%| F|  |TAMS 0x0000000743800000, 0x0000000743800000| Untracked 
|  15|0x0000000743a00000, 0x0000000743a00000, 0x0000000743c00000|  0%| F|  |TAMS 0x0000000743a00000, 0x0000000743a00000| Untracked 
|  16|0x0000000743c00000, 0x0000000743c00000, 0x0000000743e00000|  0%| F|  |TAMS 0x0000000743c00000, 0x0000000743c00000| Untracked 
|  17|0x0000000743e00000, 0x0000000743e00000, 0x0000000744000000|  0%| F|  |TAMS 0x0000000743e00000, 0x0000000743e00000| Untracked 
|  18|0x0000000744000000, 0x0000000744000000, 0x0000000744200000|  0%| F|  |TAMS 0x0000000744000000, 0x0000000744000000| Untracked 
|  19|0x0000000744200000, 0x0000000744200000, 0x0000000744400000|  0%| F|  |TAMS 0x0000000744200000, 0x0000000744200000| Untracked 
|  20|0x0000000744400000, 0x0000000744400000, 0x0000000744600000|  0%| F|  |TAMS 0x0000000744400000, 0x0000000744400000| Untracked 
|  21|0x0000000744600000, 0x0000000744600000, 0x0000000744800000|  0%| F|  |TAMS 0x0000000744600000, 0x0000000744600000| Untracked 
|  22|0x0000000744800000, 0x0000000744800000, 0x0000000744a00000|  0%| F|  |TAMS 0x0000000744800000, 0x0000000744800000| Untracked 
|  23|0x0000000744a00000, 0x0000000744a00000, 0x0000000744c00000|  0%| F|  |TAMS 0x0000000744a00000, 0x0000000744a00000| Untracked 
|  24|0x0000000744c00000, 0x0000000744c00000, 0x0000000744e00000|  0%| F|  |TAMS 0x0000000744c00000, 0x0000000744c00000| Untracked 
|  25|0x0000000744e00000, 0x0000000744e00000, 0x0000000745000000|  0%| F|  |TAMS 0x0000000744e00000, 0x0000000744e00000| Untracked 
|  26|0x0000000745000000, 0x0000000745000000, 0x0000000745200000|  0%| F|  |TAMS 0x0000000745000000, 0x0000000745000000| Untracked 
|  27|0x0000000745200000, 0x0000000745200000, 0x0000000745400000|  0%| F|  |TAMS 0x0000000745200000, 0x0000000745200000| Untracked 
|  28|0x0000000745400000, 0x0000000745400000, 0x0000000745600000|  0%| F|  |TAMS 0x0000000745400000, 0x0000000745400000| Untracked 
|  29|0x0000000745600000, 0x0000000745600000, 0x0000000745800000|  0%| F|  |TAMS 0x0000000745600000, 0x0000000745600000| Untracked 
|  30|0x0000000745800000, 0x0000000745800000, 0x0000000745a00000|  0%| F|  |TAMS 0x0000000745800000, 0x0000000745800000| Untracked 
|  31|0x0000000745a00000, 0x0000000745a00000, 0x0000000745c00000|  0%| F|  |TAMS 0x0000000745a00000, 0x0000000745a00000| Untracked 
|  32|0x0000000745c00000, 0x0000000745c00000, 0x0000000745e00000|  0%| F|  |TAMS 0x0000000745c00000, 0x0000000745c00000| Untracked 
|  33|0x0000000745e00000, 0x0000000745e00000, 0x0000000746000000|  0%| F|  |TAMS 0x0000000745e00000, 0x0000000745e00000| Untracked 
|  34|0x0000000746000000, 0x0000000746000000, 0x0000000746200000|  0%| F|  |TAMS 0x0000000746000000, 0x0000000746000000| Untracked 
|  35|0x0000000746200000, 0x0000000746200000, 0x0000000746400000|  0%| F|  |TAMS 0x0000000746200000, 0x0000000746200000| Untracked 
|  36|0x0000000746400000, 0x0000000746400000, 0x0000000746600000|  0%| F|  |TAMS 0x0000000746400000, 0x0000000746400000| Untracked 
|  37|0x0000000746600000, 0x0000000746600000, 0x0000000746800000|  0%| F|  |TAMS 0x0000000746600000, 0x0000000746600000| Untracked 
|  38|0x0000000746800000, 0x0000000746800000, 0x0000000746a00000|  0%| F|  |TAMS 0x0000000746800000, 0x0000000746800000| Untracked 
|  39|0x0000000746a00000, 0x0000000746a00000, 0x0000000746c00000|  0%| F|  |TAMS 0x0000000746a00000, 0x0000000746a00000| Untracked 
|  40|0x0000000746c00000, 0x0000000746c00000, 0x0000000746e00000|  0%| F|  |TAMS 0x0000000746c00000, 0x0000000746c00000| Untracked 
|  41|0x0000000746e00000, 0x0000000746e00000, 0x0000000747000000|  0%| F|  |TAMS 0x0000000746e00000, 0x0000000746e00000| Untracked 
|  42|0x0000000747000000, 0x0000000747000000, 0x0000000747200000|  0%| F|  |TAMS 0x0000000747000000, 0x0000000747000000| Untracked 
|  43|0x0000000747200000, 0x0000000747200000, 0x0000000747400000|  0%| F|  |TAMS 0x0000000747200000, 0x0000000747200000| Untracked 
|  44|0x0000000747400000, 0x0000000747400000, 0x0000000747600000|  0%| F|  |TAMS 0x0000000747400000, 0x0000000747400000| Untracked 
|  45|0x0000000747600000, 0x0000000747600000, 0x0000000747800000|  0%| F|  |TAMS 0x0000000747600000, 0x0000000747600000| Untracked 
|  46|0x0000000747800000, 0x0000000747800000, 0x0000000747a00000|  0%| F|  |TAMS 0x0000000747800000, 0x0000000747800000| Untracked 
|  47|0x0000000747a00000, 0x0000000747a00000, 0x0000000747c00000|  0%| F|  |TAMS 0x0000000747a00000, 0x0000000747a00000| Untracked 
|  48|0x0000000747c00000, 0x0000000747c00000, 0x0000000747e00000|  0%| F|  |TAMS 0x0000000747c00000, 0x0000000747c00000| Untracked 
|  49|0x0000000747e00000, 0x0000000747e00000, 0x0000000748000000|  0%| F|  |TAMS 0x0000000747e00000, 0x0000000747e00000| Untracked 
|  50|0x0000000748000000, 0x0000000748000000, 0x0000000748200000|  0%| F|  |TAMS 0x0000000748000000, 0x0000000748000000| Untracked 
|  51|0x0000000748200000, 0x0000000748200000, 0x0000000748400000|  0%| F|  |TAMS 0x0000000748200000, 0x0000000748200000| Untracked 
|  52|0x0000000748400000, 0x0000000748400000, 0x0000000748600000|  0%| F|  |TAMS 0x0000000748400000, 0x0000000748400000| Untracked 
|  53|0x0000000748600000, 0x0000000748600000, 0x0000000748800000|  0%| F|  |TAMS 0x0000000748600000, 0x0000000748600000| Untracked 
|  54|0x0000000748800000, 0x0000000748800000, 0x0000000748a00000|  0%| F|  |TAMS 0x0000000748800000, 0x0000000748800000| Untracked 
|  55|0x0000000748a00000, 0x0000000748a00000, 0x0000000748c00000|  0%| F|  |TAMS 0x0000000748a00000, 0x0000000748a00000| Untracked 
|  56|0x0000000748c00000, 0x0000000748c00000, 0x0000000748e00000|  0%| F|  |TAMS 0x0000000748c00000, 0x0000000748c00000| Untracked 
|  57|0x0000000748e00000, 0x0000000748e00000, 0x0000000749000000|  0%| F|  |TAMS 0x0000000748e00000, 0x0000000748e00000| Untracked 
|  58|0x0000000749000000, 0x0000000749000000, 0x0000000749200000|  0%| F|  |TAMS 0x0000000749000000, 0x0000000749000000| Untracked 
|  59|0x0000000749200000, 0x0000000749200000, 0x0000000749400000|  0%| F|  |TAMS 0x0000000749200000, 0x0000000749200000| Untracked 
|  60|0x0000000749400000, 0x0000000749400000, 0x0000000749600000|  0%| F|  |TAMS 0x0000000749400000, 0x0000000749400000| Untracked 
|  61|0x0000000749600000, 0x0000000749600000, 0x0000000749800000|  0%| F|  |TAMS 0x0000000749600000, 0x0000000749600000| Untracked 
|  62|0x0000000749800000, 0x0000000749800000, 0x0000000749a00000|  0%| F|  |TAMS 0x0000000749800000, 0x0000000749800000| Untracked 
|  63|0x0000000749a00000, 0x0000000749a00000, 0x0000000749c00000|  0%| F|  |TAMS 0x0000000749a00000, 0x0000000749a00000| Untracked 
|  64|0x0000000749c00000, 0x0000000749c00000, 0x0000000749e00000|  0%| F|  |TAMS 0x0000000749c00000, 0x0000000749c00000| Untracked 
|  65|0x0000000749e00000, 0x0000000749e00000, 0x000000074a000000|  0%| F|  |TAMS 0x0000000749e00000, 0x0000000749e00000| Untracked 
|  66|0x000000074a000000, 0x000000074a000000, 0x000000074a200000|  0%| F|  |TAMS 0x000000074a000000, 0x000000074a000000| Untracked 
|  67|0x000000074a200000, 0x000000074a200000, 0x000000074a400000|  0%| F|  |TAMS 0x000000074a200000, 0x000000074a200000| Untracked 
|  68|0x000000074a400000, 0x000000074a400000, 0x000000074a600000|  0%| F|  |TAMS 0x000000074a400000, 0x000000074a400000| Untracked 
|  69|0x000000074a600000, 0x000000074a600000, 0x000000074a800000|  0%| F|  |TAMS 0x000000074a600000, 0x000000074a600000| Untracked 
|  70|0x000000074a800000, 0x000000074a800000, 0x000000074aa00000|  0%| F|  |TAMS 0x000000074a800000, 0x000000074a800000| Untracked 
|  71|0x000000074aa00000, 0x000000074aa00000, 0x000000074ac00000|  0%| F|  |TAMS 0x000000074aa00000, 0x000000074aa00000| Untracked 
|  72|0x000000074ac00000, 0x000000074ac00000, 0x000000074ae00000|  0%| F|  |TAMS 0x000000074ac00000, 0x000000074ac00000| Untracked 
|  73|0x000000074ae00000, 0x000000074ae00000, 0x000000074b000000|  0%| F|  |TAMS 0x000000074ae00000, 0x000000074ae00000| Untracked 
|  74|0x000000074b000000, 0x000000074b000000, 0x000000074b200000|  0%| F|  |TAMS 0x000000074b000000, 0x000000074b000000| Untracked 
|  75|0x000000074b200000, 0x000000074b200000, 0x000000074b400000|  0%| F|  |TAMS 0x000000074b200000, 0x000000074b200000| Untracked 
|  76|0x000000074b400000, 0x000000074b400000, 0x000000074b600000|  0%| F|  |TAMS 0x000000074b400000, 0x000000074b400000| Untracked 
|  77|0x000000074b600000, 0x000000074b600000, 0x000000074b800000|  0%| F|  |TAMS 0x000000074b600000, 0x000000074b600000| Untracked 
|  78|0x000000074b800000, 0x000000074b800000, 0x000000074ba00000|  0%| F|  |TAMS 0x000000074b800000, 0x000000074b800000| Untracked 
|  79|0x000000074ba00000, 0x000000074ba00000, 0x000000074bc00000|  0%| F|  |TAMS 0x000000074ba00000, 0x000000074ba00000| Untracked 
|  80|0x000000074bc00000, 0x000000074bc00000, 0x000000074be00000|  0%| F|  |TAMS 0x000000074bc00000, 0x000000074bc00000| Untracked 
|  81|0x000000074be00000, 0x000000074be00000, 0x000000074c000000|  0%| F|  |TAMS 0x000000074be00000, 0x000000074be00000| Untracked 
|  82|0x000000074c000000, 0x000000074c000000, 0x000000074c200000|  0%| F|  |TAMS 0x000000074c000000, 0x000000074c000000| Untracked 
|  83|0x000000074c200000, 0x000000074c200000, 0x000000074c400000|  0%| F|  |TAMS 0x000000074c200000, 0x000000074c200000| Untracked 
|  84|0x000000074c400000, 0x000000074c400000, 0x000000074c600000|  0%| F|  |TAMS 0x000000074c400000, 0x000000074c400000| Untracked 
|  85|0x000000074c600000, 0x000000074c600000, 0x000000074c800000|  0%| F|  |TAMS 0x000000074c600000, 0x000000074c600000| Untracked 
|  86|0x000000074c800000, 0x000000074c800000, 0x000000074ca00000|  0%| F|  |TAMS 0x000000074c800000, 0x000000074c800000| Untracked 
|  87|0x000000074ca00000, 0x000000074ca00000, 0x000000074cc00000|  0%| F|  |TAMS 0x000000074ca00000, 0x000000074ca00000| Untracked 
|  88|0x000000074cc00000, 0x000000074cc00000, 0x000000074ce00000|  0%| F|  |TAMS 0x000000074cc00000, 0x000000074cc00000| Untracked 
|  89|0x000000074ce00000, 0x000000074ce00000, 0x000000074d000000|  0%| F|  |TAMS 0x000000074ce00000, 0x000000074ce00000| Untracked 
|  90|0x000000074d000000, 0x000000074d000000, 0x000000074d200000|  0%| F|  |TAMS 0x000000074d000000, 0x000000074d000000| Untracked 
|  91|0x000000074d200000, 0x000000074d352780, 0x000000074d400000| 66%| E|  |TAMS 0x000000074d200000, 0x000000074d200000| Complete 
|  92|0x000000074d400000, 0x000000074d600000, 0x000000074d600000|100%| E|CS|TAMS 0x000000074d400000, 0x000000074d400000| Complete 
|  93|0x000000074d600000, 0x000000074d800000, 0x000000074d800000|100%| E|CS|TAMS 0x000000074d600000, 0x000000074d600000| Complete 
|  94|0x000000074d800000, 0x000000074da00000, 0x000000074da00000|100%| E|CS|TAMS 0x000000074d800000, 0x000000074d800000| Complete 
|  95|0x000000074da00000, 0x000000074dc00000, 0x000000074dc00000|100%| E|CS|TAMS 0x000000074da00000, 0x000000074da00000| Complete 

Card table byte_map: [0x0000020916ca0000,0x00000209172a0000] _byte_map_base: 0x0000020913292000

Marking Bits (Prev, Next): (CMBitMap*) 0x000002097d7e8a80, (CMBitMap*) 0x000002097d7e8ac0
 Prev Bits: [0x00000209178a0000, 0x000002091a830000)
 Next Bits: [0x000002091a830000, 0x000002091d7c0000)

Polling page: 0x000002097d880000

Metaspace:

Usage:
  Non-class:      7.73 MB used.
      Class:    998.30 KB used.
       Both:      8.71 MB used.

Virtual space:
  Non-class space:        8.00 MB reserved,       7.81 MB ( 98%) committed,  1 nodes.
      Class space:        1.00 GB reserved,       1.12 MB ( <1%) committed,  1 nodes.
              Both:        1.01 GB reserved,       8.94 MB ( <1%) committed. 

Chunk freelists:
   Non-Class:  100.00 KB
       Class:  2.75 MB
        Both:  2.85 MB

MaxMetaspaceSize: 17179869184.00 GB
CompressedClassSpaceSize: 1.00 GB
 - commit_granule_bytes: 65536.
 - commit_granule_words: 8192.
 - virtual_space_node_default_size: 1048576.
 - enlarge_chunks_in_place: 1.
 - new_chunks_are_fully_committed: 0.
 - uncommit_free_chunks: 1.
 - use_allocation_guard: 0.
 - handle_deallocations: 1.


Internal statistics:

num_allocs_failed_limit: 0.
num_arena_births: 124.
num_arena_deaths: 0.
num_vsnodes_births: 2.
num_vsnodes_deaths: 0.
num_space_committed: 143.
num_space_uncommitted: 0.
num_chunks_returned_to_freelist: 0.
num_chunks_taken_from_freelist: 183.
num_chunk_merges: 0.
num_chunk_splits: 115.
num_chunks_enlarged: 68.
num_purges: 0.

CodeHeap 'non-profiled nmethods': size=120000Kb used=255Kb max_used=255Kb free=119744Kb
 bounds [0x000002090f170000, 0x000002090f3e0000, 0x00000209166a0000]
CodeHeap 'profiled nmethods': size=120000Kb used=1284Kb max_used=1284Kb free=118715Kb
 bounds [0x0000020907c40000, 0x0000020907eb0000, 0x000002090f170000]
CodeHeap 'non-nmethods': size=5760Kb used=1268Kb max_used=1297Kb free=4491Kb
 bounds [0x00000209076a0000, 0x0000020907910000, 0x0000020907c40000]
 total_blobs=1459 nmethods=871 adapters=501
 compilation: enabled
              stopped_count=0, restarted_count=0
 full_count=0

Compilation events (20 events):
Event: 0.445 Thread 0x000002091fdc8a40 nmethod 855 0x0000020907d79210 code [0x0000020907d798e0, 0x0000020907d7c248]
Event: 0.445 Thread 0x000002091fdc8a40  864       3       java.lang.SecurityManager$$Lambda$137/0x0000000800cdba20::accept (8 bytes)
Event: 0.445 Thread 0x000002091fdc8a40 nmethod 864 0x0000020907d7d510 code [0x0000020907d7d6e0, 0x0000020907d7da08]
Event: 0.445 Thread 0x000002091fdc8a40  865       3       java.lang.SecurityManager::lambda$addNonExportedPackages$1 (14 bytes)
Event: 0.445 Thread 0x000002091fdc8a40 nmethod 865 0x0000020907d7db10 code [0x0000020907d7dcc0, 0x0000020907d7de68]
Event: 0.445 Thread 0x000002091fdc8a40  866       3       java.util.regex.Pattern::append (43 bytes)
Event: 0.445 Thread 0x000002091fdc8a40 nmethod 866 0x0000020907d7df90 code [0x0000020907d7e180, 0x0000020907d7e6d8]
Event: 0.445 Thread 0x000002091fdc8a40  856       3       jdk.internal.org.objectweb.asm.Handler::putExceptionTable (63 bytes)
Event: 0.446 Thread 0x000002091fdc8a40 nmethod 856 0x0000020907d7e910 code [0x0000020907d7eb20, 0x0000020907d7efa8]
Event: 0.446 Thread 0x000002091fdc8a40  867       3       com.sun.crypto.provider.AESCrypt::mul4 (181 bytes)
Event: 0.447 Thread 0x000002091fdc8a40 nmethod 867 0x0000020907d7f290 code [0x0000020907d7f500, 0x0000020907d800d8]
Event: 0.448 Thread 0x000002091fdc8a40  868       3       java.util.StringTokenizer::nextToken (92 bytes)
Event: 0.448 Thread 0x000002091fdc8a40 nmethod 868 0x0000020907d80690 code [0x0000020907d80880, 0x0000020907d80bb8]
Event: 0.448 Thread 0x0000020921829480  869       4       java.lang.String::checkBoundsBeginEnd (63 bytes)
Event: 0.448 Thread 0x000002091fdd37d0  870       4       java.lang.StringLatin1::toUpperCase (186 bytes)
Event: 0.449 Thread 0x000002091fdc8a40  871       3       java.util.concurrent.ConcurrentHashMap::isEmpty (15 bytes)
Event: 0.449 Thread 0x0000020921829480 nmethod 869 0x000002090f1ae810 code [0x000002090f1ae9a0, 0x000002090f1aea58]
Event: 0.449 Thread 0x000002091fdc8a40 nmethod 871 0x0000020907d80d10 code [0x0000020907d80ec0, 0x0000020907d81068]
Event: 0.450 Thread 0x000002091fdc8a40  872       1       java.lang.reflect.Method::getReturnType (5 bytes)
Event: 0.450 Thread 0x000002091fdc8a40 nmethod 872 0x000002090f1aeb10 code [0x000002090f1aeca0, 0x000002090f1aed78]

GC Heap History (0 events):
No events

Deoptimization events (8 events):
Event: 0.240 Thread 0x0000020920b741f0 Uncommon trap: trap_request=0xffffff45 fr.pc=0x000002090f18f4a8 relative=0x0000000000000188
Event: 0.240 Thread 0x0000020920b741f0 Uncommon trap: reason=unstable_if action=reinterpret pc=0x000002090f18f4a8 method=java.lang.String.equals(Ljava/lang/Object;)Z @ 33 c2
Event: 0.240 Thread 0x0000020920b741f0 DEOPT PACKING pc=0x000002090f18f4a8 sp=0x0000005fc24feaf0
Event: 0.240 Thread 0x0000020920b741f0 DEOPT UNPACKING pc=0x00000209076ed72e sp=0x0000005fc24fea90 mode 2
Event: 0.277 Thread 0x0000020920b741f0 DEOPT PACKING pc=0x0000020907c5cae7 sp=0x0000005fc24fcb90
Event: 0.277 Thread 0x0000020920b741f0 DEOPT UNPACKING pc=0x00000209076edece sp=0x0000005fc24fbfb0 mode 0
Event: 0.279 Thread 0x0000020920b741f0 DEOPT PACKING pc=0x0000020907c54e51 sp=0x0000005fc24fc1b0
Event: 0.279 Thread 0x0000020920b741f0 DEOPT UNPACKING pc=0x00000209076edece sp=0x0000005fc24fb628 mode 0

Classes unloaded (0 events):
No events

Classes redefined (0 events):
No events

Internal exceptions (20 events):
Event: 0.084 Thread 0x000002097d7a1b80 Exception <a 'java/lang/ClassNotFoundException'{0x000000074d83c808}: sun/awt/resources/spi/awtProvider> (0x000000074d83c808) 
thrown [t:\workspace\open\src\hotspot\share\classfile\systemDictionary.cpp, line 256]
Event: 0.103 Thread 0x000002097d7a1b80 Exception <a 'java/io/FileNotFoundException'{0x000000074d895f70}> (0x000000074d895f70) 
thrown [t:\workspace\open\src\hotspot\share\prims\jni.cpp, line 579]
Event: 0.108 Thread 0x000002097d7a1b80 Exception <a 'java/io/FileNotFoundException'{0x000000074d8c4890}> (0x000000074d8c4890) 
thrown [t:\workspace\open\src\hotspot\share\prims\jni.cpp, line 579]
Event: 0.109 Thread 0x000002097d7a1b80 Exception <a 'java/lang/NoSuchMethodError'{0x000000074d8c5a88}: 'java.lang.Object java.lang.invoke.DirectMethodHandle$Holder.invokeStatic(java.lang.Object)'> (0x000000074d8c5a88) 
thrown [t:\workspace\open\src\hotspot\share\interpreter\linkResolver.cpp, line 790]
Event: 0.133 Thread 0x000002097d7a1b80 Exception <a 'java/lang/NoSuchMethodError'{0x000000074d9065f8}: 'java.lang.Object java.lang.invoke.DirectMethodHandle$Holder.invokeStaticInit(java.lang.Object)'> (0x000000074d9065f8) 
thrown [t:\workspace\open\src\hotspot\share\interpreter\linkResolver.cpp, line 790]
Event: 0.177 Thread 0x0000020920b741f0 Exception <a 'java/lang/NoSuchMethodError'{0x000000074d651c30}: 'java.lang.Object java.lang.invoke.DirectMethodHandle$Holder.newInvokeSpecial(java.lang.Object, java.lang.Object, java.lang.Object, java.lang.Object, java.lang.Object)'> (0x000000074d651c30) 
thrown [t:\workspace\open\src\hotspot\share\interpreter\linkResolver.cpp, line 790]
Event: 0.179 Thread 0x0000020920b741f0 Exception <a 'java/lang/NoSuchMethodError'{0x000000074d65d718}: 'java.lang.Object java.lang.invoke.DirectMethodHandle$Holder.invokeStatic(java.lang.Object, int, java.lang.Object, java.lang.Object, java.lang.Object, java.lang.Object)'> (0x000000074d65d718) 
thrown [t:\workspace\open\src\hotspot\share\interpreter\linkResolver.cpp, line 790]
Event: 0.185 Thread 0x0000020920b741f0 Exception <a 'java/lang/NoSuchMethodError'{0x000000074d683a48}: 'java.lang.Object java.lang.invoke.DirectMethodHandle$Holder.invokeStatic(java.lang.Object, int, java.lang.Object)'> (0x000000074d683a48) 
thrown [t:\workspace\open\src\hotspot\share\interpreter\linkResolver.cpp, line 790]
Event: 0.213 Thread 0x0000020920b741f0 Exception <a 'java/lang/ClassNotFoundException'{0x000000074d73bd90}: com/sun/swing/internal/plaf/metal/resources/spi/metalProvider> (0x000000074d73bd90) 
thrown [t:\workspace\open\src\hotspot\share\classfile\systemDictionary.cpp, line 256]
Event: 0.214 Thread 0x0000020920b741f0 Exception <a 'java/lang/ClassNotFoundException'{0x000000074d73fdf8}: com/sun/swing/internal/plaf/basic/resources/spi/basicProvider> (0x000000074d73fdf8) 
thrown [t:\workspace\open\src\hotspot\share\classfile\systemDictionary.cpp, line 256]
Event: 0.262 Thread 0x0000020920b741f0 Exception <a 'java/lang/NoSuchMethodError'{0x000000074d7ab828}: 'void java.lang.invoke.DirectMethodHandle$Holder.invokeStaticInit(java.lang.Object)'> (0x000000074d7ab828) 
thrown [t:\workspace\open\src\hotspot\share\interpreter\linkResolver.cpp, line 790]
Event: 0.269 Thread 0x0000020920b741f0 Exception <a 'java/io/FileNotFoundException'{0x000000074d7b8140}> (0x000000074d7b8140) 
thrown [t:\workspace\open\src\hotspot\share\prims\jni.cpp, line 579]
Event: 0.355 Thread 0x0000020920b827d0 Exception <a 'java/lang/NoSuchMethodError'{0x000000074d985b70}: 'void java.lang.invoke.DirectMethodHandle$Holder.invokeVirtual(java.lang.Object, java.lang.Object)'> (0x000000074d985b70) 
thrown [t:\workspace\open\src\hotspot\share\interpreter\linkResolver.cpp, line 790]
Event: 0.424 Thread 0x0000020920b741f0 Exception <a 'sun/nio/fs/WindowsException'{0x000000074d265900}> (0x000000074d265900) 
thrown [t:\workspace\open\src\hotspot\share\prims\jni.cpp, line 579]
Event: 0.437 Thread 0x0000020920b741f0 Exception <a 'java/lang/NoSuchMethodError'{0x000000074d28bbd8}: 'int java.lang.invoke.DirectMethodHandle$Holder.invokeStaticInit(java.lang.Object, java.lang.Object, java.lang.Object, java.lang.Object)'> (0x000000074d28bbd8) 
thrown [t:\workspace\open\src\hotspot\share\interpreter\linkResolver.cpp, line 790]
Event: 0.438 Thread 0x0000020920b741f0 Exception <a 'java/lang/NoSuchMethodError'{0x000000074d295b70}: 'java.lang.Object java.lang.invoke.DirectMethodHandle$Holder.invokeInterface(java.lang.Object, java.lang.Object)'> (0x000000074d295b70) 
thrown [t:\workspace\open\src\hotspot\share\interpreter\linkResolver.cpp, line 790]
Event: 0.438 Thread 0x0000020920b741f0 Exception <a 'java/lang/IncompatibleClassChangeError'{0x000000074d299568}: Found class java.lang.Object, but interface was expected> (0x000000074d299568) 
thrown [t:\workspace\open\src\hotspot\share\interpreter\linkResolver.cpp, line 857]
Event: 0.438 Thread 0x0000020920b741f0 Exception <a 'java/lang/NoSuchMethodError'{0x000000074d29c7b0}: 'void java.lang.invoke.DirectMethodHandle$Holder.invokeStatic(java.lang.Object, java.lang.Object)'> (0x000000074d29c7b0) 
thrown [t:\workspace\open\src\hotspot\share\interpreter\linkResolver.cpp, line 790]
Event: 0.438 Thread 0x0000020920b741f0 Exception <a 'java/lang/NoSuchMethodError'{0x000000074d29ff90}: 'void java.lang.invoke.DirectMethodHandle$Holder.invokeStaticInit(java.lang.Object, java.lang.Object)'> (0x000000074d29ff90) 
thrown [t:\workspace\open\src\hotspot\share\interpreter\linkResolver.cpp, line 790]
Event: 0.439 Thread 0x0000020920b741f0 Exception <a 'java/lang/NoSuchMethodError'{0x000000074d2a6730}: 'int java.lang.invoke.DirectMethodHandle$Holder.invokeStaticInit(java.lang.Object, java.lang.Object)'> (0x000000074d2a6730) 
thrown [t:\workspace\open\src\hotspot\share\interpreter\linkResolver.cpp, line 790]

Events (20 events):
Event: 0.450 loading class java/lang/invoke/VarHandleByteArrayAsInts$ArrayHandle done
Event: 0.450 loading class java/lang/invoke/VarHandleByteArrayAsLongs$ArrayHandle
Event: 0.450 loading class java/lang/invoke/VarHandleByteArrayAsLongs$ByteArrayViewVarHandle
Event: 0.450 loading class java/lang/invoke/VarHandleByteArrayAsLongs$ByteArrayViewVarHandle done
Event: 0.450 loading class java/lang/invoke/VarHandleByteArrayAsLongs$ArrayHandle done
Event: 0.450 loading class sun/security/ssl/SSLCipher$1
Event: 0.450 loading class sun/security/ssl/SSLCipher$1 done
Event: 0.450 loading class sun/security/ssl/CipherSuite$HashAlg
Event: 0.451 loading class sun/security/ssl/CipherSuite$HashAlg done
Event: 0.451 loading class sun/security/ssl/CipherSuite$MacAlg
Event: 0.451 loading class sun/security/ssl/CipherSuite$MacAlg done
Event: 0.451 loading class sun/security/ssl/CipherSuite$KeyExchange
Event: 0.451 loading class sun/security/ssl/CipherSuite$KeyExchange done
Event: 0.451 loading class sun/security/ssl/NamedGroup$NamedGroupSpec
Event: 0.451 loading class sun/security/ssl/NamedGroup$NamedGroupScheme
Event: 0.451 loading class sun/security/ssl/NamedGroup$NamedGroupScheme done
Event: 0.451 loading class sun/security/ssl/NamedGroup$NamedGroupSpec done
Event: 0.451 loading class sun/security/ssl/NamedGroup$ECDHEScheme
Event: 0.451 loading class sun/security/ssl/NamedGroup$ECDHEScheme done
Event: 0.451 loading class sun/security/ssl/NamedGroup


Dynamic libraries:
0x00007ff7f7200000 - 0x00007ff7f7210000 	C:\Program Files\Java\jdk-16.0.1\bin\java.exe
0x00007fff284e0000 - 0x00007fff286e9000 	C:\WINDOWS\SYSTEM32\ntdll.dll
0x00007fff27920000 - 0x00007fff279dd000 	C:\WINDOWS\System32\KERNEL32.DLL
0x00007fff25c10000 - 0x00007fff25f8b000 	C:\WINDOWS\System32\KERNELBASE.dll
0x00007fff25af0000 - 0x00007fff25c01000 	C:\WINDOWS\System32\ucrtbase.dll
0x00007fff151c0000 - 0x00007fff151d9000 	C:\Program Files\Java\jdk-16.0.1\bin\VCRUNTIME140.dll
0x00007fff14c20000 - 0x00007fff14c38000 	C:\Program Files\Java\jdk-16.0.1\bin\jli.dll
0x00007fff27450000 - 0x00007fff274fe000 	C:\WINDOWS\System32\ADVAPI32.dll
0x00007fff27d70000 - 0x00007fff27e13000 	C:\WINDOWS\System32\msvcrt.dll
0x00007fff263a0000 - 0x00007fff2643e000 	C:\WINDOWS\System32\sechost.dll
0x00007fff276c0000 - 0x00007fff277e0000 	C:\WINDOWS\System32\RPCRT4.dll
0x00007fff27e20000 - 0x00007fff27fcd000 	C:\WINDOWS\System32\USER32.dll
0x00007fff16d70000 - 0x00007fff17015000 	C:\WINDOWS\WinSxS\amd64_microsoft.windows.common-controls_6595b64144ccf1df_6.0.22000.120_none_9d947278b86cc467\COMCTL32.dll
0x00007fff26000000 - 0x00007fff26026000 	C:\WINDOWS\System32\win32u.dll
0x00007fff28470000 - 0x00007fff28499000 	C:\WINDOWS\System32\GDI32.dll
0x00007fff26240000 - 0x00007fff26358000 	C:\WINDOWS\System32\gdi32full.dll
0x00007fff261a0000 - 0x00007fff2623d000 	C:\WINDOWS\System32\msvcp_win.dll
0x00007fff1e110000 - 0x00007fff1e11a000 	C:\WINDOWS\SYSTEM32\VERSION.dll
0x00007fff26360000 - 0x00007fff26391000 	C:\WINDOWS\System32\IMM32.DLL
0x00007fff1fcd0000 - 0x00007fff1fcdc000 	C:\Program Files\Java\jdk-16.0.1\bin\vcruntime140_1.dll
0x00007fff0d5d0000 - 0x00007fff0d661000 	C:\Program Files\Java\jdk-16.0.1\bin\msvcp140.dll
0x00007fff04800000 - 0x00007fff053ab000 	C:\Program Files\Java\jdk-16.0.1\bin\server\jvm.dll
0x00007fff273b0000 - 0x00007fff273b8000 	C:\WINDOWS\System32\PSAPI.DLL
0x00007fff1fe50000 - 0x00007fff1fe59000 	C:\WINDOWS\SYSTEM32\WSOCK32.dll
0x00007fff1f250000 - 0x00007fff1f283000 	C:\WINDOWS\SYSTEM32\WINMM.dll
0x00007fff26530000 - 0x00007fff2659f000 	C:\WINDOWS\System32\WS2_32.dll
0x00007fff24b20000 - 0x00007fff24b38000 	C:\WINDOWS\SYSTEM32\kernel.appcore.dll
0x00007fff15530000 - 0x00007fff1553a000 	C:\Program Files\Java\jdk-16.0.1\bin\jimage.dll
0x00007fff24040000 - 0x00007fff24261000 	C:\WINDOWS\SYSTEM32\DBGHELP.DLL
0x00007fff05e80000 - 0x00007fff05eb1000 	C:\WINDOWS\SYSTEM32\dbgcore.DLL
0x00007fff259b0000 - 0x00007fff25a2f000 	C:\WINDOWS\System32\bcryptPrimitives.dll
0x00007fff0f650000 - 0x00007fff0f675000 	C:\Program Files\Java\jdk-16.0.1\bin\java.dll
0x00007fff26b60000 - 0x00007fff27318000 	C:\WINDOWS\System32\SHELL32.dll
0x00007fff23620000 - 0x00007fff23e85000 	C:\WINDOWS\SYSTEM32\windows.storage.dll
0x00007fff28030000 - 0x00007fff283a7000 	C:\WINDOWS\System32\combase.dll
0x00007fff234b0000 - 0x00007fff23616000 	C:\WINDOWS\SYSTEM32\wintypes.dll
0x00007fff26440000 - 0x00007fff2652a000 	C:\WINDOWS\System32\SHCORE.dll
0x00007fff26b00000 - 0x00007fff26b5d000 	C:\WINDOWS\System32\shlwapi.dll
0x00007fff258e0000 - 0x00007fff25901000 	C:\WINDOWS\SYSTEM32\profapi.dll
0x00007fff14c40000 - 0x00007fff14c59000 	C:\Program Files\Java\jdk-16.0.1\bin\net.dll
0x00007fff1eea0000 - 0x00007fff1efac000 	C:\WINDOWS\SYSTEM32\WINHTTP.dll
0x00007fff24fc0000 - 0x00007fff25027000 	C:\WINDOWS\system32\mswsock.dll
0x00007fff13890000 - 0x00007fff138a3000 	C:\Program Files\Java\jdk-16.0.1\bin\nio.dll
0x00007fff0fc80000 - 0x00007fff0fc98000 	C:\Program Files\Java\jdk-16.0.1\bin\zip.dll
0x00007fff0c590000 - 0x00007fff0c710000 	C:\Program Files\Java\jdk-16.0.1\bin\awt.dll
0x00007fff265a0000 - 0x00007fff26676000 	C:\WINDOWS\System32\OLEAUT32.dll
0x00007fff22b40000 - 0x00007fff22bd2000 	C:\WINDOWS\SYSTEM32\apphelp.dll
0x00007fff22c00000 - 0x00007fff22cac000 	C:\WINDOWS\system32\uxtheme.dll
0x00007fff277e0000 - 0x00007fff278fd000 	C:\WINDOWS\System32\MSCTF.dll
0x00007fff27520000 - 0x00007fff276ba000 	C:\WINDOWS\System32\ole32.dll
0x00007fff22fa0000 - 0x00007fff22fcf000 	C:\WINDOWS\system32\DWMAPI.DLL
0x00007ffedbbe0000 - 0x00007ffedbce1000 	C:\WINDOWS\system32\opengl32.dll
0x00007ffeea3b0000 - 0x00007ffeea3dd000 	C:\WINDOWS\SYSTEM32\GLU32.dll
0x00007fff22e20000 - 0x00007fff22e58000 	C:\WINDOWS\SYSTEM32\dxcore.dll
0x00007fff0d090000 - 0x00007fff0d119000 	C:\Program Files\Java\jdk-16.0.1\bin\freetype.dll
0x00007fff0aed0000 - 0x00007fff0afc6000 	C:\Program Files\Java\jdk-16.0.1\bin\harfbuzz.dll
0x00007fff0f4b0000 - 0x00007fff0f4c2000 	C:\Program Files\Java\jdk-16.0.1\bin\fontmanager.dll
0x00007fff283b0000 - 0x00007fff28465000 	C:\WINDOWS\System32\clbcatq.dll
0x00007fff1fe60000 - 0x00007fff2000e000 	C:\WINDOWS\SYSTEM32\WindowsCodecs.dll
0x00007fff13010000 - 0x00007fff1306d000 	C:\WINDOWS\system32\dataexchange.dll
0x00007fff1be00000 - 0x00007fff1c066000 	C:\WINDOWS\system32\twinapi.appcore.dll

dbghelp: loaded successfully - version: 4.0.5 - missing functions: none
symbol engine: initialized successfully - sym options: 0x614 - pdb path: .;C:\Program Files\Java\jdk-16.0.1\bin;C:\WINDOWS\SYSTEM32;C:\WINDOWS\WinSxS\amd64_microsoft.windows.common-controls_6595b64144ccf1df_6.0.22000.120_none_9d947278b86cc467;C:\Program Files\Java\jdk-16.0.1\bin\server

VM Arguments:
java_command: GUI.user.ManHinhDangNhap
java_class_path (initial): C:\Users\ADMIN\Desktop\3119410029\Netbeans\LTM\target\classes;C:\Users\ADMIN\.m2\repository\com\mysql\mysql-connector-j\8.0.31\mysql-connector-j-8.0.31.jar;C:\Users\ADMIN\.m2\repository\com\google\protobuf\protobuf-java\3.19.4\protobuf-java-3.19.4.jar;C:\Users\ADMIN\.m2\repository\com\google\code\gson\gson\2.10\gson-2.10.jar;C:\Users\ADMIN\.m2\repository\org\jsoup\jsoup\1.15.3\jsoup-1.15.3.jar;C:\Users\ADMIN\.m2\repository\org\json\json\20220924\json-20220924.jar;C:\Users\ADMIN\.m2\repository\javax\mail\mail\1.5.0-b01\mail-1.5.0-b01.jar;C:\Users\ADMIN\.m2\repository\javax\activation\activation\1.1\activation-1.1.jar
Launcher Type: SUN_STANDARD

[Global flags]
     intx CICompilerCount                          = 4                                         {product} {ergonomic}
     uint ConcGCThreads                            = 2                                         {product} {ergonomic}
     uint G1ConcRefinementThreads                  = 8                                         {product} {ergonomic}
   size_t G1HeapRegionSize                         = 2097152                                   {product} {ergonomic}
    uintx GCDrainStackTargetSize                   = 64                                        {product} {ergonomic}
   size_t InitialHeapSize                          = 201326592                                 {product} {ergonomic}
   size_t MarkStackSize                            = 4194304                                   {product} {ergonomic}
   size_t MaxHeapSize                              = 3191865344                                {product} {ergonomic}
   size_t MaxNewSize                               = 1914699776                                {product} {ergonomic}
   size_t MinHeapDeltaBytes                        = 2097152                                   {product} {ergonomic}
   size_t MinHeapSize                              = 8388608                                   {product} {ergonomic}
    uintx NonNMethodCodeHeapSize                   = 5839372                                {pd product} {ergonomic}
    uintx NonProfiledCodeHeapSize                  = 122909434                              {pd product} {ergonomic}
    uintx ProfiledCodeHeapSize                     = 122909434                              {pd product} {ergonomic}
    uintx ReservedCodeCacheSize                    = 251658240                              {pd product} {ergonomic}
     bool SegmentedCodeCache                       = true                                      {product} {ergonomic}
   size_t SoftMaxHeapSize                          = 3191865344                             {manageable} {ergonomic}
     bool UseCompressedClassPointers               = true                           {product lp64_product} {ergonomic}
     bool UseCompressedOops                        = true                           {product lp64_product} {ergonomic}
     bool UseG1GC                                  = true                                      {product} {ergonomic}
     bool UseLargePagesIndividualAllocation        = false                                  {pd product} {ergonomic}

Logging:
Log output configuration:
 #0: stdout all=warning uptime,level,tags
 #1: stderr all=off uptime,level,tags

Environment Variables:
JAVA_HOME=C:\Program Files\Java\jdk-16.0.1
PATH=C:\Oracle\bin;C:\Program Files (x86)\Common Files\Oracle\Java\javapath;C:\MinGW\bin;C:\Program Files (x86)\VMware\VMware Workstation\bin\;C:\Program Files (x86)\Intel\iCLS Client\;C:\Program Files\Intel\iCLS Client\;C:\Windows\system32;C:\Windows;C:\Windows\System32\Wbem;C:\Windows\System32\WindowsPowerShell\v1.0\;C:\Program Files (x86)\Intel\Intel(R) Management Engine Components\DAL;C:\Program Files\Intel\Intel(R) Management Engine Components\DAL;C:\Program Files (x86)\Intel\Intel(R) Management Engine Components\IPT;C:\Program Files\Intel\Intel(R) Management Engine Components\IPT;C:\Program Files (x86)\NVIDIA Corporation\PhysX\Common;C:\WINDOWS\system32;C:\WINDOWS;C:\WINDOWS\System32\Wbem;C:\WINDOWS\System32\WindowsPowerShell\v1.0\;C:\WINDOWS\System32\OpenSSH\;C:\Program Files\Intel\WiFi\bin\;C:\Program Files\Common Files\Intel\WirelessCommon\;C:\Program Files (x86)\mingw-w64\i686-8.1.0-posix-dwarf-rt_v6-rev0\mingw32\bin;C:\Program Files\Microsoft SQL Server\Client SDK\ODBC\170\Tools\Binn\;C:\Program Files (x86)\Microsoft SQL Server\150\Tools\Binn\;C:\Program Files\Microsoft SQL Server\150\Tools\Binn\;C:\Program Files\Microsoft SQL Server\150\DTS\Binn\;C:\Program Files\Azure Data Studio\bin;C:\Program Files (x86)\Microsoft SQL Server\150\DTS\Binn\;C:\Program Files\Git\cmd;C:\Program Files\Microsoft SQL Server\130\Tools\Binn\;C:\Program Files\PuTTY\;C:\ProgramData\ComposerSetup\bin;C:\Program Files\dotnet\;C:\Program Files\nodejs\;C:\Program Files\Microsoft SQL Server Migration Assistant for MySQL\bin\;C:\Program Files\Calibre2\;C:\Users\ADMIN\scoop\shims;C:\Users\ADMIN\AppData\Local\Programs\Python\Python39\Scripts\;C:\Users\ADMIN\AppData\Local\Programs\Python\Python39\;C:\Users\ADMIN\AppData\Local\Microsoft\WindowsApps;C:\Users\ADMIN\AppData\Local\Programs\Microsoft VS Code\bin;C:\Users\ADMIN\AppData\Roaming\Dashlane\6.2011.0.33406\bin\Firefox_Extension\{442718d9-475e-452a-b3e1-fb1ee16b8e9f}\components;C:\Users\ADMIN\AppData\Roaming\Dashlane\6.2011.0.33406\ucrt;
USERNAME=ADMIN
OS=Windows_NT
PROCESSOR_IDENTIFIER=Intel64 Family 6 Model 142 Stepping 10, GenuineIntel



---------------  S Y S T E M  ---------------

OS:
 Windows 10 , 64 bit Build 22000 (10.0.22000.708)
OS uptime: 1 days 21:40 hours

CPU: total 8 (initial active 8) (4 cores per cpu, 2 threads per core) family 6 model 142 stepping 10 microcode 0xe0, cx8, cmov, fxsr, ht, mmx, 3dnowpref, sse, sse2, sse3, ssse3, sse4.1, sse4.2, popcnt, lzcnt, tsc, tscinvbit, avx, avx2, aes, erms, clmul, bmi1, bmi2, adx, fma, vzeroupper, clflush, clflushopt

Memory: 4k page, system-wide physical 12174M (2853M free)
TotalPageFile size 16270M (AvailPageFile size 5M)
current process WorkingSet (physical memory assigned to process): 62M, peak: 62M
current process commit charge ("private bytes"): 292M, peak: 292M

vm_info: Java HotSpot(TM) 64-Bit Server VM (16.0.1+9-24) for windows-amd64 JRE (16.0.1+9-24), built on Mar 26 2021 19:31:42 by "mach5one" with MS VC++ 16.7 (VS2019)

END.
