#
# There is insufficient memory for the Java Runtime Environment to continue.
# Native memory allocation (malloc) failed to allocate 775536 bytes for Chunk::new
# Possible reasons:
#   The system is out of physical RAM or swap space
#   The process is running with CompressedOops enabled, and the Java Heap may be blocking the growth of the native heap
# Possible solutions:
#   Reduce memory load on the system
#   Increase physical memory or swap space
#   Check if swap backing store is full
#   Decrease Java heap size (-Xmx/-Xms)
#   Decrease number of Java threads
#   Decrease Java thread stack sizes (-Xss)
#   Set larger code cache with -XX:ReservedCodeCacheSize=
#   JVM is running with Zero Based Compressed Oops mode in which the Java heap is
#     placed in the first 32GB address space. The Java Heap base address is the
#     maximum limit for the native heap growth. Please use -XX:HeapBaseMinAddress
#     to set the Java Heap base and to place the Java Heap above 32GB virtual address.
# This output file may be truncated or incomplete.
#
#  Out of Memory Error (arena.cpp:195), pid=400, tid=12740
#
# JRE version: Java(TM) SE Runtime Environment (16.0.1+9) (build 16.0.1+9-24)
# Java VM: Java HotSpot(TM) 64-Bit Server VM (16.0.1+9-24, mixed mode, sharing, tiered, compressed oops, compressed class ptrs, g1 gc, windows-amd64)
# No core dump will be written. Minidumps are not enabled by default on client versions of Windows
#

---------------  S U M M A R Y ------------

Command Line: GUI.admin.ManHinhDangNhapAdmin

Host: Intel(R) Core(TM) i5-8250U CPU @ 1.60GHz, 8 cores, 11G,  Windows 10 , 64 bit Build 22000 (10.0.22000.708)
Time: Fri Dec  9 19:48:27 2022 SE Asia Standard Time elapsed time: 5.070590 seconds (0d 0h 0m 5s)

---------------  T H R E A D  ---------------

Current thread (0x000001f9f933f910):  JavaThread "C2 CompilerThread2" daemon [_thread_in_native, id=12740, stack(0x000000324de00000,0x000000324df00000)]


Current CompileTask:
C2:   5070 1849       4       java.math.BigInteger::mod (41 bytes)

Stack: [0x000000324de00000,0x000000324df00000]
Native frames: (J=compiled Java code, j=interpreted, Vv=VM code, C=native code)
V  [jvm.dll+0x6687ca]
V  [jvm.dll+0x7ca3c9]
V  [jvm.dll+0x7cbb53]
V  [jvm.dll+0x7cc1b3]
V  [jvm.dll+0x242ea5]
V  [jvm.dll+0xadeca]
V  [jvm.dll+0xae5ac]
V  [jvm.dll+0x35aed2]
V  [jvm.dll+0x3253d1]
V  [jvm.dll+0x32487a]
V  [jvm.dll+0x215f3c]
V  [jvm.dll+0x215350]
V  [jvm.dll+0x1a1d9b]
V  [jvm.dll+0x2253a8]
V  [jvm.dll+0x2233ec]
V  [jvm.dll+0x780002]
V  [jvm.dll+0x779b4a]
V  [jvm.dll+0x667666]
C  [ucrtbase.dll+0x26c0c]
C  [KERNEL32.DLL+0x154e0]
C  [ntdll.dll+0x485b]


---------------  P R O C E S S  ---------------

Threads class SMR info:
_java_thread_list=0x000001f9fa493640, length=21, elements={
0x000001f9f72ecbb0, 0x000001f9f72edcd0, 0x000001f9f73047c0, 0x000001f9f73050d0,
0x000001f9f7308a00, 0x000001f9f730de90, 0x000001f9f7311be0, 0x000001f9f73125e0,
0x000001f9f7312f30, 0x000001f9f7dd9130, 0x000001f9f7dda2f0, 0x000001f9f8037240,
0x000001f9f8037760, 0x000001f9f8037c80, 0x000001f9f80cc250, 0x000001f9d6d23ce0,
0x000001f9f9061520, 0x000001f9f91178f0, 0x000001f9f9118390, 0x000001f9f93449d0,
0x000001f9f933f910
}

Java Threads: ( => current thread )
  0x000001f9f72ecbb0 JavaThread "Reference Handler" daemon [_thread_blocked, id=1192, stack(0x000000324bf00000,0x000000324c000000)]
  0x000001f9f72edcd0 JavaThread "Finalizer" daemon [_thread_blocked, id=15920, stack(0x000000324c000000,0x000000324c100000)]
  0x000001f9f73047c0 JavaThread "Signal Dispatcher" daemon [_thread_blocked, id=2476, stack(0x000000324c100000,0x000000324c200000)]
  0x000001f9f73050d0 JavaThread "Attach Listener" daemon [_thread_blocked, id=15264, stack(0x000000324c200000,0x000000324c300000)]
  0x000001f9f7308a00 JavaThread "Service Thread" daemon [_thread_blocked, id=8908, stack(0x000000324c300000,0x000000324c400000)]
  0x000001f9f730de90 JavaThread "Monitor Deflation Thread" daemon [_thread_blocked, id=5156, stack(0x000000324c400000,0x000000324c500000)]
  0x000001f9f7311be0 JavaThread "C2 CompilerThread0" daemon [_thread_blocked, id=16720, stack(0x000000324c500000,0x000000324c600000)]
  0x000001f9f73125e0 JavaThread "C1 CompilerThread0" daemon [_thread_blocked, id=12304, stack(0x000000324c600000,0x000000324c700000)]
  0x000001f9f7312f30 JavaThread "Sweeper thread" daemon [_thread_blocked, id=5952, stack(0x000000324c700000,0x000000324c800000)]
  0x000001f9f7dd9130 JavaThread "Notification Thread" daemon [_thread_blocked, id=16928, stack(0x000000324c800000,0x000000324c900000)]
  0x000001f9f7dda2f0 JavaThread "Common-Cleaner" daemon [_thread_blocked, id=16408, stack(0x000000324ca00000,0x000000324cb00000)]
  0x000001f9f8037240 JavaThread "Java2D Disposer" daemon [_thread_blocked, id=17684, stack(0x000000324cb00000,0x000000324cc00000)]
  0x000001f9f8037760 JavaThread "AWT-Shutdown" [_thread_blocked, id=13200, stack(0x000000324cc00000,0x000000324cd00000)]
  0x000001f9f8037c80 JavaThread "AWT-Windows" daemon [_thread_in_native, id=15800, stack(0x000000324cd00000,0x000000324ce00000)]
  0x000001f9f80cc250 JavaThread "AWT-EventQueue-0" [_thread_blocked, id=8960, stack(0x000000324ce00000,0x000000324cf00000)]
  0x000001f9d6d23ce0 JavaThread "DestroyJavaVM" [_thread_blocked, id=16248, stack(0x000000324b800000,0x000000324b900000)]
  0x000001f9f9061520 JavaThread "SwingWorker-pool-2-thread-1" daemon [_thread_in_native, id=464, stack(0x000000324d400000,0x000000324d500000)]
  0x000001f9f91178f0 JavaThread "TimerQueue" daemon [_thread_blocked, id=17112, stack(0x000000324d500000,0x000000324d600000)]
  0x000001f9f9118390 JavaThread "pool-1-thread-1" [_thread_in_native, id=13496, stack(0x000000324d200000,0x000000324d300000)]
  0x000001f9f93449d0 JavaThread "C2 CompilerThread1" daemon [_thread_blocked, id=17292, stack(0x000000324dd00000,0x000000324de00000)]
=>0x000001f9f933f910 JavaThread "C2 CompilerThread2" daemon [_thread_in_native, id=12740, stack(0x000000324de00000,0x000000324df00000)]

Other Threads:
  0x000001f9f72e62b0 VMThread "VM Thread" [stack: 0x000000324be00000,0x000000324bf00000] [id=16332]
  0x000001f9f7dd9e60 WatcherThread [stack: 0x000000324c900000,0x000000324ca00000] [id=14836]
  0x000001f9d6d69390 GCTaskThread "GC Thread#0" [stack: 0x000000324b900000,0x000000324ba00000] [id=12424]
  0x000001f9fa262860 GCTaskThread "GC Thread#1" [stack: 0x000000324d600000,0x000000324d700000] [id=2152]
  0x000001f9f91e9040 GCTaskThread "GC Thread#2" [stack: 0x000000324d700000,0x000000324d800000] [id=11416]
  0x000001f9f91e9760 GCTaskThread "GC Thread#3" [stack: 0x000000324d800000,0x000000324d900000] [id=16480]
  0x000001f9f91e9e80 GCTaskThread "GC Thread#4" [stack: 0x000000324d900000,0x000000324da00000] [id=9476]
  0x000001f9f91ea190 GCTaskThread "GC Thread#5" [stack: 0x000000324da00000,0x000000324db00000] [id=17472]
  0x000001f9f91100a0 GCTaskThread "GC Thread#6" [stack: 0x000000324db00000,0x000000324dc00000] [id=7948]
  0x000001f9fa2a2180 GCTaskThread "GC Thread#7" [stack: 0x000000324dc00000,0x000000324dd00000] [id=6508]
  0x000001f9d6d76790 ConcurrentGCThread "G1 Main Marker" [stack: 0x000000324ba00000,0x000000324bb00000] [id=12440]
  0x000001f9d6d777b0 ConcurrentGCThread "G1 Conc#0" [stack: 0x000000324bb00000,0x000000324bc00000] [id=16984]
  0x000001f9d6dea870 ConcurrentGCThread "G1 Refine#0" [stack: 0x000000324bc00000,0x000000324bd00000] [id=17476]
  0x000001f9f71b00a0 ConcurrentGCThread "G1 Service" [stack: 0x000000324bd00000,0x000000324be00000] [id=8116]

Threads with active compile tasks:
C2 CompilerThread2     5167 1849       4       java.math.BigInteger::mod (41 bytes)

VM state: not at safepoint (normal execution)

VM Mutex/Monitor currently owned by a thread: None

Heap address: 0x0000000741c00000, size: 3044 MB, Compressed Oops mode: Zero based, Oop shift amount: 3

CDS archive(s) mapped at: [0x0000000800000000-0x0000000800bb0000-0x0000000800bb0000), size 12255232, SharedBaseAddress: 0x0000000800000000, ArchiveRelocationMode: 0.
Compressed class space mapped at: 0x0000000800c00000-0x0000000840c00000, reserved size: 1073741824
Narrow klass base: 0x0000000800000000, Narrow klass shift: 3, Narrow klass range: 0x100000000

GC Precious Log:
 CPUs: 8 total, 8 available
 Memory: 12174M
 Large Page Support: Disabled
 NUMA Support: Disabled
 Compressed Oops: Enabled (Zero based)
 Heap Region Size: 2M
 Heap Min Capacity: 8M
 Heap Initial Capacity: 192M
 Heap Max Capacity: 3044M
 Pre-touch: Disabled
 Parallel Workers: 8
 Concurrent Workers: 2
 Concurrent Refinement Workers: 8
 Periodic GC: Disabled

Heap:
 garbage-first heap   total 196608K, used 27739K [0x0000000741c00000, 0x0000000800000000)
  region size 2048K, 12 young (24576K), 2 survivors (4096K)
 Metaspace       used 17597K, committed 17792K, reserved 1064960K
  class space    used 1971K, committed 2048K, reserved 1048576K

Heap Regions: E=young(eden), S=young(survivor), O=old, HS=humongous(starts), HC=humongous(continues), CS=collection set, F=free, OA=open archive, CA=closed archive, TAMS=top-at-mark-start (previous, next)
|   0|0x0000000741c00000, 0x0000000741e00000, 0x0000000741e00000|100%|HS|  |TAMS 0x0000000741c00000, 0x0000000741c00000| Complete 
|   1|0x0000000741e00000, 0x0000000742000000, 0x0000000742000000|100%|HC|  |TAMS 0x0000000741e00000, 0x0000000741e00000| Complete 
|   2|0x0000000742000000, 0x0000000742116c00, 0x0000000742200000| 54%| O|  |TAMS 0x0000000742000000, 0x0000000742000000| Untracked 
|   3|0x0000000742200000, 0x0000000742200000, 0x0000000742400000|  0%| F|  |TAMS 0x0000000742200000, 0x0000000742200000| Untracked 
|   4|0x0000000742400000, 0x0000000742400000, 0x0000000742600000|  0%| F|  |TAMS 0x0000000742400000, 0x0000000742400000| Untracked 
|   5|0x0000000742600000, 0x0000000742600000, 0x0000000742800000|  0%| F|  |TAMS 0x0000000742600000, 0x0000000742600000| Untracked 
|   6|0x0000000742800000, 0x0000000742800000, 0x0000000742a00000|  0%| F|  |TAMS 0x0000000742800000, 0x0000000742800000| Untracked 
|   7|0x0000000742a00000, 0x0000000742a00000, 0x0000000742c00000|  0%| F|  |TAMS 0x0000000742a00000, 0x0000000742a00000| Untracked 
|   8|0x0000000742c00000, 0x0000000742c00000, 0x0000000742e00000|  0%| F|  |TAMS 0x0000000742c00000, 0x0000000742c00000| Untracked 
|   9|0x0000000742e00000, 0x0000000742e00000, 0x0000000743000000|  0%| F|  |TAMS 0x0000000742e00000, 0x0000000742e00000| Untracked 
|  10|0x0000000743000000, 0x0000000743000000, 0x0000000743200000|  0%| F|  |TAMS 0x0000000743000000, 0x0000000743000000| Untracked 
|  11|0x0000000743200000, 0x0000000743200000, 0x0000000743400000|  0%| F|  |TAMS 0x0000000743200000, 0x0000000743200000| Untracked 
|  12|0x0000000743400000, 0x0000000743400000, 0x0000000743600000|  0%| F|  |TAMS 0x0000000743400000, 0x0000000743400000| Untracked 
|  13|0x0000000743600000, 0x0000000743600000, 0x0000000743800000|  0%| F|  |TAMS 0x0000000743600000, 0x0000000743600000| Untracked 
|  14|0x0000000743800000, 0x0000000743800000, 0x0000000743a00000|  0%| F|  |TAMS 0x0000000743800000, 0x0000000743800000| Untracked 
|  15|0x0000000743a00000, 0x0000000743a00000, 0x0000000743c00000|  0%| F|  |TAMS 0x0000000743a00000, 0x0000000743a00000| Untracked 
|  16|0x0000000743c00000, 0x0000000743c00000, 0x0000000743e00000|  0%| F|  |TAMS 0x0000000743c00000, 0x0000000743c00000| Untracked 
|  17|0x0000000743e00000, 0x0000000743e00000, 0x0000000744000000|  0%| F|  |TAMS 0x0000000743e00000, 0x0000000743e00000| Untracked 
|  18|0x0000000744000000, 0x0000000744000000, 0x0000000744200000|  0%| F|  |TAMS 0x0000000744000000, 0x0000000744000000| Untracked 
|  19|0x0000000744200000, 0x0000000744200000, 0x0000000744400000|  0%| F|  |TAMS 0x0000000744200000, 0x0000000744200000| Untracked 
|  20|0x0000000744400000, 0x0000000744400000, 0x0000000744600000|  0%| F|  |TAMS 0x0000000744400000, 0x0000000744400000| Untracked 
|  21|0x0000000744600000, 0x0000000744600000, 0x0000000744800000|  0%| F|  |TAMS 0x0000000744600000, 0x0000000744600000| Untracked 
|  22|0x0000000744800000, 0x0000000744800000, 0x0000000744a00000|  0%| F|  |TAMS 0x0000000744800000, 0x0000000744800000| Untracked 
|  23|0x0000000744a00000, 0x0000000744a00000, 0x0000000744c00000|  0%| F|  |TAMS 0x0000000744a00000, 0x0000000744a00000| Untracked 
|  24|0x0000000744c00000, 0x0000000744c00000, 0x0000000744e00000|  0%| F|  |TAMS 0x0000000744c00000, 0x0000000744c00000| Untracked 
|  25|0x0000000744e00000, 0x0000000744e00000, 0x0000000745000000|  0%| F|  |TAMS 0x0000000744e00000, 0x0000000744e00000| Untracked 
|  26|0x0000000745000000, 0x0000000745000000, 0x0000000745200000|  0%| F|  |TAMS 0x0000000745000000, 0x0000000745000000| Untracked 
|  27|0x0000000745200000, 0x0000000745200000, 0x0000000745400000|  0%| F|  |TAMS 0x0000000745200000, 0x0000000745200000| Untracked 
|  28|0x0000000745400000, 0x0000000745400000, 0x0000000745600000|  0%| F|  |TAMS 0x0000000745400000, 0x0000000745400000| Untracked 
|  29|0x0000000745600000, 0x0000000745600000, 0x0000000745800000|  0%| F|  |TAMS 0x0000000745600000, 0x0000000745600000| Untracked 
|  30|0x0000000745800000, 0x0000000745800000, 0x0000000745a00000|  0%| F|  |TAMS 0x0000000745800000, 0x0000000745800000| Untracked 
|  31|0x0000000745a00000, 0x0000000745a00000, 0x0000000745c00000|  0%| F|  |TAMS 0x0000000745a00000, 0x0000000745a00000| Untracked 
|  32|0x0000000745c00000, 0x0000000745c00000, 0x0000000745e00000|  0%| F|  |TAMS 0x0000000745c00000, 0x0000000745c00000| Untracked 
|  33|0x0000000745e00000, 0x0000000745e00000, 0x0000000746000000|  0%| F|  |TAMS 0x0000000745e00000, 0x0000000745e00000| Untracked 
|  34|0x0000000746000000, 0x0000000746000000, 0x0000000746200000|  0%| F|  |TAMS 0x0000000746000000, 0x0000000746000000| Untracked 
|  35|0x0000000746200000, 0x0000000746200000, 0x0000000746400000|  0%| F|  |TAMS 0x0000000746200000, 0x0000000746200000| Untracked 
|  36|0x0000000746400000, 0x0000000746400000, 0x0000000746600000|  0%| F|  |TAMS 0x0000000746400000, 0x0000000746400000| Untracked 
|  37|0x0000000746600000, 0x0000000746600000, 0x0000000746800000|  0%| F|  |TAMS 0x0000000746600000, 0x0000000746600000| Untracked 
|  38|0x0000000746800000, 0x0000000746800000, 0x0000000746a00000|  0%| F|  |TAMS 0x0000000746800000, 0x0000000746800000| Untracked 
|  39|0x0000000746a00000, 0x0000000746a00000, 0x0000000746c00000|  0%| F|  |TAMS 0x0000000746a00000, 0x0000000746a00000| Untracked 
|  40|0x0000000746c00000, 0x0000000746c00000, 0x0000000746e00000|  0%| F|  |TAMS 0x0000000746c00000, 0x0000000746c00000| Untracked 
|  41|0x0000000746e00000, 0x0000000746e00000, 0x0000000747000000|  0%| F|  |TAMS 0x0000000746e00000, 0x0000000746e00000| Untracked 
|  42|0x0000000747000000, 0x0000000747000000, 0x0000000747200000|  0%| F|  |TAMS 0x0000000747000000, 0x0000000747000000| Untracked 
|  43|0x0000000747200000, 0x0000000747200000, 0x0000000747400000|  0%| F|  |TAMS 0x0000000747200000, 0x0000000747200000| Untracked 
|  44|0x0000000747400000, 0x0000000747400000, 0x0000000747600000|  0%| F|  |TAMS 0x0000000747400000, 0x0000000747400000| Untracked 
|  45|0x0000000747600000, 0x0000000747600000, 0x0000000747800000|  0%| F|  |TAMS 0x0000000747600000, 0x0000000747600000| Untracked 
|  46|0x0000000747800000, 0x0000000747800000, 0x0000000747a00000|  0%| F|  |TAMS 0x0000000747800000, 0x0000000747800000| Untracked 
|  47|0x0000000747a00000, 0x0000000747a00000, 0x0000000747c00000|  0%| F|  |TAMS 0x0000000747a00000, 0x0000000747a00000| Untracked 
|  48|0x0000000747c00000, 0x0000000747c00000, 0x0000000747e00000|  0%| F|  |TAMS 0x0000000747c00000, 0x0000000747c00000| Untracked 
|  49|0x0000000747e00000, 0x0000000747e00000, 0x0000000748000000|  0%| F|  |TAMS 0x0000000747e00000, 0x0000000747e00000| Untracked 
|  50|0x0000000748000000, 0x0000000748000000, 0x0000000748200000|  0%| F|  |TAMS 0x0000000748000000, 0x0000000748000000| Untracked 
|  51|0x0000000748200000, 0x0000000748200000, 0x0000000748400000|  0%| F|  |TAMS 0x0000000748200000, 0x0000000748200000| Untracked 
|  52|0x0000000748400000, 0x0000000748400000, 0x0000000748600000|  0%| F|  |TAMS 0x0000000748400000, 0x0000000748400000| Untracked 
|  53|0x0000000748600000, 0x0000000748600000, 0x0000000748800000|  0%| F|  |TAMS 0x0000000748600000, 0x0000000748600000| Untracked 
|  54|0x0000000748800000, 0x0000000748800000, 0x0000000748a00000|  0%| F|  |TAMS 0x0000000748800000, 0x0000000748800000| Untracked 
|  55|0x0000000748a00000, 0x0000000748a00000, 0x0000000748c00000|  0%| F|  |TAMS 0x0000000748a00000, 0x0000000748a00000| Untracked 
|  56|0x0000000748c00000, 0x0000000748c00000, 0x0000000748e00000|  0%| F|  |TAMS 0x0000000748c00000, 0x0000000748c00000| Untracked 
|  57|0x0000000748e00000, 0x0000000748e00000, 0x0000000749000000|  0%| F|  |TAMS 0x0000000748e00000, 0x0000000748e00000| Untracked 
|  58|0x0000000749000000, 0x0000000749000000, 0x0000000749200000|  0%| F|  |TAMS 0x0000000749000000, 0x0000000749000000| Untracked 
|  59|0x0000000749200000, 0x0000000749200000, 0x0000000749400000|  0%| F|  |TAMS 0x0000000749200000, 0x0000000749200000| Untracked 
|  60|0x0000000749400000, 0x0000000749400000, 0x0000000749600000|  0%| F|  |TAMS 0x0000000749400000, 0x0000000749400000| Untracked 
|  61|0x0000000749600000, 0x0000000749600000, 0x0000000749800000|  0%| F|  |TAMS 0x0000000749600000, 0x0000000749600000| Untracked 
|  62|0x0000000749800000, 0x0000000749800000, 0x0000000749a00000|  0%| F|  |TAMS 0x0000000749800000, 0x0000000749800000| Untracked 
|  63|0x0000000749a00000, 0x0000000749a00000, 0x0000000749c00000|  0%| F|  |TAMS 0x0000000749a00000, 0x0000000749a00000| Untracked 
|  64|0x0000000749c00000, 0x0000000749c00000, 0x0000000749e00000|  0%| F|  |TAMS 0x0000000749c00000, 0x0000000749c00000| Untracked 
|  65|0x0000000749e00000, 0x0000000749e00000, 0x000000074a000000|  0%| F|  |TAMS 0x0000000749e00000, 0x0000000749e00000| Untracked 
|  66|0x000000074a000000, 0x000000074a000000, 0x000000074a200000|  0%| F|  |TAMS 0x000000074a000000, 0x000000074a000000| Untracked 
|  67|0x000000074a200000, 0x000000074a200000, 0x000000074a400000|  0%| F|  |TAMS 0x000000074a200000, 0x000000074a200000| Untracked 
|  68|0x000000074a400000, 0x000000074a400000, 0x000000074a600000|  0%| F|  |TAMS 0x000000074a400000, 0x000000074a400000| Untracked 
|  69|0x000000074a600000, 0x000000074a600000, 0x000000074a800000|  0%| F|  |TAMS 0x000000074a600000, 0x000000074a600000| Untracked 
|  70|0x000000074a800000, 0x000000074a800000, 0x000000074aa00000|  0%| F|  |TAMS 0x000000074a800000, 0x000000074a800000| Untracked 
|  71|0x000000074aa00000, 0x000000074aa00000, 0x000000074ac00000|  0%| F|  |TAMS 0x000000074aa00000, 0x000000074aa00000| Untracked 
|  72|0x000000074ac00000, 0x000000074ac00000, 0x000000074ae00000|  0%| F|  |TAMS 0x000000074ac00000, 0x000000074ac00000| Untracked 
|  73|0x000000074ae00000, 0x000000074ae00000, 0x000000074b000000|  0%| F|  |TAMS 0x000000074ae00000, 0x000000074ae00000| Untracked 
|  74|0x000000074b000000, 0x000000074b000000, 0x000000074b200000|  0%| F|  |TAMS 0x000000074b000000, 0x000000074b000000| Untracked 
|  75|0x000000074b200000, 0x000000074b200000, 0x000000074b400000|  0%| F|  |TAMS 0x000000074b200000, 0x000000074b200000| Untracked 
|  76|0x000000074b400000, 0x000000074b400000, 0x000000074b600000|  0%| F|  |TAMS 0x000000074b400000, 0x000000074b400000| Untracked 
|  77|0x000000074b600000, 0x000000074b600000, 0x000000074b800000|  0%| F|  |TAMS 0x000000074b600000, 0x000000074b600000| Untracked 
|  78|0x000000074b800000, 0x000000074b800000, 0x000000074ba00000|  0%| F|  |TAMS 0x000000074b800000, 0x000000074b800000| Untracked 
|  79|0x000000074ba00000, 0x000000074ba00000, 0x000000074bc00000|  0%| F|  |TAMS 0x000000074ba00000, 0x000000074ba00000| Untracked 
|  80|0x000000074bc00000, 0x000000074bc00000, 0x000000074be00000|  0%| F|  |TAMS 0x000000074bc00000, 0x000000074bc00000| Untracked 
|  81|0x000000074be00000, 0x000000074be00000, 0x000000074c000000|  0%| F|  |TAMS 0x000000074be00000, 0x000000074be00000| Untracked 
|  82|0x000000074c000000, 0x000000074c000000, 0x000000074c200000|  0%| F|  |TAMS 0x000000074c000000, 0x000000074c000000| Untracked 
|  83|0x000000074c200000, 0x000000074c400000, 0x000000074c400000|100%| S|CS|TAMS 0x000000074c200000, 0x000000074c200000| Complete 
|  84|0x000000074c400000, 0x000000074c600000, 0x000000074c600000|100%| S|CS|TAMS 0x000000074c400000, 0x000000074c400000| Complete 
|  85|0x000000074c600000, 0x000000074c600000, 0x000000074c800000|  0%| F|  |TAMS 0x000000074c600000, 0x000000074c600000| Untracked 
|  86|0x000000074c800000, 0x000000074c93c1b8, 0x000000074ca00000| 61%| E|  |TAMS 0x000000074c800000, 0x000000074c800000| Complete 
|  87|0x000000074ca00000, 0x000000074cc00000, 0x000000074cc00000|100%| E|CS|TAMS 0x000000074ca00000, 0x000000074ca00000| Complete 
|  88|0x000000074cc00000, 0x000000074ce00000, 0x000000074ce00000|100%| E|CS|TAMS 0x000000074cc00000, 0x000000074cc00000| Complete 
|  89|0x000000074ce00000, 0x000000074d000000, 0x000000074d000000|100%| E|CS|TAMS 0x000000074ce00000, 0x000000074ce00000| Complete 
|  90|0x000000074d000000, 0x000000074d200000, 0x000000074d200000|100%| E|CS|TAMS 0x000000074d000000, 0x000000074d000000| Complete 
|  91|0x000000074d200000, 0x000000074d400000, 0x000000074d400000|100%| E|CS|TAMS 0x000000074d200000, 0x000000074d200000| Complete 
|  92|0x000000074d400000, 0x000000074d600000, 0x000000074d600000|100%| E|CS|TAMS 0x000000074d400000, 0x000000074d400000| Complete 
|  93|0x000000074d600000, 0x000000074d800000, 0x000000074d800000|100%| E|CS|TAMS 0x000000074d600000, 0x000000074d600000| Complete 
|  94|0x000000074d800000, 0x000000074da00000, 0x000000074da00000|100%| E|CS|TAMS 0x000000074d800000, 0x000000074d800000| Complete 
|  95|0x000000074da00000, 0x000000074dc00000, 0x000000074dc00000|100%| E|CS|TAMS 0x000000074da00000, 0x000000074da00000| Complete 

Card table byte_map: [0x000001f9eddd0000,0x000001f9ee3d0000] _byte_map_base: 0x000001f9ea3c2000

Marking Bits (Prev, Next): (CMBitMap*) 0x000001f9d6d69810, (CMBitMap*) 0x000001f9d6d69850
 Prev Bits: [0x000001f9ee9d0000, 0x000001f9f1960000)
 Next Bits: [0x000001f9f1960000, 0x000001f9f48f0000)

Polling page: 0x000001f9d6500000

Metaspace:

Usage:
  Non-class:     15.26 MB used.
      Class:      1.93 MB used.
       Both:     17.18 MB used.

Virtual space:
  Non-class space:       16.00 MB reserved,      15.38 MB ( 96%) committed,  2 nodes.
      Class space:        1.00 GB reserved,       2.00 MB ( <1%) committed,  1 nodes.
              Both:        1.02 GB reserved,      17.38 MB (  2%) committed. 

Chunk freelists:
   Non-Class:  422.00 KB
       Class:  2.00 MB
        Both:  2.42 MB

MaxMetaspaceSize: 17179869184.00 GB
CompressedClassSpaceSize: 1.00 GB
 - commit_granule_bytes: 65536.
 - commit_granule_words: 8192.
 - virtual_space_node_default_size: 1048576.
 - enlarge_chunks_in_place: 1.
 - new_chunks_are_fully_committed: 0.
 - uncommit_free_chunks: 1.
 - use_allocation_guard: 0.
 - handle_deallocations: 1.


Internal statistics:

num_allocs_failed_limit: 0.
num_arena_births: 152.
num_arena_deaths: 0.
num_vsnodes_births: 3.
num_vsnodes_deaths: 0.
num_space_committed: 278.
num_space_uncommitted: 0.
num_chunks_returned_to_freelist: 0.
num_chunks_taken_from_freelist: 259.
num_chunk_merges: 0.
num_chunk_splits: 150.
num_chunks_enlarged: 78.
num_purges: 0.

CodeHeap 'non-profiled nmethods': size=120000Kb used=708Kb max_used=708Kb free=119291Kb
 bounds [0x000001f9e5f70000, 0x000001f9e61e0000, 0x000001f9ed4a0000]
CodeHeap 'profiled nmethods': size=120000Kb used=3200Kb max_used=3200Kb free=116799Kb
 bounds [0x000001f9dea40000, 0x000001f9ded70000, 0x000001f9e5f70000]
CodeHeap 'non-nmethods': size=5760Kb used=1364Kb max_used=1401Kb free=4395Kb
 bounds [0x000001f9de4a0000, 0x000001f9de710000, 0x000001f9dea40000]
 total_blobs=2575 nmethods=1872 adapters=616
 compilation: enabled
              stopped_count=0, restarted_count=0
 full_count=0

Compilation events (20 events):
Event: 4.989 Thread 0x000001f9f73125e0 1873       3       java.math.BigInteger::leftShift (109 bytes)
Event: 4.990 Thread 0x000001f9f73125e0 nmethod 1873 0x000001f9ded5c290 code [0x000001f9ded5c4a0, 0x000001f9ded5cad8]
Event: 4.990 Thread 0x000001f9f73125e0 1874       3       java.math.BigInteger::<init> (82 bytes)
Event: 4.991 Thread 0x000001f9f73125e0 nmethod 1874 0x000001f9ded5cd10 code [0x000001f9ded5cf40, 0x000001f9ded5d738]
Event: 4.994 Thread 0x000001f9f73125e0 1877       3       java.math.MutableBigInteger::difference (176 bytes)
Event: 4.995 Thread 0x000001f9f73125e0 nmethod 1877 0x000001f9ded5da10 code [0x000001f9ded5dc00, 0x000001f9ded5e0d8]
Event: 4.995 Thread 0x000001f9f73125e0 1878       3       java.math.SignedMutableBigInteger::signedSubtract (34 bytes)
Event: 4.996 Thread 0x000001f9f73125e0 nmethod 1878 0x000001f9ded5e390 code [0x000001f9ded5e560, 0x000001f9ded5e878]
Event: 4.996 Thread 0x000001f9f73125e0 1879       3       java.math.SignedMutableBigInteger::signedAdd (34 bytes)
Event: 4.996 Thread 0x000001f9f73125e0 nmethod 1879 0x000001f9ded5e990 code [0x000001f9ded5eb60, 0x000001f9ded5ee78]
Event: 4.997 Thread 0x000001f9f73125e0 1880       3       java.math.MutableBigInteger::copyAndShift (73 bytes)
Event: 4.997 Thread 0x000001f9f73125e0 nmethod 1880 0x000001f9ded5ef90 code [0x000001f9ded5f140, 0x000001f9ded5f3d8]
Event: 4.997 Thread 0x000001f9f73125e0 1881       3       java.math.MutableBigInteger::mul (173 bytes)
Event: 4.998 Thread 0x000001f9f73125e0 nmethod 1881 0x000001f9ded5f590 code [0x000001f9ded5f780, 0x000001f9ded5fe38]
Event: 5.024 Thread 0x000001f9f7311be0 nmethod 1850 0x000001f9e6017690 code [0x000001f9e60178e0, 0x000001f9e6018ef8]
Event: 5.024 Thread 0x000001f9f7311be0 1869 %     4       java.math.BigInteger::oddModPow @ 530 (795 bytes)
Event: 5.050 Thread 0x000001f9f93449d0 nmethod 1866 0x000001f9e6019a90 code [0x000001f9e6019ce0, 0x000001f9e601b898]
Event: 5.050 Thread 0x000001f9f93449d0 1845       4       java.math.BigInteger::testBit (38 bytes)
Event: 5.052 Thread 0x000001f9f93449d0 nmethod 1845 0x000001f9e601c510 code [0x000001f9e601c6a0, 0x000001f9e601c7f8]
Event: 5.052 Thread 0x000001f9f93449d0 1847       4       java.math.MutableBigInteger::divideKnuth (272 bytes)

GC Heap History (2 events):
Event: 2.271 GC heap before
{Heap before GC invocations=0 (full 0):
 garbage-first heap   total 196608K, used 26624K [0x0000000741c00000, 0x0000000800000000)
  region size 2048K, 11 young (22528K), 0 survivors (0K)
 Metaspace       used 15326K, committed 15552K, reserved 1064960K
  class space    used 1705K, committed 1792K, reserved 1048576K
}
Event: 2.279 GC heap after
{Heap after GC invocations=1 (full 0):
 garbage-first heap   total 196608K, used 9307K [0x0000000741c00000, 0x0000000800000000)
  region size 2048K, 2 young (4096K), 2 survivors (4096K)
 Metaspace       used 15326K, committed 15552K, reserved 1064960K
  class space    used 1705K, committed 1792K, reserved 1048576K
}

Deoptimization events (20 events):
Event: 4.914 Thread 0x000001f9f9118390 DEOPT PACKING pc=0x000001f9e600b98c sp=0x000000324d2fe4d0
Event: 4.914 Thread 0x000001f9f9118390 DEOPT UNPACKING pc=0x000001f9de4ed72e sp=0x000000324d2fe4a0 mode 2
Event: 4.915 Thread 0x000001f9f9118390 Uncommon trap: trap_request=0xffffffbe fr.pc=0x000001f9e600b98c relative=0x00000000000009cc
Event: 4.915 Thread 0x000001f9f9118390 Uncommon trap: reason=profile_predicate action=maybe_recompile pc=0x000001f9e600b98c method=java.math.BigInteger.montReduce([I[III)[I @ 9 c2
Event: 4.915 Thread 0x000001f9f9118390 DEOPT PACKING pc=0x000001f9e600b98c sp=0x000000324d2fe4e0
Event: 4.915 Thread 0x000001f9f9118390 DEOPT UNPACKING pc=0x000001f9de4ed72e sp=0x000000324d2fe4b0 mode 2
Event: 4.950 Thread 0x000001f9f9118390 DEOPT PACKING pc=0x000001f9debac0b2 sp=0x000000324d2fe750
Event: 4.950 Thread 0x000001f9f9118390 DEOPT UNPACKING pc=0x000001f9de4edece sp=0x000000324d2fdba8 mode 0
Event: 4.952 Thread 0x000001f9f9118390 DEOPT PACKING pc=0x000001f9debac0b2 sp=0x000000324d2fe750
Event: 4.952 Thread 0x000001f9f9118390 DEOPT UNPACKING pc=0x000001f9de4edece sp=0x000000324d2fdba8 mode 0
Event: 4.959 Thread 0x000001f9f9118390 DEOPT PACKING pc=0x000001f9deba52b5 sp=0x000000324d2fe6f0
Event: 4.959 Thread 0x000001f9f9118390 DEOPT UNPACKING pc=0x000001f9de4edece sp=0x000000324d2fdb90 mode 0
Event: 4.965 Thread 0x000001f9f9118390 DEOPT PACKING pc=0x000001f9decac763 sp=0x000000324d2fe330
Event: 4.965 Thread 0x000001f9f9118390 DEOPT UNPACKING pc=0x000001f9de4edece sp=0x000000324d2fd7b8 mode 0
Event: 4.979 Thread 0x000001f9f9118390 DEOPT PACKING pc=0x000001f9decac763 sp=0x000000324d2fe380
Event: 4.979 Thread 0x000001f9f9118390 DEOPT UNPACKING pc=0x000001f9de4edece sp=0x000000324d2fd808 mode 0
Event: 4.997 Thread 0x000001f9f9118390 Uncommon trap: trap_request=0xffffff45 fr.pc=0x000001f9e60156b0 relative=0x0000000000000290
Event: 4.997 Thread 0x000001f9f9118390 Uncommon trap: reason=unstable_if action=reinterpret pc=0x000001f9e60156b0 method=java.math.MutableBigInteger.getMagnitudeArray()[I @ 16 c2
Event: 4.998 Thread 0x000001f9f9118390 DEOPT PACKING pc=0x000001f9e60156b0 sp=0x000000324d2fe990
Event: 4.998 Thread 0x000001f9f9118390 DEOPT UNPACKING pc=0x000001f9de4ed72e sp=0x000000324d2fe950 mode 2

Classes unloaded (0 events):
No events

Classes redefined (0 events):
No events

Internal exceptions (20 events):
Event: 0.241 Thread 0x000001f9d6d23ce0 Exception <a 'java/lang/ClassNotFoundException'{0x000000074d729158}: Tree> (0x000000074d729158) 
thrown [t:\workspace\open\src\hotspot\share\classfile\systemDictionary.cpp, line 256]
Event: 0.241 Thread 0x000001f9d6d23ce0 Exception <a 'java/lang/ClassNotFoundException'{0x000000074d7294c8}: javax/swing/JTreeCell> (0x000000074d7294c8) 
thrown [t:\workspace\open\src\hotspot\share\classfile\systemDictionary.cpp, line 256]
Event: 0.241 Thread 0x000001f9d6d23ce0 Exception <a 'java/lang/ClassNotFoundException'{0x000000074d7297c8}: TreeCell> (0x000000074d7297c8) 
thrown [t:\workspace\open\src\hotspot\share\classfile\systemDictionary.cpp, line 256]
Event: 0.241 Thread 0x000001f9d6d23ce0 Exception <a 'java/lang/ClassNotFoundException'{0x000000074d729f88}: RootPane> (0x000000074d729f88) 
thrown [t:\workspace\open\src\hotspot\share\classfile\systemDictionary.cpp, line 256]
Event: 0.242 Thread 0x000001f9d6d23ce0 Exception <a 'java/lang/ClassNotFoundException'{0x000000074d72cdd8}: com/sun/swing/internal/plaf/metal/resources/spi/metalProvider> (0x000000074d72cdd8) 
thrown [t:\workspace\open\src\hotspot\share\classfile\systemDictionary.cpp, line 256]
Event: 0.243 Thread 0x000001f9d6d23ce0 Exception <a 'java/lang/ClassNotFoundException'{0x000000074d730b98}: com/sun/swing/internal/plaf/basic/resources/spi/basicProvider> (0x000000074d730b98) 
thrown [t:\workspace\open\src\hotspot\share\classfile\systemDictionary.cpp, line 256]
Event: 0.260 Thread 0x000001f9f80cc250 Exception <a 'java/lang/ClassNotFoundException'{0x000000074d417988}: com/sun/swing/internal/plaf/synth/resources/spi/synthProvider> (0x000000074d417988) 
thrown [t:\workspace\open\src\hotspot\share\classfile\systemDictionary.cpp, line 256]
Event: 0.323 Thread 0x000001f9f80cc250 Exception <a 'java/lang/NoSuchMethodError'{0x000000074d4bf408}: 'void java.lang.invoke.DirectMethodHandle$Holder.invokeStaticInit(java.lang.Object)'> (0x000000074d4bf408) 
thrown [t:\workspace\open\src\hotspot\share\interpreter\linkResolver.cpp, line 790]
Event: 0.418 Thread 0x000001f9f8037c80 Exception <a 'java/lang/NoSuchMethodError'{0x000000074d978450}: 'void java.lang.invoke.DirectMethodHandle$Holder.invokeVirtual(java.lang.Object, java.lang.Object)'> (0x000000074d978450) 
thrown [t:\workspace\open\src\hotspot\share\interpreter\linkResolver.cpp, line 790]
Event: 0.450 Thread 0x000001f9f80cc250 Exception <a 'java/lang/NoSuchMethodError'{0x000000074d5953f0}: 'java.lang.Object java.lang.invoke.DirectMethodHandle$Holder.invokeStaticInit(java.lang.Object, int, int, int, int)'> (0x000000074d5953f0) 
thrown [t:\workspace\open\src\hotspot\share\interpreter\linkResolver.cpp, line 790]
Event: 0.509 Thread 0x000001f9f80cc250 Exception <a 'java/lang/NoSuchMethodError'{0x000000074d5d9ed8}: 'java.lang.Object java.lang.invoke.DirectMethodHandle$Holder.invokeStaticInit(java.lang.Object, java.lang.Object, int, int, int, int)'> (0x000000074d5d9ed8) 
thrown [t:\workspace\open\src\hotspot\share\interpreter\linkResolver.cpp, line 790]
Event: 1.663 Thread 0x000001f9f9061520 Exception <a 'java/lang/NoSuchMethodError'{0x000000074d163068}: 'void java.lang.invoke.DirectMethodHandle$Holder.invokeStatic(java.lang.Object, java.lang.Object)'> (0x000000074d163068) 
thrown [t:\workspace\open\src\hotspot\share\interpreter\linkResolver.cpp, line 790]
Event: 1.740 Thread 0x000001f9f9061520 Exception <a 'sun/nio/fs/WindowsException'{0x000000074cc91af0}> (0x000000074cc91af0) 
thrown [t:\workspace\open\src\hotspot\share\prims\jni.cpp, line 579]
Event: 1.753 Thread 0x000001f9f9061520 Exception <a 'java/lang/NoSuchMethodError'{0x000000074ccb7618}: 'int java.lang.invoke.DirectMethodHandle$Holder.invokeStaticInit(java.lang.Object, java.lang.Object, java.lang.Object, java.lang.Object)'> (0x000000074ccb7618) 
thrown [t:\workspace\open\src\hotspot\share\interpreter\linkResolver.cpp, line 790]
Event: 1.755 Thread 0x000001f9f9061520 Exception <a 'java/lang/NoSuchMethodError'{0x000000074ccc15b0}: 'java.lang.Object java.lang.invoke.DirectMethodHandle$Holder.invokeInterface(java.lang.Object, java.lang.Object)'> (0x000000074ccc15b0) 
thrown [t:\workspace\open\src\hotspot\share\interpreter\linkResolver.cpp, line 790]
Event: 1.755 Thread 0x000001f9f9061520 Exception <a 'java/lang/IncompatibleClassChangeError'{0x000000074ccc4fa8}: Found class java.lang.Object, but interface was expected> (0x000000074ccc4fa8) 
thrown [t:\workspace\open\src\hotspot\share\interpreter\linkResolver.cpp, line 857]
Event: 1.756 Thread 0x000001f9f9061520 Exception <a 'java/lang/NoSuchMethodError'{0x000000074ccc81d8}: 'void java.lang.invoke.DirectMethodHandle$Holder.invokeStaticInit(java.lang.Object, java.lang.Object)'> (0x000000074ccc81d8) 
thrown [t:\workspace\open\src\hotspot\share\interpreter\linkResolver.cpp, line 790]
Event: 1.758 Thread 0x000001f9f9061520 Exception <a 'java/lang/NoSuchMethodError'{0x000000074ccce9b8}: 'int java.lang.invoke.DirectMethodHandle$Holder.invokeStaticInit(java.lang.Object, java.lang.Object)'> (0x000000074ccce9b8) 
thrown [t:\workspace\open\src\hotspot\share\interpreter\linkResolver.cpp, line 790]
Event: 1.826 Thread 0x000001f9f9061520 Implicit null exception at 0x000001f9e5fd5ff5 to 0x000001f9e5fd65bc
Event: 2.562 Thread 0x000001f9f9061520 Exception <a 'java/lang/NoSuchMethodError'{0x000000074db2a0e0}: 'void java.lang.invoke.DirectMethodHandle$Holder.invokeStatic(java.lang.Object, java.lang.Object, java.lang.Object)'> (0x000000074db2a0e0) 
thrown [t:\workspace\open\src\hotspot\share\interpreter\linkResolver.cpp, line 790]

Events (20 events):
Event: 4.883 loading class java/io/ObjectOutput
Event: 4.883 loading class java/io/ObjectOutput done
Event: 4.883 loading class java/io/ObjectStreamConstants
Event: 4.883 loading class java/io/ObjectStreamConstants done
Event: 4.883 loading class java/io/ObjectOutputStream done
Event: 4.883 loading class java/io/ObjectOutputStream$BlockDataOutputStream
Event: 4.883 loading class java/io/ObjectOutputStream$BlockDataOutputStream done
Event: 4.883 loading class java/io/DataOutputStream
Event: 4.883 loading class java/io/DataOutputStream done
Event: 4.883 loading class java/io/ObjectOutputStream$HandleTable
Event: 4.883 loading class java/io/ObjectOutputStream$HandleTable done
Event: 4.883 loading class java/io/ObjectOutputStream$ReplaceTable
Event: 4.884 loading class java/io/ObjectOutputStream$ReplaceTable done
Event: 4.884 loading class java/io/Bits
Event: 4.884 loading class java/io/Bits done
Event: 4.884 Thread 0x000001f9f9118390 Thread added: 0x000001f9f9118390
Event: 4.890 Thread 0x000001f9f93449d0 Thread added: 0x000001f9f93449d0
Event: 4.900 Thread 0x000001f9f933f910 Thread added: 0x000001f9f933f910
Event: 4.998 Executing  VM operation: ThreadDump
Event: 4.998 Executing  VM operation: ThreadDump done


Dynamic libraries:
0x00007ff6cf270000 - 0x00007ff6cf280000 	C:\Program Files\Java\jdk-16.0.1\bin\java.exe
0x00007fff284e0000 - 0x00007fff286e9000 	C:\WINDOWS\SYSTEM32\ntdll.dll
0x00007fff27920000 - 0x00007fff279dd000 	C:\WINDOWS\System32\KERNEL32.DLL
0x00007fff25c10000 - 0x00007fff25f8b000 	C:\WINDOWS\System32\KERNELBASE.dll
0x00007fff25af0000 - 0x00007fff25c01000 	C:\WINDOWS\System32\ucrtbase.dll
0x00007fff1fcf0000 - 0x00007fff1fd09000 	C:\Program Files\Java\jdk-16.0.1\bin\VCRUNTIME140.dll
0x00007fff15410000 - 0x00007fff15428000 	C:\Program Files\Java\jdk-16.0.1\bin\jli.dll
0x00007fff27450000 - 0x00007fff274fe000 	C:\WINDOWS\System32\ADVAPI32.dll
0x00007fff27d70000 - 0x00007fff27e13000 	C:\WINDOWS\System32\msvcrt.dll
0x00007fff263a0000 - 0x00007fff2643e000 	C:\WINDOWS\System32\sechost.dll
0x00007fff276c0000 - 0x00007fff277e0000 	C:\WINDOWS\System32\RPCRT4.dll
0x00007fff27e20000 - 0x00007fff27fcd000 	C:\WINDOWS\System32\USER32.dll
0x00007fff26000000 - 0x00007fff26026000 	C:\WINDOWS\System32\win32u.dll
0x00007fff16d70000 - 0x00007fff17015000 	C:\WINDOWS\WinSxS\amd64_microsoft.windows.common-controls_6595b64144ccf1df_6.0.22000.120_none_9d947278b86cc467\COMCTL32.dll
0x00007fff28470000 - 0x00007fff28499000 	C:\WINDOWS\System32\GDI32.dll
0x00007fff26240000 - 0x00007fff26358000 	C:\WINDOWS\System32\gdi32full.dll
0x00007fff261a0000 - 0x00007fff2623d000 	C:\WINDOWS\System32\msvcp_win.dll
0x00007fff1e110000 - 0x00007fff1e11a000 	C:\WINDOWS\SYSTEM32\VERSION.dll
0x00007fff26360000 - 0x00007fff26391000 	C:\WINDOWS\System32\IMM32.DLL
0x00007fff1fcd0000 - 0x00007fff1fcdc000 	C:\Program Files\Java\jdk-16.0.1\bin\vcruntime140_1.dll
0x00007fff0d430000 - 0x00007fff0d4c1000 	C:\Program Files\Java\jdk-16.0.1\bin\msvcp140.dll
0x00007ffef8f30000 - 0x00007ffef9adb000 	C:\Program Files\Java\jdk-16.0.1\bin\server\jvm.dll
0x00007fff273b0000 - 0x00007fff273b8000 	C:\WINDOWS\System32\PSAPI.DLL
0x00007fff1f250000 - 0x00007fff1f283000 	C:\WINDOWS\SYSTEM32\WINMM.dll
0x00007fff13890000 - 0x00007fff13899000 	C:\WINDOWS\SYSTEM32\WSOCK32.dll
0x00007fff26530000 - 0x00007fff2659f000 	C:\WINDOWS\System32\WS2_32.dll
0x00007fff24b20000 - 0x00007fff24b38000 	C:\WINDOWS\SYSTEM32\kernel.appcore.dll
0x00007fff1e1c0000 - 0x00007fff1e1ca000 	C:\Program Files\Java\jdk-16.0.1\bin\jimage.dll
0x00007fff24040000 - 0x00007fff24261000 	C:\WINDOWS\SYSTEM32\DBGHELP.DLL
0x00007fff05e80000 - 0x00007fff05eb1000 	C:\WINDOWS\SYSTEM32\dbgcore.DLL
0x00007fff259b0000 - 0x00007fff25a2f000 	C:\WINDOWS\System32\bcryptPrimitives.dll
0x00007fff0e290000 - 0x00007fff0e2b5000 	C:\Program Files\Java\jdk-16.0.1\bin\java.dll
0x00007fff26b60000 - 0x00007fff27318000 	C:\WINDOWS\System32\SHELL32.dll
0x00007fff23620000 - 0x00007fff23e85000 	C:\WINDOWS\SYSTEM32\windows.storage.dll
0x00007fff28030000 - 0x00007fff283a7000 	C:\WINDOWS\System32\combase.dll
0x00007fff234b0000 - 0x00007fff23616000 	C:\WINDOWS\SYSTEM32\wintypes.dll
0x00007fff26440000 - 0x00007fff2652a000 	C:\WINDOWS\System32\SHCORE.dll
0x00007fff26b00000 - 0x00007fff26b5d000 	C:\WINDOWS\System32\shlwapi.dll
0x00007fff258e0000 - 0x00007fff25901000 	C:\WINDOWS\SYSTEM32\profapi.dll
0x00007fff0df80000 - 0x00007fff0df99000 	C:\Program Files\Java\jdk-16.0.1\bin\net.dll
0x00007fff1eea0000 - 0x00007fff1efac000 	C:\WINDOWS\SYSTEM32\WINHTTP.dll
0x00007fff24fc0000 - 0x00007fff25027000 	C:\WINDOWS\system32\mswsock.dll
0x00007fff0df20000 - 0x00007fff0df33000 	C:\Program Files\Java\jdk-16.0.1\bin\nio.dll
0x00007fff0ddb0000 - 0x00007fff0ddc8000 	C:\Program Files\Java\jdk-16.0.1\bin\zip.dll
0x00007ffeffed0000 - 0x00007fff00050000 	C:\Program Files\Java\jdk-16.0.1\bin\awt.dll
0x00007fff265a0000 - 0x00007fff26676000 	C:\WINDOWS\System32\OLEAUT32.dll
0x00007fff22b40000 - 0x00007fff22bd2000 	C:\WINDOWS\SYSTEM32\apphelp.dll
0x00007fff22c00000 - 0x00007fff22cac000 	C:\WINDOWS\system32\uxtheme.dll
0x00007fff277e0000 - 0x00007fff278fd000 	C:\WINDOWS\System32\MSCTF.dll
0x00007fff27520000 - 0x00007fff276ba000 	C:\WINDOWS\System32\ole32.dll
0x00007fff22fa0000 - 0x00007fff22fcf000 	C:\WINDOWS\system32\DWMAPI.DLL
0x00007fff0ad60000 - 0x00007fff0ade9000 	C:\Program Files\Java\jdk-16.0.1\bin\freetype.dll
0x00007fff04250000 - 0x00007fff04346000 	C:\Program Files\Java\jdk-16.0.1\bin\harfbuzz.dll
0x00007fff0dd90000 - 0x00007fff0dda2000 	C:\Program Files\Java\jdk-16.0.1\bin\fontmanager.dll
0x00007ffedbbe0000 - 0x00007ffedbce1000 	C:\WINDOWS\system32\opengl32.dll
0x00007ffeea3b0000 - 0x00007ffeea3dd000 	C:\WINDOWS\SYSTEM32\GLU32.dll
0x00007fff22e20000 - 0x00007fff22e58000 	C:\WINDOWS\SYSTEM32\dxcore.dll
0x00007fff283b0000 - 0x00007fff28465000 	C:\WINDOWS\System32\clbcatq.dll
0x00007fff1fe60000 - 0x00007fff2000e000 	C:\WINDOWS\SYSTEM32\WindowsCodecs.dll
0x00007fff13010000 - 0x00007fff1306d000 	C:\WINDOWS\system32\dataexchange.dll
0x00007fff1be00000 - 0x00007fff1c066000 	C:\WINDOWS\system32\twinapi.appcore.dll
0x00007fff25200000 - 0x00007fff25218000 	C:\WINDOWS\SYSTEM32\CRYPTSP.dll
0x00007fff24a80000 - 0x00007fff24ab5000 	C:\WINDOWS\system32\rsaenh.dll
0x00007fff250b0000 - 0x00007fff250d9000 	C:\WINDOWS\SYSTEM32\USERENV.dll
0x00007fff25390000 - 0x00007fff253b7000 	C:\WINDOWS\SYSTEM32\bcrypt.dll
0x00007fff25220000 - 0x00007fff2522c000 	C:\WINDOWS\SYSTEM32\CRYPTBASE.dll
0x00007fff245d0000 - 0x00007fff245fd000 	C:\WINDOWS\SYSTEM32\IPHLPAPI.DLL
0x00007fff26680000 - 0x00007fff26689000 	C:\WINDOWS\System32\NSI.dll
0x00007fff1ebe0000 - 0x00007fff1ebf9000 	C:\WINDOWS\SYSTEM32\dhcpcsvc6.DLL
0x00007fff1f700000 - 0x00007fff1f71e000 	C:\WINDOWS\SYSTEM32\dhcpcsvc.DLL
0x00007fff24600000 - 0x00007fff246e8000 	C:\WINDOWS\SYSTEM32\DNSAPI.dll
0x00007fff1c160000 - 0x00007fff1c16a000 	C:\Windows\System32\rasadhlp.dll
0x00007ffeef750000 - 0x00007ffeef87d000 	C:\WINDOWS\SYSTEM32\textinputframework.dll
0x00007fff1c930000 - 0x00007fff1c9b1000 	C:\WINDOWS\System32\fwpuclnt.dll
0x00007fff1e870000 - 0x00007fff1e87e000 	C:\Program Files\Java\jdk-16.0.1\bin\sunmscapi.dll
0x00007fff26030000 - 0x00007fff26192000 	C:\WINDOWS\System32\CRYPT32.dll
0x00007fff25360000 - 0x00007fff25388000 	C:\WINDOWS\SYSTEM32\ncrypt.dll
0x00007fff25320000 - 0x00007fff25357000 	C:\WINDOWS\SYSTEM32\NTASN1.dll

dbghelp: loaded successfully - version: 4.0.5 - missing functions: none
symbol engine: initialized successfully - sym options: 0x614 - pdb path: .;C:\Program Files\Java\jdk-16.0.1\bin;C:\WINDOWS\SYSTEM32;C:\WINDOWS\WinSxS\amd64_microsoft.windows.common-controls_6595b64144ccf1df_6.0.22000.120_none_9d947278b86cc467;C:\Program Files\Java\jdk-16.0.1\bin\server

VM Arguments:
java_command: GUI.admin.ManHinhDangNhapAdmin
java_class_path (initial): C:\Users\ADMIN\Desktop\3119410029\Netbeans\LTM\target\classes;C:\Users\ADMIN\.m2\repository\com\mysql\mysql-connector-j\8.0.31\mysql-connector-j-8.0.31.jar;C:\Users\ADMIN\.m2\repository\com\google\protobuf\protobuf-java\3.19.4\protobuf-java-3.19.4.jar;C:\Users\ADMIN\.m2\repository\com\google\code\gson\gson\2.10\gson-2.10.jar;C:\Users\ADMIN\.m2\repository\org\jsoup\jsoup\1.15.3\jsoup-1.15.3.jar;C:\Users\ADMIN\.m2\repository\org\json\json\20220924\json-20220924.jar;C:\Users\ADMIN\.m2\repository\javax\mail\mail\1.5.0-b01\mail-1.5.0-b01.jar;C:\Users\ADMIN\.m2\repository\javax\activation\activation\1.1\activation-1.1.jar
Launcher Type: SUN_STANDARD

[Global flags]
     intx CICompilerCount                          = 4                                         {product} {ergonomic}
     uint ConcGCThreads                            = 2                                         {product} {ergonomic}
     uint G1ConcRefinementThreads                  = 8                                         {product} {ergonomic}
   size_t G1HeapRegionSize                         = 2097152                                   {product} {ergonomic}
    uintx GCDrainStackTargetSize                   = 64                                        {product} {ergonomic}
   size_t InitialHeapSize                          = 201326592                                 {product} {ergonomic}
   size_t MarkStackSize                            = 4194304                                   {product} {ergonomic}
   size_t MaxHeapSize                              = 3191865344                                {product} {ergonomic}
   size_t MaxNewSize                               = 1914699776                                {product} {ergonomic}
   size_t MinHeapDeltaBytes                        = 2097152                                   {product} {ergonomic}
   size_t MinHeapSize                              = 8388608                                   {product} {ergonomic}
    uintx NonNMethodCodeHeapSize                   = 5839372                                {pd product} {ergonomic}
    uintx NonProfiledCodeHeapSize                  = 122909434                              {pd product} {ergonomic}
    uintx ProfiledCodeHeapSize                     = 122909434                              {pd product} {ergonomic}
    uintx ReservedCodeCacheSize                    = 251658240                              {pd product} {ergonomic}
     bool SegmentedCodeCache                       = true                                      {product} {ergonomic}
   size_t SoftMaxHeapSize                          = 3191865344                             {manageable} {ergonomic}
     bool UseCompressedClassPointers               = true                           {product lp64_product} {ergonomic}
     bool UseCompressedOops                        = true                           {product lp64_product} {ergonomic}
     bool UseG1GC                                  = true                                      {product} {ergonomic}
     bool UseLargePagesIndividualAllocation        = false                                  {pd product} {ergonomic}

Logging:
Log output configuration:
 #0: stdout all=warning uptime,level,tags
 #1: stderr all=off uptime,level,tags

Environment Variables:
JAVA_HOME=C:\Program Files\Java\jdk-16.0.1
PATH=C:\Oracle\bin;C:\Program Files (x86)\Common Files\Oracle\Java\javapath;C:\MinGW\bin;C:\Program Files (x86)\VMware\VMware Workstation\bin\;C:\Program Files (x86)\Intel\iCLS Client\;C:\Program Files\Intel\iCLS Client\;C:\Windows\system32;C:\Windows;C:\Windows\System32\Wbem;C:\Windows\System32\WindowsPowerShell\v1.0\;C:\Program Files (x86)\Intel\Intel(R) Management Engine Components\DAL;C:\Program Files\Intel\Intel(R) Management Engine Components\DAL;C:\Program Files (x86)\Intel\Intel(R) Management Engine Components\IPT;C:\Program Files\Intel\Intel(R) Management Engine Components\IPT;C:\Program Files (x86)\NVIDIA Corporation\PhysX\Common;C:\WINDOWS\system32;C:\WINDOWS;C:\WINDOWS\System32\Wbem;C:\WINDOWS\System32\WindowsPowerShell\v1.0\;C:\WINDOWS\System32\OpenSSH\;C:\Program Files\Intel\WiFi\bin\;C:\Program Files\Common Files\Intel\WirelessCommon\;C:\Program Files (x86)\mingw-w64\i686-8.1.0-posix-dwarf-rt_v6-rev0\mingw32\bin;C:\Program Files\Microsoft SQL Server\Client SDK\ODBC\170\Tools\Binn\;C:\Program Files (x86)\Microsoft SQL Server\150\Tools\Binn\;C:\Program Files\Microsoft SQL Server\150\Tools\Binn\;C:\Program Files\Microsoft SQL Server\150\DTS\Binn\;C:\Program Files\Azure Data Studio\bin;C:\Program Files (x86)\Microsoft SQL Server\150\DTS\Binn\;C:\Program Files\Git\cmd;C:\Program Files\Microsoft SQL Server\130\Tools\Binn\;C:\Program Files\PuTTY\;C:\ProgramData\ComposerSetup\bin;C:\Program Files\dotnet\;C:\Program Files\nodejs\;C:\Program Files\Microsoft SQL Server Migration Assistant for MySQL\bin\;C:\Program Files\Calibre2\;C:\Users\ADMIN\scoop\shims;C:\Users\ADMIN\AppData\Local\Programs\Python\Python39\Scripts\;C:\Users\ADMIN\AppData\Local\Programs\Python\Python39\;C:\Users\ADMIN\AppData\Local\Microsoft\WindowsApps;C:\Users\ADMIN\AppData\Local\Programs\Microsoft VS Code\bin;C:\Users\ADMIN\AppData\Roaming\Dashlane\6.2011.0.33406\bin\Firefox_Extension\{442718d9-475e-452a-b3e1-fb1ee16b8e9f}\components;C:\Users\ADMIN\AppData\Roaming\Dashlane\6.2011.0.33406\ucrt;
USERNAME=ADMIN
OS=Windows_NT
PROCESSOR_IDENTIFIER=Intel64 Family 6 Model 142 Stepping 10, GenuineIntel



---------------  S Y S T E M  ---------------

OS:
 Windows 10 , 64 bit Build 22000 (10.0.22000.708)
OS uptime: 3 days 23:47 hours

CPU: total 8 (initial active 8) (4 cores per cpu, 2 threads per core) family 6 model 142 stepping 10 microcode 0xe0, cx8, cmov, fxsr, ht, mmx, 3dnowpref, sse, sse2, sse3, ssse3, sse4.1, sse4.2, popcnt, lzcnt, tsc, tscinvbit, avx, avx2, aes, erms, clmul, bmi1, bmi2, adx, fma, vzeroupper, clflush, clflushopt

Memory: 4k page, system-wide physical 12174M (2274M free)
TotalPageFile size 16270M (AvailPageFile size 2M)
current process WorkingSet (physical memory assigned to process): 113M, peak: 114M
current process commit charge ("private bytes"): 317M, peak: 319M

vm_info: Java HotSpot(TM) 64-Bit Server VM (16.0.1+9-24) for windows-amd64 JRE (16.0.1+9-24), built on Mar 26 2021 19:31:42 by "mach5one" with MS VC++ 16.7 (VS2019)

END.
