#
# There is insufficient memory for the Java Runtime Environment to continue.
# Native memory allocation (malloc) failed to allocate 651568 bytes for Chunk::new
# Possible reasons:
#   The system is out of physical RAM or swap space
#   The process is running with CompressedOops enabled, and the Java Heap may be blocking the growth of the native heap
# Possible solutions:
#   Reduce memory load on the system
#   Increase physical memory or swap space
#   Check if swap backing store is full
#   Decrease Java heap size (-Xmx/-Xms)
#   Decrease number of Java threads
#   Decrease Java thread stack sizes (-Xss)
#   Set larger code cache with -XX:ReservedCodeCacheSize=
#   JVM is running with Zero Based Compressed Oops mode in which the Java heap is
#     placed in the first 32GB address space. The Java Heap base address is the
#     maximum limit for the native heap growth. Please use -XX:HeapBaseMinAddress
#     to set the Java Heap base and to place the Java Heap above 32GB virtual address.
# This output file may be truncated or incomplete.
#
#  Out of Memory Error (arena.cpp:195), pid=12372, tid=5288
#
# JRE version: Java(TM) SE Runtime Environment (16.0.1+9) (build 16.0.1+9-24)
# Java VM: Java HotSpot(TM) 64-Bit Server VM (16.0.1+9-24, mixed mode, sharing, tiered, compressed oops, compressed class ptrs, g1 gc, windows-amd64)
# No core dump will be written. Minidumps are not enabled by default on client versions of Windows
#

---------------  S U M M A R Y ------------

Command Line: GUI.user.ManHinhDangNhap

Host: Intel(R) Core(TM) i5-8250U CPU @ 1.60GHz, 8 cores, 11G,  Windows 10 , 64 bit Build 22000 (10.0.22000.708)
Time: Fri Dec  9 19:48:27 2022 SE Asia Standard Time elapsed time: 1.853486 seconds (0d 0h 0m 1s)

---------------  T H R E A D  ---------------

Current thread (0x0000022ac26937d0):  JavaThread "C2 CompilerThread1" daemon [_thread_in_native, id=5288, stack(0x000000c4fdd00000,0x000000c4fde00000)]


Current CompileTask:
C2:   1853 1586       4       java.math.MutableBigInteger::divideMagnitude (1307 bytes)

Stack: [0x000000c4fdd00000,0x000000c4fde00000]
Native frames: (J=compiled Java code, j=interpreted, Vv=VM code, C=native code)
V  [jvm.dll+0x6687ca]
V  [jvm.dll+0x7ca3c9]
V  [jvm.dll+0x7cbb53]
V  [jvm.dll+0x7cc1b3]
V  [jvm.dll+0x242ea5]
V  [jvm.dll+0xadeca]
V  [jvm.dll+0xae5ac]
V  [jvm.dll+0x35af27]
V  [jvm.dll+0x3253d1]
V  [jvm.dll+0x32487a]
V  [jvm.dll+0x215f3c]
V  [jvm.dll+0x215350]
V  [jvm.dll+0x1a1d9b]
V  [jvm.dll+0x2253a8]
V  [jvm.dll+0x2233ec]
V  [jvm.dll+0x780002]
V  [jvm.dll+0x779b4a]
V  [jvm.dll+0x667666]
C  [ucrtbase.dll+0x26c0c]
C  [KERNEL32.DLL+0x154e0]
C  [ntdll.dll+0x485b]


---------------  P R O C E S S  ---------------

Threads class SMR info:
_java_thread_list=0x0000022ac3c22160, length=20, elements={
0x0000022ac091cdd0, 0x0000022ac091d6e0, 0x0000022ac092f850, 0x0000022ac0930160,
0x0000022ac0933a90, 0x0000022ac093dcb0, 0x0000022ac09493c0, 0x0000022ac094ad20,
0x0000022ac094b670, 0x0000022ac093f740, 0x0000022ac09401e0, 0x0000022ac093e200,
0x0000022ac093d210, 0x0000022ac093f1f0, 0x0000022ac093d760, 0x0000022ac093e750,
0x0000022ac24ddfc0, 0x0000022ac26937d0, 0x0000022ac294d150, 0x0000022ac24de510
}

Java Threads: ( => current thread )
  0x0000022ac091cdd0 JavaThread "Reference Handler" daemon [_thread_blocked, id=8516, stack(0x000000c4fc800000,0x000000c4fc900000)]
  0x0000022ac091d6e0 JavaThread "Finalizer" daemon [_thread_blocked, id=4932, stack(0x000000c4fc900000,0x000000c4fca00000)]
  0x0000022ac092f850 JavaThread "Signal Dispatcher" daemon [_thread_blocked, id=8288, stack(0x000000c4fca00000,0x000000c4fcb00000)]
  0x0000022ac0930160 JavaThread "Attach Listener" daemon [_thread_blocked, id=10804, stack(0x000000c4fcb00000,0x000000c4fcc00000)]
  0x0000022ac0933a90 JavaThread "Service Thread" daemon [_thread_blocked, id=10536, stack(0x000000c4fcc00000,0x000000c4fcd00000)]
  0x0000022ac093dcb0 JavaThread "Monitor Deflation Thread" daemon [_thread_blocked, id=15988, stack(0x000000c4fcd00000,0x000000c4fce00000)]
  0x0000022ac09493c0 JavaThread "C2 CompilerThread0" daemon [_thread_blocked, id=10584, stack(0x000000c4fce00000,0x000000c4fcf00000)]
  0x0000022ac094ad20 JavaThread "C1 CompilerThread0" daemon [_thread_blocked, id=17188, stack(0x000000c4fcf00000,0x000000c4fd000000)]
  0x0000022ac094b670 JavaThread "Sweeper thread" daemon [_thread_blocked, id=5472, stack(0x000000c4fd000000,0x000000c4fd100000)]
  0x0000022ac093f740 JavaThread "Notification Thread" daemon [_thread_blocked, id=9292, stack(0x000000c4fd100000,0x000000c4fd200000)]
  0x0000022ac09401e0 JavaThread "Common-Cleaner" daemon [_thread_blocked, id=4540, stack(0x000000c4fd300000,0x000000c4fd400000)]
  0x0000022ac093e200 JavaThread "Java2D Disposer" daemon [_thread_blocked, id=13184, stack(0x000000c4fd400000,0x000000c4fd500000)]
  0x0000022ac093d210 JavaThread "AWT-Shutdown" [_thread_blocked, id=5172, stack(0x000000c4fd500000,0x000000c4fd600000)]
  0x0000022ac093f1f0 JavaThread "AWT-Windows" daemon [_thread_in_native, id=13740, stack(0x000000c4fd600000,0x000000c4fd700000)]
  0x0000022ac093d760 JavaThread "AWT-EventQueue-0" [_thread_blocked, id=7772, stack(0x000000c4fd700000,0x000000c4fd800000)]
  0x0000022ac093e750 JavaThread "DestroyJavaVM" [_thread_blocked, id=9276, stack(0x000000c4fc100000,0x000000c4fc200000)]
  0x0000022ac24ddfc0 JavaThread "Keep-Alive-Timer" daemon [_thread_blocked, id=2600, stack(0x000000c4fdc00000,0x000000c4fdd00000)]
=>0x0000022ac26937d0 JavaThread "C2 CompilerThread1" daemon [_thread_in_native, id=5288, stack(0x000000c4fdd00000,0x000000c4fde00000)]
  0x0000022ac294d150 JavaThread "C2 CompilerThread2" daemon [_thread_blocked, id=10436, stack(0x000000c4fe500000,0x000000c4fe600000)]
  0x0000022ac24de510 JavaThread "TimerQueue" daemon [_thread_blocked, id=9388, stack(0x000000c4fe600000,0x000000c4fe700000)]

Other Threads:
  0x0000022ac09170c0 VMThread "VM Thread" [stack: 0x000000c4fc700000,0x000000c4fc800000] [id=11628]
  0x0000022ac14fffa0 WatcherThread [stack: 0x000000c4fd200000,0x000000c4fd300000] [id=13452]
  0x0000022aa0388040 GCTaskThread "GC Thread#0" [stack: 0x000000c4fc200000,0x000000c4fc300000] [id=12308]
  0x0000022ac3c92d70 GCTaskThread "GC Thread#1" [stack: 0x000000c4fde00000,0x000000c4fdf00000] [id=15956]
  0x0000022ac2693d30 GCTaskThread "GC Thread#2" [stack: 0x000000c4fdf00000,0x000000c4fe000000] [id=18116]
  0x0000022ac2694040 GCTaskThread "GC Thread#3" [stack: 0x000000c4fe000000,0x000000c4fe100000] [id=17588]
  0x0000022ac278bd80 GCTaskThread "GC Thread#4" [stack: 0x000000c4fe100000,0x000000c4fe200000] [id=2636]
  0x0000022ac278c090 GCTaskThread "GC Thread#5" [stack: 0x000000c4fe200000,0x000000c4fe300000] [id=18188]
  0x0000022ac272cf80 GCTaskThread "GC Thread#6" [stack: 0x000000c4fe300000,0x000000c4fe400000] [id=9300]
  0x0000022ac290b220 GCTaskThread "GC Thread#7" [stack: 0x000000c4fe400000,0x000000c4fe500000] [id=2016]
  0x0000022aa0395e40 ConcurrentGCThread "G1 Main Marker" [stack: 0x000000c4fc300000,0x000000c4fc400000] [id=3252]
  0x0000022aa0396e60 ConcurrentGCThread "G1 Conc#0" [stack: 0x000000c4fc400000,0x000000c4fc500000] [id=9644]
  0x0000022ac07e20b0 ConcurrentGCThread "G1 Refine#0" [stack: 0x000000c4fc500000,0x000000c4fc600000] [id=14420]
  0x0000022ac07e27e0 ConcurrentGCThread "G1 Service" [stack: 0x000000c4fc600000,0x000000c4fc700000] [id=6124]

Threads with active compile tasks:
C2 CompilerThread1     1969 1586       4       java.math.MutableBigInteger::divideMagnitude (1307 bytes)

VM state: not at safepoint (normal execution)

VM Mutex/Monitor currently owned by a thread: None

Heap address: 0x0000000741c00000, size: 3044 MB, Compressed Oops mode: Zero based, Oop shift amount: 3

CDS archive(s) mapped at: [0x0000000800000000-0x0000000800bb0000-0x0000000800bb0000), size 12255232, SharedBaseAddress: 0x0000000800000000, ArchiveRelocationMode: 0.
Compressed class space mapped at: 0x0000000800c00000-0x0000000840c00000, reserved size: 1073741824
Narrow klass base: 0x0000000800000000, Narrow klass shift: 3, Narrow klass range: 0x100000000

GC Precious Log:
 CPUs: 8 total, 8 available
 Memory: 12174M
 Large Page Support: Disabled
 NUMA Support: Disabled
 Compressed Oops: Enabled (Zero based)
 Heap Region Size: 2M
 Heap Min Capacity: 8M
 Heap Initial Capacity: 192M
 Heap Max Capacity: 3044M
 Pre-touch: Disabled
 Parallel Workers: 8
 Concurrent Workers: 2
 Concurrent Refinement Workers: 8
 Periodic GC: Disabled

Heap:
 garbage-first heap   total 196608K, used 13092K [0x0000000741c00000, 0x0000000800000000)
  region size 2048K, 5 young (10240K), 2 survivors (4096K)
 Metaspace       used 15887K, committed 16128K, reserved 1064960K
  class space    used 1768K, committed 1856K, reserved 1048576K

Heap Regions: E=young(eden), S=young(survivor), O=old, HS=humongous(starts), HC=humongous(continues), CS=collection set, F=free, OA=open archive, CA=closed archive, TAMS=top-at-mark-start (previous, next)
|   0|0x0000000741c00000, 0x0000000741cc9000, 0x0000000741e00000| 39%| O|  |TAMS 0x0000000741c00000, 0x0000000741c00000| Untracked 
|   1|0x0000000741e00000, 0x0000000742000000, 0x0000000742000000|100%|HS|  |TAMS 0x0000000741e00000, 0x0000000741e00000| Complete 
|   2|0x0000000742000000, 0x0000000742200000, 0x0000000742200000|100%|HC|  |TAMS 0x0000000742000000, 0x0000000742000000| Complete 
|   3|0x0000000742200000, 0x0000000742200000, 0x0000000742400000|  0%| F|  |TAMS 0x0000000742200000, 0x0000000742200000| Untracked 
|   4|0x0000000742400000, 0x0000000742400000, 0x0000000742600000|  0%| F|  |TAMS 0x0000000742400000, 0x0000000742400000| Untracked 
|   5|0x0000000742600000, 0x0000000742600000, 0x0000000742800000|  0%| F|  |TAMS 0x0000000742600000, 0x0000000742600000| Untracked 
|   6|0x0000000742800000, 0x0000000742800000, 0x0000000742a00000|  0%| F|  |TAMS 0x0000000742800000, 0x0000000742800000| Untracked 
|   7|0x0000000742a00000, 0x0000000742a00000, 0x0000000742c00000|  0%| F|  |TAMS 0x0000000742a00000, 0x0000000742a00000| Untracked 
|   8|0x0000000742c00000, 0x0000000742c00000, 0x0000000742e00000|  0%| F|  |TAMS 0x0000000742c00000, 0x0000000742c00000| Untracked 
|   9|0x0000000742e00000, 0x0000000742e00000, 0x0000000743000000|  0%| F|  |TAMS 0x0000000742e00000, 0x0000000742e00000| Untracked 
|  10|0x0000000743000000, 0x0000000743000000, 0x0000000743200000|  0%| F|  |TAMS 0x0000000743000000, 0x0000000743000000| Untracked 
|  11|0x0000000743200000, 0x0000000743200000, 0x0000000743400000|  0%| F|  |TAMS 0x0000000743200000, 0x0000000743200000| Untracked 
|  12|0x0000000743400000, 0x0000000743400000, 0x0000000743600000|  0%| F|  |TAMS 0x0000000743400000, 0x0000000743400000| Untracked 
|  13|0x0000000743600000, 0x0000000743600000, 0x0000000743800000|  0%| F|  |TAMS 0x0000000743600000, 0x0000000743600000| Untracked 
|  14|0x0000000743800000, 0x0000000743800000, 0x0000000743a00000|  0%| F|  |TAMS 0x0000000743800000, 0x0000000743800000| Untracked 
|  15|0x0000000743a00000, 0x0000000743a00000, 0x0000000743c00000|  0%| F|  |TAMS 0x0000000743a00000, 0x0000000743a00000| Untracked 
|  16|0x0000000743c00000, 0x0000000743c00000, 0x0000000743e00000|  0%| F|  |TAMS 0x0000000743c00000, 0x0000000743c00000| Untracked 
|  17|0x0000000743e00000, 0x0000000743e00000, 0x0000000744000000|  0%| F|  |TAMS 0x0000000743e00000, 0x0000000743e00000| Untracked 
|  18|0x0000000744000000, 0x0000000744000000, 0x0000000744200000|  0%| F|  |TAMS 0x0000000744000000, 0x0000000744000000| Untracked 
|  19|0x0000000744200000, 0x0000000744200000, 0x0000000744400000|  0%| F|  |TAMS 0x0000000744200000, 0x0000000744200000| Untracked 
|  20|0x0000000744400000, 0x0000000744400000, 0x0000000744600000|  0%| F|  |TAMS 0x0000000744400000, 0x0000000744400000| Untracked 
|  21|0x0000000744600000, 0x0000000744600000, 0x0000000744800000|  0%| F|  |TAMS 0x0000000744600000, 0x0000000744600000| Untracked 
|  22|0x0000000744800000, 0x0000000744800000, 0x0000000744a00000|  0%| F|  |TAMS 0x0000000744800000, 0x0000000744800000| Untracked 
|  23|0x0000000744a00000, 0x0000000744a00000, 0x0000000744c00000|  0%| F|  |TAMS 0x0000000744a00000, 0x0000000744a00000| Untracked 
|  24|0x0000000744c00000, 0x0000000744c00000, 0x0000000744e00000|  0%| F|  |TAMS 0x0000000744c00000, 0x0000000744c00000| Untracked 
|  25|0x0000000744e00000, 0x0000000744e00000, 0x0000000745000000|  0%| F|  |TAMS 0x0000000744e00000, 0x0000000744e00000| Untracked 
|  26|0x0000000745000000, 0x0000000745000000, 0x0000000745200000|  0%| F|  |TAMS 0x0000000745000000, 0x0000000745000000| Untracked 
|  27|0x0000000745200000, 0x0000000745200000, 0x0000000745400000|  0%| F|  |TAMS 0x0000000745200000, 0x0000000745200000| Untracked 
|  28|0x0000000745400000, 0x0000000745400000, 0x0000000745600000|  0%| F|  |TAMS 0x0000000745400000, 0x0000000745400000| Untracked 
|  29|0x0000000745600000, 0x0000000745600000, 0x0000000745800000|  0%| F|  |TAMS 0x0000000745600000, 0x0000000745600000| Untracked 
|  30|0x0000000745800000, 0x0000000745800000, 0x0000000745a00000|  0%| F|  |TAMS 0x0000000745800000, 0x0000000745800000| Untracked 
|  31|0x0000000745a00000, 0x0000000745a00000, 0x0000000745c00000|  0%| F|  |TAMS 0x0000000745a00000, 0x0000000745a00000| Untracked 
|  32|0x0000000745c00000, 0x0000000745c00000, 0x0000000745e00000|  0%| F|  |TAMS 0x0000000745c00000, 0x0000000745c00000| Untracked 
|  33|0x0000000745e00000, 0x0000000745e00000, 0x0000000746000000|  0%| F|  |TAMS 0x0000000745e00000, 0x0000000745e00000| Untracked 
|  34|0x0000000746000000, 0x0000000746000000, 0x0000000746200000|  0%| F|  |TAMS 0x0000000746000000, 0x0000000746000000| Untracked 
|  35|0x0000000746200000, 0x0000000746200000, 0x0000000746400000|  0%| F|  |TAMS 0x0000000746200000, 0x0000000746200000| Untracked 
|  36|0x0000000746400000, 0x0000000746400000, 0x0000000746600000|  0%| F|  |TAMS 0x0000000746400000, 0x0000000746400000| Untracked 
|  37|0x0000000746600000, 0x0000000746600000, 0x0000000746800000|  0%| F|  |TAMS 0x0000000746600000, 0x0000000746600000| Untracked 
|  38|0x0000000746800000, 0x0000000746800000, 0x0000000746a00000|  0%| F|  |TAMS 0x0000000746800000, 0x0000000746800000| Untracked 
|  39|0x0000000746a00000, 0x0000000746a00000, 0x0000000746c00000|  0%| F|  |TAMS 0x0000000746a00000, 0x0000000746a00000| Untracked 
|  40|0x0000000746c00000, 0x0000000746c00000, 0x0000000746e00000|  0%| F|  |TAMS 0x0000000746c00000, 0x0000000746c00000| Untracked 
|  41|0x0000000746e00000, 0x0000000746e00000, 0x0000000747000000|  0%| F|  |TAMS 0x0000000746e00000, 0x0000000746e00000| Untracked 
|  42|0x0000000747000000, 0x0000000747000000, 0x0000000747200000|  0%| F|  |TAMS 0x0000000747000000, 0x0000000747000000| Untracked 
|  43|0x0000000747200000, 0x0000000747200000, 0x0000000747400000|  0%| F|  |TAMS 0x0000000747200000, 0x0000000747200000| Untracked 
|  44|0x0000000747400000, 0x0000000747400000, 0x0000000747600000|  0%| F|  |TAMS 0x0000000747400000, 0x0000000747400000| Untracked 
|  45|0x0000000747600000, 0x0000000747600000, 0x0000000747800000|  0%| F|  |TAMS 0x0000000747600000, 0x0000000747600000| Untracked 
|  46|0x0000000747800000, 0x0000000747800000, 0x0000000747a00000|  0%| F|  |TAMS 0x0000000747800000, 0x0000000747800000| Untracked 
|  47|0x0000000747a00000, 0x0000000747a00000, 0x0000000747c00000|  0%| F|  |TAMS 0x0000000747a00000, 0x0000000747a00000| Untracked 
|  48|0x0000000747c00000, 0x0000000747c00000, 0x0000000747e00000|  0%| F|  |TAMS 0x0000000747c00000, 0x0000000747c00000| Untracked 
|  49|0x0000000747e00000, 0x0000000747e00000, 0x0000000748000000|  0%| F|  |TAMS 0x0000000747e00000, 0x0000000747e00000| Untracked 
|  50|0x0000000748000000, 0x0000000748000000, 0x0000000748200000|  0%| F|  |TAMS 0x0000000748000000, 0x0000000748000000| Untracked 
|  51|0x0000000748200000, 0x0000000748200000, 0x0000000748400000|  0%| F|  |TAMS 0x0000000748200000, 0x0000000748200000| Untracked 
|  52|0x0000000748400000, 0x0000000748400000, 0x0000000748600000|  0%| F|  |TAMS 0x0000000748400000, 0x0000000748400000| Untracked 
|  53|0x0000000748600000, 0x0000000748600000, 0x0000000748800000|  0%| F|  |TAMS 0x0000000748600000, 0x0000000748600000| Untracked 
|  54|0x0000000748800000, 0x0000000748800000, 0x0000000748a00000|  0%| F|  |TAMS 0x0000000748800000, 0x0000000748800000| Untracked 
|  55|0x0000000748a00000, 0x0000000748a00000, 0x0000000748c00000|  0%| F|  |TAMS 0x0000000748a00000, 0x0000000748a00000| Untracked 
|  56|0x0000000748c00000, 0x0000000748c00000, 0x0000000748e00000|  0%| F|  |TAMS 0x0000000748c00000, 0x0000000748c00000| Untracked 
|  57|0x0000000748e00000, 0x0000000748e00000, 0x0000000749000000|  0%| F|  |TAMS 0x0000000748e00000, 0x0000000748e00000| Untracked 
|  58|0x0000000749000000, 0x0000000749000000, 0x0000000749200000|  0%| F|  |TAMS 0x0000000749000000, 0x0000000749000000| Untracked 
|  59|0x0000000749200000, 0x0000000749200000, 0x0000000749400000|  0%| F|  |TAMS 0x0000000749200000, 0x0000000749200000| Untracked 
|  60|0x0000000749400000, 0x0000000749400000, 0x0000000749600000|  0%| F|  |TAMS 0x0000000749400000, 0x0000000749400000| Untracked 
|  61|0x0000000749600000, 0x0000000749600000, 0x0000000749800000|  0%| F|  |TAMS 0x0000000749600000, 0x0000000749600000| Untracked 
|  62|0x0000000749800000, 0x0000000749800000, 0x0000000749a00000|  0%| F|  |TAMS 0x0000000749800000, 0x0000000749800000| Untracked 
|  63|0x0000000749a00000, 0x0000000749a00000, 0x0000000749c00000|  0%| F|  |TAMS 0x0000000749a00000, 0x0000000749a00000| Untracked 
|  64|0x0000000749c00000, 0x0000000749c00000, 0x0000000749e00000|  0%| F|  |TAMS 0x0000000749c00000, 0x0000000749c00000| Untracked 
|  65|0x0000000749e00000, 0x0000000749e00000, 0x000000074a000000|  0%| F|  |TAMS 0x0000000749e00000, 0x0000000749e00000| Untracked 
|  66|0x000000074a000000, 0x000000074a000000, 0x000000074a200000|  0%| F|  |TAMS 0x000000074a000000, 0x000000074a000000| Untracked 
|  67|0x000000074a200000, 0x000000074a200000, 0x000000074a400000|  0%| F|  |TAMS 0x000000074a200000, 0x000000074a200000| Untracked 
|  68|0x000000074a400000, 0x000000074a400000, 0x000000074a600000|  0%| F|  |TAMS 0x000000074a400000, 0x000000074a400000| Untracked 
|  69|0x000000074a600000, 0x000000074a600000, 0x000000074a800000|  0%| F|  |TAMS 0x000000074a600000, 0x000000074a600000| Untracked 
|  70|0x000000074a800000, 0x000000074a800000, 0x000000074aa00000|  0%| F|  |TAMS 0x000000074a800000, 0x000000074a800000| Untracked 
|  71|0x000000074aa00000, 0x000000074aa00000, 0x000000074ac00000|  0%| F|  |TAMS 0x000000074aa00000, 0x000000074aa00000| Untracked 
|  72|0x000000074ac00000, 0x000000074ac00000, 0x000000074ae00000|  0%| F|  |TAMS 0x000000074ac00000, 0x000000074ac00000| Untracked 
|  73|0x000000074ae00000, 0x000000074ae00000, 0x000000074b000000|  0%| F|  |TAMS 0x000000074ae00000, 0x000000074ae00000| Untracked 
|  74|0x000000074b000000, 0x000000074b000000, 0x000000074b200000|  0%| F|  |TAMS 0x000000074b000000, 0x000000074b000000| Untracked 
|  75|0x000000074b200000, 0x000000074b200000, 0x000000074b400000|  0%| F|  |TAMS 0x000000074b200000, 0x000000074b200000| Untracked 
|  76|0x000000074b400000, 0x000000074b400000, 0x000000074b600000|  0%| F|  |TAMS 0x000000074b400000, 0x000000074b400000| Untracked 
|  77|0x000000074b600000, 0x000000074b600000, 0x000000074b800000|  0%| F|  |TAMS 0x000000074b600000, 0x000000074b600000| Untracked 
|  78|0x000000074b800000, 0x000000074b800000, 0x000000074ba00000|  0%| F|  |TAMS 0x000000074b800000, 0x000000074b800000| Untracked 
|  79|0x000000074ba00000, 0x000000074ba00000, 0x000000074bc00000|  0%| F|  |TAMS 0x000000074ba00000, 0x000000074ba00000| Untracked 
|  80|0x000000074bc00000, 0x000000074bc00000, 0x000000074be00000|  0%| F|  |TAMS 0x000000074bc00000, 0x000000074bc00000| Untracked 
|  81|0x000000074be00000, 0x000000074be00000, 0x000000074c000000|  0%| F|  |TAMS 0x000000074be00000, 0x000000074be00000| Untracked 
|  82|0x000000074c000000, 0x000000074c000000, 0x000000074c200000|  0%| F|  |TAMS 0x000000074c000000, 0x000000074c000000| Untracked 
|  83|0x000000074c200000, 0x000000074c400000, 0x000000074c400000|100%| S|CS|TAMS 0x000000074c200000, 0x000000074c200000| Complete 
|  84|0x000000074c400000, 0x000000074c600000, 0x000000074c600000|100%| S|CS|TAMS 0x000000074c400000, 0x000000074c400000| Complete 
|  85|0x000000074c600000, 0x000000074c600000, 0x000000074c800000|  0%| F|  |TAMS 0x000000074c600000, 0x000000074c600000| Untracked 
|  86|0x000000074c800000, 0x000000074c800000, 0x000000074ca00000|  0%| F|  |TAMS 0x000000074c800000, 0x000000074c800000| Untracked 
|  87|0x000000074ca00000, 0x000000074ca00000, 0x000000074cc00000|  0%| F|  |TAMS 0x000000074ca00000, 0x000000074ca00000| Untracked 
|  88|0x000000074cc00000, 0x000000074cc00000, 0x000000074ce00000|  0%| F|  |TAMS 0x000000074cc00000, 0x000000074cc00000| Untracked 
|  89|0x000000074ce00000, 0x000000074ce00000, 0x000000074d000000|  0%| F|  |TAMS 0x000000074ce00000, 0x000000074ce00000| Untracked 
|  90|0x000000074d000000, 0x000000074d000000, 0x000000074d200000|  0%| F|  |TAMS 0x000000074d000000, 0x000000074d000000| Untracked 
|  91|0x000000074d200000, 0x000000074d200000, 0x000000074d400000|  0%| F|  |TAMS 0x000000074d200000, 0x000000074d200000| Untracked 
|  92|0x000000074d400000, 0x000000074d400000, 0x000000074d600000|  0%| F|  |TAMS 0x000000074d400000, 0x000000074d400000| Untracked 
|  93|0x000000074d600000, 0x000000074d7a7300, 0x000000074d800000| 82%| E|  |TAMS 0x000000074d600000, 0x000000074d600000| Complete 
|  94|0x000000074d800000, 0x000000074da00000, 0x000000074da00000|100%| E|CS|TAMS 0x000000074d800000, 0x000000074d800000| Complete 
|  95|0x000000074da00000, 0x000000074dc00000, 0x000000074dc00000|100%| E|CS|TAMS 0x000000074da00000, 0x000000074da00000| Complete 

Card table byte_map: [0x0000022ab73f0000,0x0000022ab79f0000] _byte_map_base: 0x0000022ab39e2000

Marking Bits (Prev, Next): (CMBitMap*) 0x0000022aa03894d0, (CMBitMap*) 0x0000022aa0389510
 Prev Bits: [0x0000022ab7ff0000, 0x0000022abaf80000)
 Next Bits: [0x0000022abaf80000, 0x0000022abdf10000)

Polling page: 0x0000022a9e4f0000

Metaspace:

Usage:
  Non-class:     13.79 MB used.
      Class:      1.73 MB used.
       Both:     15.52 MB used.

Virtual space:
  Non-class space:       16.00 MB reserved,      13.94 MB ( 87%) committed,  2 nodes.
      Class space:        1.00 GB reserved,       1.81 MB ( <1%) committed,  1 nodes.
              Both:        1.02 GB reserved,      15.75 MB (  2%) committed. 

Chunk freelists:
   Non-Class:  2.11 MB
       Class:  2.16 MB
        Both:  4.27 MB

MaxMetaspaceSize: 17179869184.00 GB
CompressedClassSpaceSize: 1.00 GB
 - commit_granule_bytes: 65536.
 - commit_granule_words: 8192.
 - virtual_space_node_default_size: 1048576.
 - enlarge_chunks_in_place: 1.
 - new_chunks_are_fully_committed: 0.
 - uncommit_free_chunks: 1.
 - use_allocation_guard: 0.
 - handle_deallocations: 1.


Internal statistics:

num_allocs_failed_limit: 0.
num_arena_births: 152.
num_arena_deaths: 0.
num_vsnodes_births: 3.
num_vsnodes_deaths: 0.
num_space_committed: 252.
num_space_uncommitted: 0.
num_chunks_returned_to_freelist: 0.
num_chunks_taken_from_freelist: 283.
num_chunk_merges: 0.
num_chunk_splits: 168.
num_chunks_enlarged: 95.
num_purges: 0.

CodeHeap 'non-profiled nmethods': size=120000Kb used=592Kb max_used=592Kb free=119408Kb
 bounds [0x0000022aaf590000, 0x0000022aaf800000, 0x0000022ab6ac0000]
CodeHeap 'profiled nmethods': size=120000Kb used=2855Kb max_used=2855Kb free=117144Kb
 bounds [0x0000022aa8060000, 0x0000022aa8330000, 0x0000022aaf590000]
CodeHeap 'non-nmethods': size=5760Kb used=1340Kb max_used=1358Kb free=4419Kb
 bounds [0x0000022aa7ac0000, 0x0000022aa7d30000, 0x0000022aa8060000]
 total_blobs=2333 nmethods=1659 adapters=587
 compilation: enabled
              stopped_count=0, restarted_count=0
 full_count=0

Compilation events (20 events):
Event: 1.809 Thread 0x0000022ac094ad20 nmethod 1622 0x0000022aa831eb90 code [0x0000022aa831ed40, 0x0000022aa831ef18]
Event: 1.809 Thread 0x0000022ac094ad20 1620       3       java.math.MutableBigInteger::isZero (13 bytes)
Event: 1.809 Thread 0x0000022ac094ad20 nmethod 1620 0x0000022aa831f010 code [0x0000022aa831f1a0, 0x0000022aa831f318]
Event: 1.809 Thread 0x0000022ac094ad20 1624       3       java.lang.StringBuilder::<init> (6 bytes)
Event: 1.809 Thread 0x0000022ac094ad20 nmethod 1624 0x0000022aa831f390 code [0x0000022aa831f540, 0x0000022aa831f688]
Event: 1.814 Thread 0x0000022ac094ad20 1626       3       java.awt.Component::checkTreeLock (21 bytes)
Event: 1.814 Thread 0x0000022ac094ad20 nmethod 1626 0x0000022aa831f710 code [0x0000022aa831f8e0, 0x0000022aa831fb78]
Event: 1.817 Thread 0x0000022ac09493c0 nmethod 1613 0x0000022aaf61c010 code [0x0000022aaf61c1c0, 0x0000022aaf61c9e8]
Event: 1.817 Thread 0x0000022ac09493c0 1614       4       java.math.MutableBigInteger::divWord (108 bytes)
Event: 1.820 Thread 0x0000022ac09493c0 nmethod 1614 0x0000022aaf61ce10 code [0x0000022aaf61cfa0, 0x0000022aaf61d0f8]
Event: 1.820 Thread 0x0000022ac09493c0 1599       4       java.math.BigInteger::implMontgomerySquare (19 bytes)
Event: 1.827 Thread 0x0000022ac294d150 nmethod 1606% 0x0000022aaf61d210 code [0x0000022aaf61d3c0, 0x0000022aaf61df18]
Event: 1.827 Thread 0x0000022ac294d150 1611       4       java.math.BigInteger::<init> (38 bytes)
Event: 1.829 Thread 0x0000022ac294d150 nmethod 1611 0x0000022aaf61e410 code [0x0000022aaf61e5a0, 0x0000022aaf61e758]
Event: 1.829 Thread 0x0000022ac294d150 1623       4       java.lang.Integer::numberOfLeadingZeros (79 bytes)
Event: 1.830 Thread 0x0000022ac294d150 nmethod 1623 0x0000022aaf61e890 code [0x0000022aaf61ea00, 0x0000022aaf61eab8]
Event: 1.830 Thread 0x0000022ac294d150 1612       4       java.lang.Integer::bitCount (53 bytes)
Event: 1.830 Thread 0x0000022ac294d150 nmethod 1612 0x0000022aaf61eb90 code [0x0000022aaf61ed00, 0x0000022aaf61edb8]
Event: 1.830 Thread 0x0000022ac294d150 1604       4       java.math.BigInteger::primitiveLeftShift (37 bytes)
Event: 1.839 Thread 0x0000022ac294d150 nmethod 1604 0x0000022aaf61ee90 code [0x0000022aaf61f020, 0x0000022aaf61f338]

GC Heap History (2 events):
Event: 1.668 GC heap before
{Heap before GC invocations=0 (full 0):
 garbage-first heap   total 196608K, used 22528K [0x0000000741c00000, 0x0000000800000000)
  region size 2048K, 11 young (22528K), 0 survivors (0K)
 Metaspace       used 14838K, committed 15040K, reserved 1064960K
  class space    used 1658K, committed 1792K, reserved 1048576K
}
Event: 1.673 GC heap after
{Heap after GC invocations=1 (full 0):
 garbage-first heap   total 196608K, used 4900K [0x0000000741c00000, 0x0000000800000000)
  region size 2048K, 2 young (4096K), 2 survivors (4096K)
 Metaspace       used 14838K, committed 15040K, reserved 1064960K
  class space    used 1658K, committed 1792K, reserved 1048576K
}

Deoptimization events (20 events):
Event: 1.773 Thread 0x0000022ac093d760 DEOPT PACKING pc=0x0000022aa8299a31 sp=0x000000c4fd7fe190
Event: 1.773 Thread 0x0000022ac093d760 DEOPT UNPACKING pc=0x0000022aa7b0dece sp=0x000000c4fd7fd5e8 mode 0
Event: 1.782 Thread 0x0000022ac093d760 Uncommon trap: trap_request=0xffffffbe fr.pc=0x0000022aaf61744c relative=0x0000000000000b0c
Event: 1.782 Thread 0x0000022ac093d760 Uncommon trap: reason=profile_predicate action=maybe_recompile pc=0x0000022aaf61744c method=java.math.BigInteger.montReduce([I[III)[I @ 56 c2
Event: 1.783 Thread 0x0000022ac093d760 DEOPT PACKING pc=0x0000022aaf61744c sp=0x000000c4fd7fe5c0
Event: 1.783 Thread 0x0000022ac093d760 DEOPT UNPACKING pc=0x0000022aa7b0d72e sp=0x000000c4fd7fe588 mode 2
Event: 1.783 Thread 0x0000022ac093d760 Uncommon trap: trap_request=0xffffffbe fr.pc=0x0000022aaf61744c relative=0x0000000000000b0c
Event: 1.783 Thread 0x0000022ac093d760 Uncommon trap: reason=profile_predicate action=maybe_recompile pc=0x0000022aaf61744c method=java.math.BigInteger.montReduce([I[III)[I @ 56 c2
Event: 1.783 Thread 0x0000022ac093d760 DEOPT PACKING pc=0x0000022aaf61744c sp=0x000000c4fd7fe5a0
Event: 1.783 Thread 0x0000022ac093d760 DEOPT UNPACKING pc=0x0000022aa7b0d72e sp=0x000000c4fd7fe568 mode 2
Event: 1.784 Thread 0x0000022ac093d760 Uncommon trap: trap_request=0xffffffbe fr.pc=0x0000022aaf61744c relative=0x0000000000000b0c
Event: 1.784 Thread 0x0000022ac093d760 Uncommon trap: reason=profile_predicate action=maybe_recompile pc=0x0000022aaf61744c method=java.math.BigInteger.montReduce([I[III)[I @ 56 c2
Event: 1.784 Thread 0x0000022ac093d760 DEOPT PACKING pc=0x0000022aaf61744c sp=0x000000c4fd7fe5c0
Event: 1.784 Thread 0x0000022ac093d760 DEOPT UNPACKING pc=0x0000022aa7b0d72e sp=0x000000c4fd7fe588 mode 2
Event: 1.784 Thread 0x0000022ac093d760 Uncommon trap: trap_request=0xffffffbe fr.pc=0x0000022aaf61744c relative=0x0000000000000b0c
Event: 1.784 Thread 0x0000022ac093d760 Uncommon trap: reason=profile_predicate action=maybe_recompile pc=0x0000022aaf61744c method=java.math.BigInteger.montReduce([I[III)[I @ 56 c2
Event: 1.784 Thread 0x0000022ac093d760 DEOPT PACKING pc=0x0000022aaf61744c sp=0x000000c4fd7fe5c0
Event: 1.784 Thread 0x0000022ac093d760 DEOPT UNPACKING pc=0x0000022aa7b0d72e sp=0x000000c4fd7fe588 mode 2
Event: 1.787 Thread 0x0000022ac093d760 DEOPT PACKING pc=0x0000022aa8299a31 sp=0x000000c4fd7fe2f0
Event: 1.787 Thread 0x0000022ac093d760 DEOPT UNPACKING pc=0x0000022aa7b0dece sp=0x000000c4fd7fd748 mode 0

Classes unloaded (0 events):
No events

Classes redefined (0 events):
No events

Internal exceptions (20 events):
Event: 0.147 Thread 0x0000022aa03449b0 Exception <a 'java/lang/NoSuchMethodError'{0x000000074d9065f8}: 'java.lang.Object java.lang.invoke.DirectMethodHandle$Holder.invokeStaticInit(java.lang.Object)'> (0x000000074d9065f8) 
thrown [t:\workspace\open\src\hotspot\share\interpreter\linkResolver.cpp, line 790]
Event: 0.199 Thread 0x0000022ac093d760 Exception <a 'java/lang/NoSuchMethodError'{0x000000074d651d10}: 'java.lang.Object java.lang.invoke.DirectMethodHandle$Holder.newInvokeSpecial(java.lang.Object, java.lang.Object, java.lang.Object, java.lang.Object, java.lang.Object)'> (0x000000074d651d10) 
thrown [t:\workspace\open\src\hotspot\share\interpreter\linkResolver.cpp, line 790]
Event: 0.201 Thread 0x0000022ac093d760 Exception <a 'java/lang/NoSuchMethodError'{0x000000074d65d7f8}: 'java.lang.Object java.lang.invoke.DirectMethodHandle$Holder.invokeStatic(java.lang.Object, int, java.lang.Object, java.lang.Object, java.lang.Object, java.lang.Object)'> (0x000000074d65d7f8) 
thrown [t:\workspace\open\src\hotspot\share\interpreter\linkResolver.cpp, line 790]
Event: 0.206 Thread 0x0000022ac093d760 Exception <a 'java/lang/NoSuchMethodError'{0x000000074d683b70}: 'java.lang.Object java.lang.invoke.DirectMethodHandle$Holder.invokeStatic(java.lang.Object, int, java.lang.Object)'> (0x000000074d683b70) 
thrown [t:\workspace\open\src\hotspot\share\interpreter\linkResolver.cpp, line 790]
Event: 0.238 Thread 0x0000022ac093d760 Exception <a 'java/lang/ClassNotFoundException'{0x000000074d73be20}: com/sun/swing/internal/plaf/metal/resources/spi/metalProvider> (0x000000074d73be20) 
thrown [t:\workspace\open\src\hotspot\share\classfile\systemDictionary.cpp, line 256]
Event: 0.239 Thread 0x0000022ac093d760 Exception <a 'java/lang/ClassNotFoundException'{0x000000074d73fe88}: com/sun/swing/internal/plaf/basic/resources/spi/basicProvider> (0x000000074d73fe88) 
thrown [t:\workspace\open\src\hotspot\share\classfile\systemDictionary.cpp, line 256]
Event: 0.299 Thread 0x0000022ac093d760 Exception <a 'java/lang/NoSuchMethodError'{0x000000074d7ab8e0}: 'void java.lang.invoke.DirectMethodHandle$Holder.invokeStaticInit(java.lang.Object)'> (0x000000074d7ab8e0) 
thrown [t:\workspace\open\src\hotspot\share\interpreter\linkResolver.cpp, line 790]
Event: 0.307 Thread 0x0000022ac093d760 Exception <a 'java/io/FileNotFoundException'{0x000000074d7b81f8}> (0x000000074d7b81f8) 
thrown [t:\workspace\open\src\hotspot\share\prims\jni.cpp, line 579]
Event: 0.402 Thread 0x0000022ac093f1f0 Exception <a 'java/lang/NoSuchMethodError'{0x000000074d978350}: 'void java.lang.invoke.DirectMethodHandle$Holder.invokeVirtual(java.lang.Object, java.lang.Object)'> (0x000000074d978350) 
thrown [t:\workspace\open\src\hotspot\share\interpreter\linkResolver.cpp, line 790]
Event: 0.516 Thread 0x0000022ac093d760 Exception <a 'sun/nio/fs/WindowsException'{0x000000074d282d08}> (0x000000074d282d08) 
thrown [t:\workspace\open\src\hotspot\share\prims\jni.cpp, line 579]
Event: 0.527 Thread 0x0000022ac093d760 Exception <a 'java/lang/NoSuchMethodError'{0x000000074d2a8d58}: 'int java.lang.invoke.DirectMethodHandle$Holder.invokeStaticInit(java.lang.Object, java.lang.Object, java.lang.Object, java.lang.Object)'> (0x000000074d2a8d58) 
thrown [t:\workspace\open\src\hotspot\share\interpreter\linkResolver.cpp, line 790]
Event: 0.529 Thread 0x0000022ac093d760 Exception <a 'java/lang/NoSuchMethodError'{0x000000074d2b2cf0}: 'java.lang.Object java.lang.invoke.DirectMethodHandle$Holder.invokeInterface(java.lang.Object, java.lang.Object)'> (0x000000074d2b2cf0) 
thrown [t:\workspace\open\src\hotspot\share\interpreter\linkResolver.cpp, line 790]
Event: 0.529 Thread 0x0000022ac093d760 Exception <a 'java/lang/IncompatibleClassChangeError'{0x000000074d2b66e8}: Found class java.lang.Object, but interface was expected> (0x000000074d2b66e8) 
thrown [t:\workspace\open\src\hotspot\share\interpreter\linkResolver.cpp, line 857]
Event: 0.530 Thread 0x0000022ac093d760 Exception <a 'java/lang/NoSuchMethodError'{0x000000074d2b9930}: 'void java.lang.invoke.DirectMethodHandle$Holder.invokeStatic(java.lang.Object, java.lang.Object)'> (0x000000074d2b9930) 
thrown [t:\workspace\open\src\hotspot\share\interpreter\linkResolver.cpp, line 790]
Event: 0.530 Thread 0x0000022ac093d760 Exception <a 'java/lang/NoSuchMethodError'{0x000000074d2bd110}: 'void java.lang.invoke.DirectMethodHandle$Holder.invokeStaticInit(java.lang.Object, java.lang.Object)'> (0x000000074d2bd110) 
thrown [t:\workspace\open\src\hotspot\share\interpreter\linkResolver.cpp, line 790]
Event: 0.531 Thread 0x0000022ac093d760 Exception <a 'java/lang/NoSuchMethodError'{0x000000074d2c36f0}: 'int java.lang.invoke.DirectMethodHandle$Holder.invokeStaticInit(java.lang.Object, java.lang.Object)'> (0x000000074d2c36f0) 
thrown [t:\workspace\open\src\hotspot\share\interpreter\linkResolver.cpp, line 790]
Event: 0.619 Thread 0x0000022ac093d760 Implicit null exception at 0x0000022aaf5d65f5 to 0x0000022aaf5d6bdc
Event: 0.687 Thread 0x0000022ac093d760 Exception <a 'java/lang/NoSuchMethodError'{0x000000074cc59058}: 'java.lang.Object java.lang.invoke.DirectMethodHandle$Holder.invokeStaticInit(java.lang.Object, int, int, int, int)'> (0x000000074cc59058) 
thrown [t:\workspace\open\src\hotspot\share\interpreter\linkResolver.cpp, line 790]
Event: 0.759 Thread 0x0000022ac093d760 Exception <a 'java/lang/NoSuchMethodError'{0x000000074cc9d000}: 'java.lang.Object java.lang.invoke.DirectMethodHandle$Holder.invokeStaticInit(java.lang.Object, java.lang.Object, int, int, int, int)'> (0x000000074cc9d000) 
thrown [t:\workspace\open\src\hotspot\share\interpreter\linkResolver.cpp, line 790]
Event: 1.277 Thread 0x0000022ac093d760 Exception <a 'java/lang/NoSuchMethodError'{0x000000074caeba30}: 'void java.lang.invoke.DirectMethodHandle$Holder.invokeStatic(java.lang.Object, java.lang.Object, java.lang.Object)'> (0x000000074caeba30) 
thrown [t:\workspace\open\src\hotspot\share\interpreter\linkResolver.cpp, line 790]

Events (20 events):
Event: 1.844 loading class java/awt/image/SinglePixelPackedSampleModel
Event: 1.844 loading class java/awt/image/SampleModel
Event: 1.845 loading class java/awt/image/SampleModel done
Event: 1.845 loading class java/awt/image/SinglePixelPackedSampleModel done
Event: 1.845 loading class sun/awt/image/IntegerInterleavedRaster
Event: 1.845 loading class sun/awt/image/IntegerComponentRaster
Event: 1.845 loading class sun/awt/image/IntegerComponentRaster done
Event: 1.846 loading class sun/awt/image/IntegerInterleavedRaster done
Event: 1.846 loading class sun/awt/image/NativeLibLoader
Event: 1.846 loading class sun/awt/image/NativeLibLoader done
Event: 1.846 loading class sun/awt/image/NativeLibLoader$1
Event: 1.846 loading class sun/awt/image/NativeLibLoader$1 done
Event: 1.849 loading class java/awt/image/BufferedImage
Event: 1.850 loading class java/awt/image/WritableRenderedImage
Event: 1.850 loading class java/awt/image/RenderedImage
Event: 1.851 loading class java/awt/image/RenderedImage done
Event: 1.851 loading class java/awt/image/WritableRenderedImage done
Event: 1.851 loading class java/awt/image/BufferedImage done
Event: 1.851 loading class java/awt/image/BufferedImage$1
Event: 1.851 loading class java/awt/image/BufferedImage$1 done


Dynamic libraries:
0x00007ff6cf270000 - 0x00007ff6cf280000 	C:\Program Files\Java\jdk-16.0.1\bin\java.exe
0x00007fff284e0000 - 0x00007fff286e9000 	C:\WINDOWS\SYSTEM32\ntdll.dll
0x00007fff27920000 - 0x00007fff279dd000 	C:\WINDOWS\System32\KERNEL32.DLL
0x00007fff25c10000 - 0x00007fff25f8b000 	C:\WINDOWS\System32\KERNELBASE.dll
0x00007fff25af0000 - 0x00007fff25c01000 	C:\WINDOWS\System32\ucrtbase.dll
0x00007fff1fcf0000 - 0x00007fff1fd09000 	C:\Program Files\Java\jdk-16.0.1\bin\VCRUNTIME140.dll
0x00007fff15410000 - 0x00007fff15428000 	C:\Program Files\Java\jdk-16.0.1\bin\jli.dll
0x00007fff27450000 - 0x00007fff274fe000 	C:\WINDOWS\System32\ADVAPI32.dll
0x00007fff27d70000 - 0x00007fff27e13000 	C:\WINDOWS\System32\msvcrt.dll
0x00007fff263a0000 - 0x00007fff2643e000 	C:\WINDOWS\System32\sechost.dll
0x00007fff276c0000 - 0x00007fff277e0000 	C:\WINDOWS\System32\RPCRT4.dll
0x00007fff27e20000 - 0x00007fff27fcd000 	C:\WINDOWS\System32\USER32.dll
0x00007fff16d70000 - 0x00007fff17015000 	C:\WINDOWS\WinSxS\amd64_microsoft.windows.common-controls_6595b64144ccf1df_6.0.22000.120_none_9d947278b86cc467\COMCTL32.dll
0x00007fff26000000 - 0x00007fff26026000 	C:\WINDOWS\System32\win32u.dll
0x00007fff28470000 - 0x00007fff28499000 	C:\WINDOWS\System32\GDI32.dll
0x00007fff26240000 - 0x00007fff26358000 	C:\WINDOWS\System32\gdi32full.dll
0x00007fff261a0000 - 0x00007fff2623d000 	C:\WINDOWS\System32\msvcp_win.dll
0x00007fff1e110000 - 0x00007fff1e11a000 	C:\WINDOWS\SYSTEM32\VERSION.dll
0x00007fff26360000 - 0x00007fff26391000 	C:\WINDOWS\System32\IMM32.DLL
0x00007fff1fcd0000 - 0x00007fff1fcdc000 	C:\Program Files\Java\jdk-16.0.1\bin\vcruntime140_1.dll
0x00007fff0d430000 - 0x00007fff0d4c1000 	C:\Program Files\Java\jdk-16.0.1\bin\msvcp140.dll
0x00007ffef8f30000 - 0x00007ffef9adb000 	C:\Program Files\Java\jdk-16.0.1\bin\server\jvm.dll
0x00007fff273b0000 - 0x00007fff273b8000 	C:\WINDOWS\System32\PSAPI.DLL
0x00007fff13890000 - 0x00007fff13899000 	C:\WINDOWS\SYSTEM32\WSOCK32.dll
0x00007fff1f250000 - 0x00007fff1f283000 	C:\WINDOWS\SYSTEM32\WINMM.dll
0x00007fff26530000 - 0x00007fff2659f000 	C:\WINDOWS\System32\WS2_32.dll
0x00007fff24b20000 - 0x00007fff24b38000 	C:\WINDOWS\SYSTEM32\kernel.appcore.dll
0x00007fff1e1c0000 - 0x00007fff1e1ca000 	C:\Program Files\Java\jdk-16.0.1\bin\jimage.dll
0x00007fff24040000 - 0x00007fff24261000 	C:\WINDOWS\SYSTEM32\DBGHELP.DLL
0x00007fff05e80000 - 0x00007fff05eb1000 	C:\WINDOWS\SYSTEM32\dbgcore.DLL
0x00007fff259b0000 - 0x00007fff25a2f000 	C:\WINDOWS\System32\bcryptPrimitives.dll
0x00007fff0e290000 - 0x00007fff0e2b5000 	C:\Program Files\Java\jdk-16.0.1\bin\java.dll
0x00007fff26b60000 - 0x00007fff27318000 	C:\WINDOWS\System32\SHELL32.dll
0x00007fff23620000 - 0x00007fff23e85000 	C:\WINDOWS\SYSTEM32\windows.storage.dll
0x00007fff28030000 - 0x00007fff283a7000 	C:\WINDOWS\System32\combase.dll
0x00007fff234b0000 - 0x00007fff23616000 	C:\WINDOWS\SYSTEM32\wintypes.dll
0x00007fff26440000 - 0x00007fff2652a000 	C:\WINDOWS\System32\SHCORE.dll
0x00007fff26b00000 - 0x00007fff26b5d000 	C:\WINDOWS\System32\shlwapi.dll
0x00007fff258e0000 - 0x00007fff25901000 	C:\WINDOWS\SYSTEM32\profapi.dll
0x00007fff0df80000 - 0x00007fff0df99000 	C:\Program Files\Java\jdk-16.0.1\bin\net.dll
0x00007fff1eea0000 - 0x00007fff1efac000 	C:\WINDOWS\SYSTEM32\WINHTTP.dll
0x00007fff24fc0000 - 0x00007fff25027000 	C:\WINDOWS\system32\mswsock.dll
0x00007fff0df20000 - 0x00007fff0df33000 	C:\Program Files\Java\jdk-16.0.1\bin\nio.dll
0x00007fff0ddb0000 - 0x00007fff0ddc8000 	C:\Program Files\Java\jdk-16.0.1\bin\zip.dll
0x00007ffeffed0000 - 0x00007fff00050000 	C:\Program Files\Java\jdk-16.0.1\bin\awt.dll
0x00007fff265a0000 - 0x00007fff26676000 	C:\WINDOWS\System32\OLEAUT32.dll
0x00007fff22b40000 - 0x00007fff22bd2000 	C:\WINDOWS\SYSTEM32\apphelp.dll
0x00007fff22c00000 - 0x00007fff22cac000 	C:\WINDOWS\system32\uxtheme.dll
0x00007fff277e0000 - 0x00007fff278fd000 	C:\WINDOWS\System32\MSCTF.dll
0x00007fff27520000 - 0x00007fff276ba000 	C:\WINDOWS\System32\ole32.dll
0x00007fff22fa0000 - 0x00007fff22fcf000 	C:\WINDOWS\system32\DWMAPI.DLL
0x00007ffedbbe0000 - 0x00007ffedbce1000 	C:\WINDOWS\system32\opengl32.dll
0x00007ffeea3b0000 - 0x00007ffeea3dd000 	C:\WINDOWS\SYSTEM32\GLU32.dll
0x00007fff22e20000 - 0x00007fff22e58000 	C:\WINDOWS\SYSTEM32\dxcore.dll
0x00007fff0ad60000 - 0x00007fff0ade9000 	C:\Program Files\Java\jdk-16.0.1\bin\freetype.dll
0x00007fff04250000 - 0x00007fff04346000 	C:\Program Files\Java\jdk-16.0.1\bin\harfbuzz.dll
0x00007fff0dd90000 - 0x00007fff0dda2000 	C:\Program Files\Java\jdk-16.0.1\bin\fontmanager.dll
0x00007fff283b0000 - 0x00007fff28465000 	C:\WINDOWS\System32\clbcatq.dll
0x00007fff1fe60000 - 0x00007fff2000e000 	C:\WINDOWS\SYSTEM32\WindowsCodecs.dll
0x00007fff13010000 - 0x00007fff1306d000 	C:\WINDOWS\system32\dataexchange.dll
0x00007fff1be00000 - 0x00007fff1c066000 	C:\WINDOWS\system32\twinapi.appcore.dll
0x00007fff1e870000 - 0x00007fff1e87e000 	C:\Program Files\Java\jdk-16.0.1\bin\sunmscapi.dll
0x00007fff26030000 - 0x00007fff26192000 	C:\WINDOWS\System32\CRYPT32.dll
0x00007fff25360000 - 0x00007fff25388000 	C:\WINDOWS\SYSTEM32\ncrypt.dll
0x00007fff25320000 - 0x00007fff25357000 	C:\WINDOWS\SYSTEM32\NTASN1.dll
0x00007fff25200000 - 0x00007fff25218000 	C:\WINDOWS\SYSTEM32\CRYPTSP.dll
0x00007fff24a80000 - 0x00007fff24ab5000 	C:\WINDOWS\system32\rsaenh.dll
0x00007fff250b0000 - 0x00007fff250d9000 	C:\WINDOWS\SYSTEM32\USERENV.dll
0x00007fff25390000 - 0x00007fff253b7000 	C:\WINDOWS\SYSTEM32\bcrypt.dll
0x00007fff25220000 - 0x00007fff2522c000 	C:\WINDOWS\SYSTEM32\CRYPTBASE.dll
0x00007fff245d0000 - 0x00007fff245fd000 	C:\WINDOWS\SYSTEM32\IPHLPAPI.DLL
0x00007fff26680000 - 0x00007fff26689000 	C:\WINDOWS\System32\NSI.dll
0x00007fff1ebe0000 - 0x00007fff1ebf9000 	C:\WINDOWS\SYSTEM32\dhcpcsvc6.DLL
0x00007fff1f700000 - 0x00007fff1f71e000 	C:\WINDOWS\SYSTEM32\dhcpcsvc.DLL
0x00007fff24600000 - 0x00007fff246e8000 	C:\WINDOWS\SYSTEM32\DNSAPI.dll
0x00007fff1c160000 - 0x00007fff1c16a000 	C:\Windows\System32\rasadhlp.dll
0x00007fff1c930000 - 0x00007fff1c9b1000 	C:\WINDOWS\System32\fwpuclnt.dll
0x00007ffeef750000 - 0x00007ffeef87d000 	C:\WINDOWS\SYSTEM32\textinputframework.dll
0x00007fff22850000 - 0x00007fff22981000 	C:\WINDOWS\SYSTEM32\CoreMessaging.dll
0x00007fff20c90000 - 0x00007fff20ffd000 	C:\WINDOWS\SYSTEM32\CoreUIComponents.dll

dbghelp: loaded successfully - version: 4.0.5 - missing functions: none
symbol engine: initialized successfully - sym options: 0x614 - pdb path: .;C:\Program Files\Java\jdk-16.0.1\bin;C:\WINDOWS\SYSTEM32;C:\WINDOWS\WinSxS\amd64_microsoft.windows.common-controls_6595b64144ccf1df_6.0.22000.120_none_9d947278b86cc467;C:\Program Files\Java\jdk-16.0.1\bin\server

VM Arguments:
java_command: GUI.user.ManHinhDangNhap
java_class_path (initial): C:\Users\ADMIN\Desktop\3119410029\Netbeans\LTM\target\classes;C:\Users\ADMIN\.m2\repository\com\mysql\mysql-connector-j\8.0.31\mysql-connector-j-8.0.31.jar;C:\Users\ADMIN\.m2\repository\com\google\protobuf\protobuf-java\3.19.4\protobuf-java-3.19.4.jar;C:\Users\ADMIN\.m2\repository\com\google\code\gson\gson\2.10\gson-2.10.jar;C:\Users\ADMIN\.m2\repository\org\jsoup\jsoup\1.15.3\jsoup-1.15.3.jar;C:\Users\ADMIN\.m2\repository\org\json\json\20220924\json-20220924.jar;C:\Users\ADMIN\.m2\repository\javax\mail\mail\1.5.0-b01\mail-1.5.0-b01.jar;C:\Users\ADMIN\.m2\repository\javax\activation\activation\1.1\activation-1.1.jar
Launcher Type: SUN_STANDARD

[Global flags]
     intx CICompilerCount                          = 4                                         {product} {ergonomic}
     uint ConcGCThreads                            = 2                                         {product} {ergonomic}
     uint G1ConcRefinementThreads                  = 8                                         {product} {ergonomic}
   size_t G1HeapRegionSize                         = 2097152                                   {product} {ergonomic}
    uintx GCDrainStackTargetSize                   = 64                                        {product} {ergonomic}
   size_t InitialHeapSize                          = 201326592                                 {product} {ergonomic}
   size_t MarkStackSize                            = 4194304                                   {product} {ergonomic}
   size_t MaxHeapSize                              = 3191865344                                {product} {ergonomic}
   size_t MaxNewSize                               = 1914699776                                {product} {ergonomic}
   size_t MinHeapDeltaBytes                        = 2097152                                   {product} {ergonomic}
   size_t MinHeapSize                              = 8388608                                   {product} {ergonomic}
    uintx NonNMethodCodeHeapSize                   = 5839372                                {pd product} {ergonomic}
    uintx NonProfiledCodeHeapSize                  = 122909434                              {pd product} {ergonomic}
    uintx ProfiledCodeHeapSize                     = 122909434                              {pd product} {ergonomic}
    uintx ReservedCodeCacheSize                    = 251658240                              {pd product} {ergonomic}
     bool SegmentedCodeCache                       = true                                      {product} {ergonomic}
   size_t SoftMaxHeapSize                          = 3191865344                             {manageable} {ergonomic}
     bool UseCompressedClassPointers               = true                           {product lp64_product} {ergonomic}
     bool UseCompressedOops                        = true                           {product lp64_product} {ergonomic}
     bool UseG1GC                                  = true                                      {product} {ergonomic}
     bool UseLargePagesIndividualAllocation        = false                                  {pd product} {ergonomic}

Logging:
Log output configuration:
 #0: stdout all=warning uptime,level,tags
 #1: stderr all=off uptime,level,tags

Environment Variables:
JAVA_HOME=C:\Program Files\Java\jdk-16.0.1
PATH=C:\Oracle\bin;C:\Program Files (x86)\Common Files\Oracle\Java\javapath;C:\MinGW\bin;C:\Program Files (x86)\VMware\VMware Workstation\bin\;C:\Program Files (x86)\Intel\iCLS Client\;C:\Program Files\Intel\iCLS Client\;C:\Windows\system32;C:\Windows;C:\Windows\System32\Wbem;C:\Windows\System32\WindowsPowerShell\v1.0\;C:\Program Files (x86)\Intel\Intel(R) Management Engine Components\DAL;C:\Program Files\Intel\Intel(R) Management Engine Components\DAL;C:\Program Files (x86)\Intel\Intel(R) Management Engine Components\IPT;C:\Program Files\Intel\Intel(R) Management Engine Components\IPT;C:\Program Files (x86)\NVIDIA Corporation\PhysX\Common;C:\WINDOWS\system32;C:\WINDOWS;C:\WINDOWS\System32\Wbem;C:\WINDOWS\System32\WindowsPowerShell\v1.0\;C:\WINDOWS\System32\OpenSSH\;C:\Program Files\Intel\WiFi\bin\;C:\Program Files\Common Files\Intel\WirelessCommon\;C:\Program Files (x86)\mingw-w64\i686-8.1.0-posix-dwarf-rt_v6-rev0\mingw32\bin;C:\Program Files\Microsoft SQL Server\Client SDK\ODBC\170\Tools\Binn\;C:\Program Files (x86)\Microsoft SQL Server\150\Tools\Binn\;C:\Program Files\Microsoft SQL Server\150\Tools\Binn\;C:\Program Files\Microsoft SQL Server\150\DTS\Binn\;C:\Program Files\Azure Data Studio\bin;C:\Program Files (x86)\Microsoft SQL Server\150\DTS\Binn\;C:\Program Files\Git\cmd;C:\Program Files\Microsoft SQL Server\130\Tools\Binn\;C:\Program Files\PuTTY\;C:\ProgramData\ComposerSetup\bin;C:\Program Files\dotnet\;C:\Program Files\nodejs\;C:\Program Files\Microsoft SQL Server Migration Assistant for MySQL\bin\;C:\Program Files\Calibre2\;C:\Users\ADMIN\scoop\shims;C:\Users\ADMIN\AppData\Local\Programs\Python\Python39\Scripts\;C:\Users\ADMIN\AppData\Local\Programs\Python\Python39\;C:\Users\ADMIN\AppData\Local\Microsoft\WindowsApps;C:\Users\ADMIN\AppData\Local\Programs\Microsoft VS Code\bin;C:\Users\ADMIN\AppData\Roaming\Dashlane\6.2011.0.33406\bin\Firefox_Extension\{442718d9-475e-452a-b3e1-fb1ee16b8e9f}\components;C:\Users\ADMIN\AppData\Roaming\Dashlane\6.2011.0.33406\ucrt;
USERNAME=ADMIN
OS=Windows_NT
PROCESSOR_IDENTIFIER=Intel64 Family 6 Model 142 Stepping 10, GenuineIntel



---------------  S Y S T E M  ---------------

OS:
 Windows 10 , 64 bit Build 22000 (10.0.22000.708)
OS uptime: 3 days 23:47 hours

CPU: total 8 (initial active 8) (4 cores per cpu, 2 threads per core) family 6 model 142 stepping 10 microcode 0xe0, cx8, cmov, fxsr, ht, mmx, 3dnowpref, sse, sse2, sse3, ssse3, sse4.1, sse4.2, popcnt, lzcnt, tsc, tscinvbit, avx, avx2, aes, erms, clmul, bmi1, bmi2, adx, fma, vzeroupper, clflush, clflushopt

Memory: 4k page, system-wide physical 12174M (2276M free)
TotalPageFile size 16270M (AvailPageFile size 3M)
current process WorkingSet (physical memory assigned to process): 107M, peak: 107M
current process commit charge ("private bytes"): 311M, peak: 313M

vm_info: Java HotSpot(TM) 64-Bit Server VM (16.0.1+9-24) for windows-amd64 JRE (16.0.1+9-24), built on Mar 26 2021 19:31:42 by "mach5one" with MS VC++ 16.7 (VS2019)

END.
