#
# There is insufficient memory for the Java Runtime Environment to continue.
# Native memory allocation (mmap) failed to map 201326592 bytes for G1 virtual space
# Possible reasons:
#   The system is out of physical RAM or swap space
#   The process is running with CompressedOops enabled, and the Java Heap may be blocking the growth of the native heap
# Possible solutions:
#   Reduce memory load on the system
#   Increase physical memory or swap space
#   Check if swap backing store is full
#   Decrease Java heap size (-Xmx/-Xms)
#   Decrease number of Java threads
#   Decrease Java thread stack sizes (-Xss)
#   Set larger code cache with -XX:ReservedCodeCacheSize=
#   JVM is running with Zero Based Compressed Oops mode in which the Java heap is
#     placed in the first 32GB address space. The Java Heap base address is the
#     maximum limit for the native heap growth. Please use -XX:HeapBaseMinAddress
#     to set the Java Heap base and to place the Java Heap above 32GB virtual address.
# This output file may be truncated or incomplete.
#
#  Out of Memory Error (os_windows.cpp:3466), pid=16904, tid=13568
#
# JRE version:  (16.0.1+9) (build )
# Java VM: Java HotSpot(TM) 64-Bit Server VM (16.0.1+9-24, mixed mode, sharing, tiered, compressed oops, compressed class ptrs, g1 gc, windows-amd64)
# No core dump will be written. Minidumps are not enabled by default on client versions of Windows
#

---------------  S U M M A R Y ------------

Command Line: GUI.user.ManHinhDangNhap

Host: Intel(R) Core(TM) i5-8250U CPU @ 1.60GHz, 8 cores, 11G,  Windows 10 , 64 bit Build 22000 (10.0.22000.708)
Time: Fri Dec  9 19:21:47 2022 SE Asia Standard Time elapsed time: 0.011639 seconds (0d 0h 0m 0s)

---------------  T H R E A D  ---------------

Current thread (0x0000016875672520):  JavaThread "Unknown thread" [_thread_in_vm, id=13568, stack(0x0000005434a00000,0x0000005434b00000)]

Stack: [0x0000005434a00000,0x0000005434b00000]
Native frames: (J=compiled Java code, j=interpreted, Vv=VM code, C=native code)
V  [jvm.dll+0x6687ca]
V  [jvm.dll+0x7ca3c9]
V  [jvm.dll+0x7cbb53]
V  [jvm.dll+0x7cc1b3]
V  [jvm.dll+0x242ea5]
V  [jvm.dll+0x665589]
V  [jvm.dll+0x65a175]
V  [jvm.dll+0x2fc5ab]
V  [jvm.dll+0x3037a6]
V  [jvm.dll+0x352fee]
V  [jvm.dll+0x35321f]
V  [jvm.dll+0x2d3618]
V  [jvm.dll+0x2d4854]
V  [jvm.dll+0x79ccb1]
V  [jvm.dll+0x360de1]
V  [jvm.dll+0x77a990]
V  [jvm.dll+0x3e55af]
V  [jvm.dll+0x3e7081]
C  [jli.dll+0x52fb]
C  [ucrtbase.dll+0x26c0c]
C  [KERNEL32.DLL+0x154e0]
C  [ntdll.dll+0x485b]


---------------  P R O C E S S  ---------------

Threads class SMR info:
_java_thread_list=0x00007ffef9a3cbb8, length=0, elements={
}

Java Threads: ( => current thread )

Other Threads:
  0x00000168756b8cc0 GCTaskThread "GC Thread#0" [stack: 0x0000005434b00000,0x0000005434c00000] [id=14948]
  0x00000168756c6bb0 ConcurrentGCThread "G1 Main Marker" [stack: 0x0000005434c00000,0x0000005434d00000] [id=13920]
  0x00000168756c7cc0 ConcurrentGCThread "G1 Conc#0" [stack: 0x0000005434d00000,0x0000005434e00000] [id=11828]

[error occurred during error reporting (printing all threads), id 0xc0000005, EXCEPTION_ACCESS_VIOLATION (0xc0000005) at pc=0x00007ffef92144d7]

VM state: not at safepoint (not fully initialized)

VM Mutex/Monitor currently owned by a thread:  ([mutex/lock_event])
[0x000001687566f230] Heap_lock - owner thread: 0x0000016875672520

Heap address: 0x0000000741c00000, size: 3044 MB, Compressed Oops mode: Zero based, Oop shift amount: 3

CDS archive(s) mapped at: [0x0000000000000000-0x0000000000000000-0x0000000000000000), size 0, SharedBaseAddress: 0x0000000800000000, ArchiveRelocationMode: 0.
Narrow klass base: 0x0000000000000000, Narrow klass shift: 0, Narrow klass range: 0x0

GC Precious Log:
<Empty>

Heap:
 garbage-first heap   total 0K, used 0K [0x0000000741c00000, 0x0000000800000000)
  region size 2048K, 0 young (0K), 0 survivors (0K)

[error occurred during error reporting (printing heap information), id 0xc0000005, EXCEPTION_ACCESS_VIOLATION (0xc0000005) at pc=0x00007ffef95f24ed]

GC Heap History (0 events):
No events

Deoptimization events (0 events):
No events

Classes unloaded (0 events):
No events

Classes redefined (0 events):
No events

Internal exceptions (0 events):
No events

Events (1 events):
Event: 0.006 Loaded shared library C:\Program Files\Java\jdk-16.0.1\bin\java.dll


Dynamic libraries:
0x00007ff6cf270000 - 0x00007ff6cf280000 	C:\Program Files\Java\jdk-16.0.1\bin\java.exe
0x00007fff284e0000 - 0x00007fff286e9000 	C:\WINDOWS\SYSTEM32\ntdll.dll
0x00007fff27920000 - 0x00007fff279dd000 	C:\WINDOWS\System32\KERNEL32.DLL
0x00007fff25c10000 - 0x00007fff25f8b000 	C:\WINDOWS\System32\KERNELBASE.dll
0x00007fff25af0000 - 0x00007fff25c01000 	C:\WINDOWS\System32\ucrtbase.dll
0x00007fff1fcf0000 - 0x00007fff1fd09000 	C:\Program Files\Java\jdk-16.0.1\bin\VCRUNTIME140.dll
0x00007fff15410000 - 0x00007fff15428000 	C:\Program Files\Java\jdk-16.0.1\bin\jli.dll
0x00007fff27450000 - 0x00007fff274fe000 	C:\WINDOWS\System32\ADVAPI32.dll
0x00007fff27d70000 - 0x00007fff27e13000 	C:\WINDOWS\System32\msvcrt.dll
0x00007fff263a0000 - 0x00007fff2643e000 	C:\WINDOWS\System32\sechost.dll
0x00007fff276c0000 - 0x00007fff277e0000 	C:\WINDOWS\System32\RPCRT4.dll
0x00007fff27e20000 - 0x00007fff27fcd000 	C:\WINDOWS\System32\USER32.dll
0x00007fff26000000 - 0x00007fff26026000 	C:\WINDOWS\System32\win32u.dll
0x00007fff16d70000 - 0x00007fff17015000 	C:\WINDOWS\WinSxS\amd64_microsoft.windows.common-controls_6595b64144ccf1df_6.0.22000.120_none_9d947278b86cc467\COMCTL32.dll
0x00007fff28470000 - 0x00007fff28499000 	C:\WINDOWS\System32\GDI32.dll
0x00007fff26240000 - 0x00007fff26358000 	C:\WINDOWS\System32\gdi32full.dll
0x00007fff261a0000 - 0x00007fff2623d000 	C:\WINDOWS\System32\msvcp_win.dll
0x00007fff1e110000 - 0x00007fff1e11a000 	C:\WINDOWS\SYSTEM32\VERSION.dll
0x00007fff26360000 - 0x00007fff26391000 	C:\WINDOWS\System32\IMM32.DLL
0x00007fff1fcd0000 - 0x00007fff1fcdc000 	C:\Program Files\Java\jdk-16.0.1\bin\vcruntime140_1.dll
0x00007fff0d430000 - 0x00007fff0d4c1000 	C:\Program Files\Java\jdk-16.0.1\bin\msvcp140.dll
0x00007ffef8f30000 - 0x00007ffef9adb000 	C:\Program Files\Java\jdk-16.0.1\bin\server\jvm.dll
0x00007fff273b0000 - 0x00007fff273b8000 	C:\WINDOWS\System32\PSAPI.DLL
0x00007fff13890000 - 0x00007fff13899000 	C:\WINDOWS\SYSTEM32\WSOCK32.dll
0x00007fff1f250000 - 0x00007fff1f283000 	C:\WINDOWS\SYSTEM32\WINMM.dll
0x00007fff26530000 - 0x00007fff2659f000 	C:\WINDOWS\System32\WS2_32.dll
0x00007fff24b20000 - 0x00007fff24b38000 	C:\WINDOWS\SYSTEM32\kernel.appcore.dll
0x00007fff1e1c0000 - 0x00007fff1e1ca000 	C:\Program Files\Java\jdk-16.0.1\bin\jimage.dll
0x00007fff24040000 - 0x00007fff24261000 	C:\WINDOWS\SYSTEM32\DBGHELP.DLL
0x00007fff05e80000 - 0x00007fff05eb1000 	C:\WINDOWS\SYSTEM32\dbgcore.DLL
0x00007fff259b0000 - 0x00007fff25a2f000 	C:\WINDOWS\System32\bcryptPrimitives.dll
0x00007fff0e290000 - 0x00007fff0e2b5000 	C:\Program Files\Java\jdk-16.0.1\bin\java.dll

dbghelp: loaded successfully - version: 4.0.5 - missing functions: none
symbol engine: initialized successfully - sym options: 0x614 - pdb path: .;C:\Program Files\Java\jdk-16.0.1\bin;C:\WINDOWS\SYSTEM32;C:\WINDOWS\WinSxS\amd64_microsoft.windows.common-controls_6595b64144ccf1df_6.0.22000.120_none_9d947278b86cc467;C:\Program Files\Java\jdk-16.0.1\bin\server

VM Arguments:
java_command: GUI.user.ManHinhDangNhap
java_class_path (initial): C:\Users\ADMIN\Desktop\3119410029\Netbeans\LTM\target\classes;C:\Users\ADMIN\.m2\repository\com\mysql\mysql-connector-j\8.0.31\mysql-connector-j-8.0.31.jar;C:\Users\ADMIN\.m2\repository\com\google\protobuf\protobuf-java\3.19.4\protobuf-java-3.19.4.jar;C:\Users\ADMIN\.m2\repository\com\google\code\gson\gson\2.10\gson-2.10.jar;C:\Users\ADMIN\.m2\repository\org\jsoup\jsoup\1.15.3\jsoup-1.15.3.jar;C:\Users\ADMIN\.m2\repository\org\json\json\20220924\json-20220924.jar;C:\Users\ADMIN\.m2\repository\javax\mail\mail\1.5.0-b01\mail-1.5.0-b01.jar;C:\Users\ADMIN\.m2\repository\javax\activation\activation\1.1\activation-1.1.jar
Launcher Type: SUN_STANDARD

[Global flags]
     intx CICompilerCount                          = 4                                         {product} {ergonomic}
     uint ConcGCThreads                            = 2                                         {product} {ergonomic}
     uint G1ConcRefinementThreads                  = 8                                         {product} {ergonomic}
   size_t G1HeapRegionSize                         = 2097152                                   {product} {ergonomic}
    uintx GCDrainStackTargetSize                   = 64                                        {product} {ergonomic}
   size_t InitialHeapSize                          = 201326592                                 {product} {ergonomic}
   size_t MarkStackSize                            = 4194304                                   {product} {ergonomic}
   size_t MaxHeapSize                              = 3191865344                                {product} {ergonomic}
   size_t MinHeapDeltaBytes                        = 2097152                                   {product} {ergonomic}
   size_t MinHeapSize                              = 8388608                                   {product} {ergonomic}
    uintx NonNMethodCodeHeapSize                   = 5839372                                {pd product} {ergonomic}
    uintx NonProfiledCodeHeapSize                  = 122909434                              {pd product} {ergonomic}
    uintx ProfiledCodeHeapSize                     = 122909434                              {pd product} {ergonomic}
    uintx ReservedCodeCacheSize                    = 251658240                              {pd product} {ergonomic}
     bool SegmentedCodeCache                       = true                                      {product} {ergonomic}
   size_t SoftMaxHeapSize                          = 3191865344                             {manageable} {ergonomic}
     bool UseCompressedClassPointers               = true                           {product lp64_product} {ergonomic}
     bool UseCompressedOops                        = true                           {product lp64_product} {ergonomic}
     bool UseG1GC                                  = true                                      {product} {ergonomic}
     bool UseLargePagesIndividualAllocation        = false                                  {pd product} {ergonomic}

Logging:
Log output configuration:
 #0: stdout all=warning uptime,level,tags
 #1: stderr all=off uptime,level,tags

Environment Variables:
JAVA_HOME=C:\Program Files\Java\jdk-16.0.1
PATH=C:\Oracle\bin;C:\Program Files (x86)\Common Files\Oracle\Java\javapath;C:\MinGW\bin;C:\Program Files (x86)\VMware\VMware Workstation\bin\;C:\Program Files (x86)\Intel\iCLS Client\;C:\Program Files\Intel\iCLS Client\;C:\Windows\system32;C:\Windows;C:\Windows\System32\Wbem;C:\Windows\System32\WindowsPowerShell\v1.0\;C:\Program Files (x86)\Intel\Intel(R) Management Engine Components\DAL;C:\Program Files\Intel\Intel(R) Management Engine Components\DAL;C:\Program Files (x86)\Intel\Intel(R) Management Engine Components\IPT;C:\Program Files\Intel\Intel(R) Management Engine Components\IPT;C:\Program Files (x86)\NVIDIA Corporation\PhysX\Common;C:\WINDOWS\system32;C:\WINDOWS;C:\WINDOWS\System32\Wbem;C:\WINDOWS\System32\WindowsPowerShell\v1.0\;C:\WINDOWS\System32\OpenSSH\;C:\Program Files\Intel\WiFi\bin\;C:\Program Files\Common Files\Intel\WirelessCommon\;C:\Program Files (x86)\mingw-w64\i686-8.1.0-posix-dwarf-rt_v6-rev0\mingw32\bin;C:\Program Files\Microsoft SQL Server\Client SDK\ODBC\170\Tools\Binn\;C:\Program Files (x86)\Microsoft SQL Server\150\Tools\Binn\;C:\Program Files\Microsoft SQL Server\150\Tools\Binn\;C:\Program Files\Microsoft SQL Server\150\DTS\Binn\;C:\Program Files\Azure Data Studio\bin;C:\Program Files (x86)\Microsoft SQL Server\150\DTS\Binn\;C:\Program Files\Git\cmd;C:\Program Files\Microsoft SQL Server\130\Tools\Binn\;C:\Program Files\PuTTY\;C:\ProgramData\ComposerSetup\bin;C:\Program Files\dotnet\;C:\Program Files\nodejs\;C:\Program Files\Microsoft SQL Server Migration Assistant for MySQL\bin\;C:\Program Files\Calibre2\;C:\Users\ADMIN\scoop\shims;C:\Users\ADMIN\AppData\Local\Programs\Python\Python39\Scripts\;C:\Users\ADMIN\AppData\Local\Programs\Python\Python39\;C:\Users\ADMIN\AppData\Local\Microsoft\WindowsApps;C:\Users\ADMIN\AppData\Local\Programs\Microsoft VS Code\bin;C:\Users\ADMIN\AppData\Roaming\Dashlane\6.2011.0.33406\bin\Firefox_Extension\{442718d9-475e-452a-b3e1-fb1ee16b8e9f}\components;C:\Users\ADMIN\AppData\Roaming\Dashlane\6.2011.0.33406\ucrt;
USERNAME=ADMIN
OS=Windows_NT
PROCESSOR_IDENTIFIER=Intel64 Family 6 Model 142 Stepping 10, GenuineIntel



---------------  S Y S T E M  ---------------

OS:
 Windows 10 , 64 bit Build 22000 (10.0.22000.708)
OS uptime: 3 days 23:20 hours

CPU: total 8 (initial active 8) (4 cores per cpu, 2 threads per core) family 6 model 142 stepping 10 microcode 0xe0, cx8, cmov, fxsr, ht, mmx, 3dnowpref, sse, sse2, sse3, ssse3, sse4.1, sse4.2, popcnt, lzcnt, tsc, tscinvbit, avx, avx2, aes, erms, clmul, bmi1, bmi2, adx, fma, vzeroupper, clflush, clflushopt

Memory: 4k page, system-wide physical 12174M (2768M free)
TotalPageFile size 16268M (AvailPageFile size 117M)
current process WorkingSet (physical memory assigned to process): 10M, peak: 10M
current process commit charge ("private bytes"): 60M, peak: 251M

vm_info: Java HotSpot(TM) 64-Bit Server VM (16.0.1+9-24) for windows-amd64 JRE (16.0.1+9-24), built on Mar 26 2021 19:31:42 by "mach5one" with MS VC++ 16.7 (VS2019)

END.
