#
# There is insufficient memory for the Java Runtime Environment to continue.
# Native memory allocation (malloc) failed to allocate 1136976 bytes for Chunk::new
# Possible reasons:
#   The system is out of physical RAM or swap space
#   The process is running with CompressedOops enabled, and the Java Heap may be blocking the growth of the native heap
# Possible solutions:
#   Reduce memory load on the system
#   Increase physical memory or swap space
#   Check if swap backing store is full
#   Decrease Java heap size (-Xmx/-Xms)
#   Decrease number of Java threads
#   Decrease Java thread stack sizes (-Xss)
#   Set larger code cache with -XX:ReservedCodeCacheSize=
#   JVM is running with Zero Based Compressed Oops mode in which the Java heap is
#     placed in the first 32GB address space. The Java Heap base address is the
#     maximum limit for the native heap growth. Please use -XX:HeapBaseMinAddress
#     to set the Java Heap base and to place the Java Heap above 32GB virtual address.
# This output file may be truncated or incomplete.
#
#  Out of Memory Error (arena.cpp:195), pid=11232, tid=15420
#
# JRE version: Java(TM) SE Runtime Environment (16.0.1+9) (build 16.0.1+9-24)
# Java VM: Java HotSpot(TM) 64-Bit Server VM (16.0.1+9-24, mixed mode, sharing, tiered, compressed oops, compressed class ptrs, g1 gc, windows-amd64)
# No core dump will be written. Minidumps are not enabled by default on client versions of Windows
#

---------------  S U M M A R Y ------------

Command Line: -Dclassworlds.conf=C:\Program Files\NetBeans-14\netbeans\java\maven\bin\m2.conf -Dmaven.home=C:\Program Files\NetBeans-14\netbeans\java\maven -Dlibrary.jansi.path=C:\Program Files\NetBeans-14\netbeans\java\maven\lib\jansi-native -Dmaven.multiModuleProjectDirectory=C:\Users\ADMIN\Desktop\3119410029\Netbeans\LTM org.codehaus.plexus.classworlds.launcher.Launcher -Dexec.vmArgs= -Dexec.args=${exec.vmArgs} -classpath %classpath ${exec.mainClass} ${exec.appArgs} -Dexec.executable=C:\Program Files\Java\jdk-16.0.1\bin\java.exe -Dexec.mainClass=GUI.user.ManHinhDangNhap -Dexec.classpathScope=runtime -Dexec.appArgs= -Dmaven.ext.class.path=C:\Program Files\NetBeans-14\netbeans\java\maven-nblib\netbeans-eventspy.jar org.codehaus.mojo:exec-maven-plugin:3.0.0:exec

Host: Intel(R) Core(TM) i5-8250U CPU @ 1.60GHz, 8 cores, 11G,  Windows 10 , 64 bit Build 22000 (10.0.22000.708)
Time: Wed Dec 14 08:09:36 2022 SE Asia Standard Time elapsed time: 1.839954 seconds (0d 0h 0m 1s)

---------------  T H R E A D  ---------------

Current thread (0x000001f7323c17b0):  JavaThread "C2 CompilerThread1" daemon [_thread_in_native, id=15420, stack(0x000000b9a6600000,0x000000b9a6700000)]


Current CompileTask:
C2:   1840 1776   !   4       java.net.URL::<init> (543 bytes)

Stack: [0x000000b9a6600000,0x000000b9a6700000]
Native frames: (J=compiled Java code, j=interpreted, Vv=VM code, C=native code)
V  [jvm.dll+0x6687ca]
V  [jvm.dll+0x7ca3c9]
V  [jvm.dll+0x7cbb53]
V  [jvm.dll+0x7cc1b3]
V  [jvm.dll+0x242ea5]
V  [jvm.dll+0xadeca]
V  [jvm.dll+0xae5ac]
V  [jvm.dll+0x35af27]
V  [jvm.dll+0x1b9f31]
V  [jvm.dll+0x216066]
V  [jvm.dll+0x215350]
V  [jvm.dll+0x1a1d9b]
V  [jvm.dll+0x2253a8]
V  [jvm.dll+0x2233ec]
V  [jvm.dll+0x780002]
V  [jvm.dll+0x779b4a]
V  [jvm.dll+0x667666]
C  [ucrtbase.dll+0x26c0c]
C  [KERNEL32.DLL+0x154e0]
C  [ntdll.dll+0x485b]


---------------  P R O C E S S  ---------------

Threads class SMR info:
_java_thread_list=0x000001f7321a8ff0, length=14, elements={
0x000001f710d42f80, 0x000001f731353c50, 0x000001f731354760, 0x000001f73136c210,
0x000001f73136cb20, 0x000001f73136f440, 0x000001f731372370, 0x000001f7313829b0,
0x000001f731377cd0, 0x000001f731378620, 0x000001f731e35a20, 0x000001f731e364c0,
0x000001f7323c17b0, 0x000001f7323ab960
}

Java Threads: ( => current thread )
  0x000001f710d42f80 JavaThread "main" [_thread_in_vm, id=19028, stack(0x000000b9a5300000,0x000000b9a5400000)]
  0x000001f731353c50 JavaThread "Reference Handler" daemon [_thread_blocked, id=12920, stack(0x000000b9a5a00000,0x000000b9a5b00000)]
  0x000001f731354760 JavaThread "Finalizer" daemon [_thread_blocked, id=18188, stack(0x000000b9a5b00000,0x000000b9a5c00000)]
  0x000001f73136c210 JavaThread "Signal Dispatcher" daemon [_thread_blocked, id=8080, stack(0x000000b9a5c00000,0x000000b9a5d00000)]
  0x000001f73136cb20 JavaThread "Attach Listener" daemon [_thread_blocked, id=6416, stack(0x000000b9a5d00000,0x000000b9a5e00000)]
  0x000001f73136f440 JavaThread "Service Thread" daemon [_thread_blocked, id=13696, stack(0x000000b9a5e00000,0x000000b9a5f00000)]
  0x000001f731372370 JavaThread "Monitor Deflation Thread" daemon [_thread_blocked, id=16356, stack(0x000000b9a5f00000,0x000000b9a6000000)]
  0x000001f7313829b0 JavaThread "C2 CompilerThread0" daemon [_thread_in_native, id=7472, stack(0x000000b9a6000000,0x000000b9a6100000)]
  0x000001f731377cd0 JavaThread "C1 CompilerThread0" daemon [_thread_in_vm, id=10568, stack(0x000000b9a6100000,0x000000b9a6200000)]
  0x000001f731378620 JavaThread "Sweeper thread" daemon [_thread_blocked, id=14400, stack(0x000000b9a6200000,0x000000b9a6300000)]
  0x000001f731e35a20 JavaThread "Notification Thread" daemon [_thread_blocked, id=8084, stack(0x000000b9a6300000,0x000000b9a6400000)]
  0x000001f731e364c0 JavaThread "Common-Cleaner" daemon [_thread_blocked, id=19064, stack(0x000000b9a6500000,0x000000b9a6600000)]
=>0x000001f7323c17b0 JavaThread "C2 CompilerThread1" daemon [_thread_in_native, id=15420, stack(0x000000b9a6600000,0x000000b9a6700000)]
  0x000001f7323ab960 JavaThread "C2 CompilerThread2" daemon [_thread_in_native, id=6224, stack(0x000000b9a6700000,0x000000b9a6800000)]

Other Threads:
  0x000001f731351260 VMThread "VM Thread" [stack: 0x000000b9a5900000,0x000000b9a5a00000] [id=10176]
  0x000001f731e38990 WatcherThread [stack: 0x000000b9a6400000,0x000000b9a6500000] [id=19476]
  0x000001f710d89cf0 GCTaskThread "GC Thread#0" [stack: 0x000000b9a5400000,0x000000b9a5500000] [id=6156]
  0x000001f7326efb70 GCTaskThread "GC Thread#1" [stack: 0x000000b9a6800000,0x000000b9a6900000] [id=10204]
  0x000001f732a29780 GCTaskThread "GC Thread#2" [stack: 0x000000b9a6900000,0x000000b9a6a00000] [id=18876]
  0x000001f7327329d0 GCTaskThread "GC Thread#3" [stack: 0x000000b9a6a00000,0x000000b9a6b00000] [id=19800]
  0x000001f732d125c0 GCTaskThread "GC Thread#4" [stack: 0x000000b9a6b00000,0x000000b9a6c00000] [id=16972]
  0x000001f73297c0b0 GCTaskThread "GC Thread#5" [stack: 0x000000b9a6c00000,0x000000b9a6d00000] [id=16764]
  0x000001f733156d90 GCTaskThread "GC Thread#6" [stack: 0x000000b9a6d00000,0x000000b9a6e00000] [id=17692]
  0x000001f732ada2a0 GCTaskThread "GC Thread#7" [stack: 0x000000b9a6e00000,0x000000b9a6f00000] [id=19460]
  0x000001f710d96be0 ConcurrentGCThread "G1 Main Marker" [stack: 0x000000b9a5500000,0x000000b9a5600000] [id=11616]
  0x000001f710d97d00 ConcurrentGCThread "G1 Conc#0" [stack: 0x000000b9a5600000,0x000000b9a5700000] [id=20108]
  0x000001f7312120c0 ConcurrentGCThread "G1 Refine#0" [stack: 0x000000b9a5700000,0x000000b9a5800000] [id=16968]
  0x000001f731213900 ConcurrentGCThread "G1 Service" [stack: 0x000000b9a5800000,0x000000b9a5900000] [id=5900]

Threads with active compile tasks:
C2 CompilerThread0     1924 2100       4       org.codehaus.plexus.util.xml.pull.MXParser::parseStartTag (1195 bytes)
C1 CompilerThread0     1924 2194       3       java.lang.reflect.AccessibleObject::checkAccess (40 bytes)
C2 CompilerThread1     1924 1776   !   4       java.net.URL::<init> (543 bytes)
C2 CompilerThread2     1924 2137 %     4       sun.nio.cs.UTF_8$Decoder::decodeArrayLoop @ 73 (691 bytes)

VM state: not at safepoint (normal execution)

VM Mutex/Monitor currently owned by a thread:  ([mutex/lock_event])
[0x000001f710d3ea30] MetaspaceExpand_lock - owner thread: 0x000001f731377cd0
[0x000001f710d402f0] MethodData_lock - owner thread: 0x000001f731377cd0

Heap address: 0x0000000741c00000, size: 3044 MB, Compressed Oops mode: Zero based, Oop shift amount: 3

CDS archive(s) mapped at: [0x0000000800000000-0x0000000800bb0000-0x0000000800bb0000), size 12255232, SharedBaseAddress: 0x0000000800000000, ArchiveRelocationMode: 0.
Compressed class space mapped at: 0x0000000800c00000-0x0000000840c00000, reserved size: 1073741824
Narrow klass base: 0x0000000800000000, Narrow klass shift: 3, Narrow klass range: 0x100000000

GC Precious Log:
 CPUs: 8 total, 8 available
 Memory: 12174M
 Large Page Support: Disabled
 NUMA Support: Disabled
 Compressed Oops: Enabled (Zero based)
 Heap Region Size: 2M
 Heap Min Capacity: 8M
 Heap Initial Capacity: 192M
 Heap Max Capacity: 3044M
 Pre-touch: Disabled
 Parallel Workers: 8
 Concurrent Workers: 2
 Concurrent Refinement Workers: 8
 Periodic GC: Disabled

Heap:
 garbage-first heap   total 196608K, used 21711K [0x0000000741c00000, 0x0000000800000000)
  region size 2048K, 10 young (20480K), 1 survivors (2048K)
 Metaspace       used 12441K, committed 12608K, reserved 1064960K
  class space    used 1447K, committed 1536K, reserved 1048576K

Heap Regions: E=young(eden), S=young(survivor), O=old, HS=humongous(starts), HC=humongous(continues), CS=collection set, F=free, OA=open archive, CA=closed archive, TAMS=top-at-mark-start (previous, next)
|   0|0x0000000741c00000, 0x0000000741e00000, 0x0000000741e00000|100%| O|  |TAMS 0x0000000741c00000, 0x0000000741c00000| Untracked 
|   1|0x0000000741e00000, 0x0000000741f63600, 0x0000000742000000| 69%| O|  |TAMS 0x0000000741e00000, 0x0000000741e00000| Untracked 
|   2|0x0000000742000000, 0x0000000742000000, 0x0000000742200000|  0%| F|  |TAMS 0x0000000742000000, 0x0000000742000000| Untracked 
|   3|0x0000000742200000, 0x0000000742200000, 0x0000000742400000|  0%| F|  |TAMS 0x0000000742200000, 0x0000000742200000| Untracked 
|   4|0x0000000742400000, 0x0000000742400000, 0x0000000742600000|  0%| F|  |TAMS 0x0000000742400000, 0x0000000742400000| Untracked 
|   5|0x0000000742600000, 0x0000000742600000, 0x0000000742800000|  0%| F|  |TAMS 0x0000000742600000, 0x0000000742600000| Untracked 
|   6|0x0000000742800000, 0x0000000742800000, 0x0000000742a00000|  0%| F|  |TAMS 0x0000000742800000, 0x0000000742800000| Untracked 
|   7|0x0000000742a00000, 0x0000000742a00000, 0x0000000742c00000|  0%| F|  |TAMS 0x0000000742a00000, 0x0000000742a00000| Untracked 
|   8|0x0000000742c00000, 0x0000000742c00000, 0x0000000742e00000|  0%| F|  |TAMS 0x0000000742c00000, 0x0000000742c00000| Untracked 
|   9|0x0000000742e00000, 0x0000000742e00000, 0x0000000743000000|  0%| F|  |TAMS 0x0000000742e00000, 0x0000000742e00000| Untracked 
|  10|0x0000000743000000, 0x0000000743000000, 0x0000000743200000|  0%| F|  |TAMS 0x0000000743000000, 0x0000000743000000| Untracked 
|  11|0x0000000743200000, 0x0000000743200000, 0x0000000743400000|  0%| F|  |TAMS 0x0000000743200000, 0x0000000743200000| Untracked 
|  12|0x0000000743400000, 0x0000000743400000, 0x0000000743600000|  0%| F|  |TAMS 0x0000000743400000, 0x0000000743400000| Untracked 
|  13|0x0000000743600000, 0x0000000743600000, 0x0000000743800000|  0%| F|  |TAMS 0x0000000743600000, 0x0000000743600000| Untracked 
|  14|0x0000000743800000, 0x0000000743800000, 0x0000000743a00000|  0%| F|  |TAMS 0x0000000743800000, 0x0000000743800000| Untracked 
|  15|0x0000000743a00000, 0x0000000743a00000, 0x0000000743c00000|  0%| F|  |TAMS 0x0000000743a00000, 0x0000000743a00000| Untracked 
|  16|0x0000000743c00000, 0x0000000743c00000, 0x0000000743e00000|  0%| F|  |TAMS 0x0000000743c00000, 0x0000000743c00000| Untracked 
|  17|0x0000000743e00000, 0x0000000743e00000, 0x0000000744000000|  0%| F|  |TAMS 0x0000000743e00000, 0x0000000743e00000| Untracked 
|  18|0x0000000744000000, 0x0000000744000000, 0x0000000744200000|  0%| F|  |TAMS 0x0000000744000000, 0x0000000744000000| Untracked 
|  19|0x0000000744200000, 0x0000000744200000, 0x0000000744400000|  0%| F|  |TAMS 0x0000000744200000, 0x0000000744200000| Untracked 
|  20|0x0000000744400000, 0x0000000744400000, 0x0000000744600000|  0%| F|  |TAMS 0x0000000744400000, 0x0000000744400000| Untracked 
|  21|0x0000000744600000, 0x0000000744600000, 0x0000000744800000|  0%| F|  |TAMS 0x0000000744600000, 0x0000000744600000| Untracked 
|  22|0x0000000744800000, 0x0000000744800000, 0x0000000744a00000|  0%| F|  |TAMS 0x0000000744800000, 0x0000000744800000| Untracked 
|  23|0x0000000744a00000, 0x0000000744a00000, 0x0000000744c00000|  0%| F|  |TAMS 0x0000000744a00000, 0x0000000744a00000| Untracked 
|  24|0x0000000744c00000, 0x0000000744c00000, 0x0000000744e00000|  0%| F|  |TAMS 0x0000000744c00000, 0x0000000744c00000| Untracked 
|  25|0x0000000744e00000, 0x0000000744e00000, 0x0000000745000000|  0%| F|  |TAMS 0x0000000744e00000, 0x0000000744e00000| Untracked 
|  26|0x0000000745000000, 0x0000000745000000, 0x0000000745200000|  0%| F|  |TAMS 0x0000000745000000, 0x0000000745000000| Untracked 
|  27|0x0000000745200000, 0x0000000745200000, 0x0000000745400000|  0%| F|  |TAMS 0x0000000745200000, 0x0000000745200000| Untracked 
|  28|0x0000000745400000, 0x0000000745400000, 0x0000000745600000|  0%| F|  |TAMS 0x0000000745400000, 0x0000000745400000| Untracked 
|  29|0x0000000745600000, 0x0000000745600000, 0x0000000745800000|  0%| F|  |TAMS 0x0000000745600000, 0x0000000745600000| Untracked 
|  30|0x0000000745800000, 0x0000000745800000, 0x0000000745a00000|  0%| F|  |TAMS 0x0000000745800000, 0x0000000745800000| Untracked 
|  31|0x0000000745a00000, 0x0000000745a00000, 0x0000000745c00000|  0%| F|  |TAMS 0x0000000745a00000, 0x0000000745a00000| Untracked 
|  32|0x0000000745c00000, 0x0000000745c00000, 0x0000000745e00000|  0%| F|  |TAMS 0x0000000745c00000, 0x0000000745c00000| Untracked 
|  33|0x0000000745e00000, 0x0000000745e00000, 0x0000000746000000|  0%| F|  |TAMS 0x0000000745e00000, 0x0000000745e00000| Untracked 
|  34|0x0000000746000000, 0x0000000746000000, 0x0000000746200000|  0%| F|  |TAMS 0x0000000746000000, 0x0000000746000000| Untracked 
|  35|0x0000000746200000, 0x0000000746200000, 0x0000000746400000|  0%| F|  |TAMS 0x0000000746200000, 0x0000000746200000| Untracked 
|  36|0x0000000746400000, 0x0000000746400000, 0x0000000746600000|  0%| F|  |TAMS 0x0000000746400000, 0x0000000746400000| Untracked 
|  37|0x0000000746600000, 0x0000000746600000, 0x0000000746800000|  0%| F|  |TAMS 0x0000000746600000, 0x0000000746600000| Untracked 
|  38|0x0000000746800000, 0x0000000746800000, 0x0000000746a00000|  0%| F|  |TAMS 0x0000000746800000, 0x0000000746800000| Untracked 
|  39|0x0000000746a00000, 0x0000000746a00000, 0x0000000746c00000|  0%| F|  |TAMS 0x0000000746a00000, 0x0000000746a00000| Untracked 
|  40|0x0000000746c00000, 0x0000000746c00000, 0x0000000746e00000|  0%| F|  |TAMS 0x0000000746c00000, 0x0000000746c00000| Untracked 
|  41|0x0000000746e00000, 0x0000000746e00000, 0x0000000747000000|  0%| F|  |TAMS 0x0000000746e00000, 0x0000000746e00000| Untracked 
|  42|0x0000000747000000, 0x0000000747000000, 0x0000000747200000|  0%| F|  |TAMS 0x0000000747000000, 0x0000000747000000| Untracked 
|  43|0x0000000747200000, 0x0000000747200000, 0x0000000747400000|  0%| F|  |TAMS 0x0000000747200000, 0x0000000747200000| Untracked 
|  44|0x0000000747400000, 0x0000000747400000, 0x0000000747600000|  0%| F|  |TAMS 0x0000000747400000, 0x0000000747400000| Untracked 
|  45|0x0000000747600000, 0x0000000747600000, 0x0000000747800000|  0%| F|  |TAMS 0x0000000747600000, 0x0000000747600000| Untracked 
|  46|0x0000000747800000, 0x0000000747800000, 0x0000000747a00000|  0%| F|  |TAMS 0x0000000747800000, 0x0000000747800000| Untracked 
|  47|0x0000000747a00000, 0x0000000747a00000, 0x0000000747c00000|  0%| F|  |TAMS 0x0000000747a00000, 0x0000000747a00000| Untracked 
|  48|0x0000000747c00000, 0x0000000747c00000, 0x0000000747e00000|  0%| F|  |TAMS 0x0000000747c00000, 0x0000000747c00000| Untracked 
|  49|0x0000000747e00000, 0x0000000747e00000, 0x0000000748000000|  0%| F|  |TAMS 0x0000000747e00000, 0x0000000747e00000| Untracked 
|  50|0x0000000748000000, 0x0000000748000000, 0x0000000748200000|  0%| F|  |TAMS 0x0000000748000000, 0x0000000748000000| Untracked 
|  51|0x0000000748200000, 0x0000000748200000, 0x0000000748400000|  0%| F|  |TAMS 0x0000000748200000, 0x0000000748200000| Untracked 
|  52|0x0000000748400000, 0x0000000748400000, 0x0000000748600000|  0%| F|  |TAMS 0x0000000748400000, 0x0000000748400000| Untracked 
|  53|0x0000000748600000, 0x0000000748600000, 0x0000000748800000|  0%| F|  |TAMS 0x0000000748600000, 0x0000000748600000| Untracked 
|  54|0x0000000748800000, 0x0000000748800000, 0x0000000748a00000|  0%| F|  |TAMS 0x0000000748800000, 0x0000000748800000| Untracked 
|  55|0x0000000748a00000, 0x0000000748a00000, 0x0000000748c00000|  0%| F|  |TAMS 0x0000000748a00000, 0x0000000748a00000| Untracked 
|  56|0x0000000748c00000, 0x0000000748c00000, 0x0000000748e00000|  0%| F|  |TAMS 0x0000000748c00000, 0x0000000748c00000| Untracked 
|  57|0x0000000748e00000, 0x0000000748e00000, 0x0000000749000000|  0%| F|  |TAMS 0x0000000748e00000, 0x0000000748e00000| Untracked 
|  58|0x0000000749000000, 0x0000000749000000, 0x0000000749200000|  0%| F|  |TAMS 0x0000000749000000, 0x0000000749000000| Untracked 
|  59|0x0000000749200000, 0x0000000749200000, 0x0000000749400000|  0%| F|  |TAMS 0x0000000749200000, 0x0000000749200000| Untracked 
|  60|0x0000000749400000, 0x0000000749400000, 0x0000000749600000|  0%| F|  |TAMS 0x0000000749400000, 0x0000000749400000| Untracked 
|  61|0x0000000749600000, 0x0000000749600000, 0x0000000749800000|  0%| F|  |TAMS 0x0000000749600000, 0x0000000749600000| Untracked 
|  62|0x0000000749800000, 0x0000000749800000, 0x0000000749a00000|  0%| F|  |TAMS 0x0000000749800000, 0x0000000749800000| Untracked 
|  63|0x0000000749a00000, 0x0000000749a00000, 0x0000000749c00000|  0%| F|  |TAMS 0x0000000749a00000, 0x0000000749a00000| Untracked 
|  64|0x0000000749c00000, 0x0000000749c00000, 0x0000000749e00000|  0%| F|  |TAMS 0x0000000749c00000, 0x0000000749c00000| Untracked 
|  65|0x0000000749e00000, 0x0000000749e00000, 0x000000074a000000|  0%| F|  |TAMS 0x0000000749e00000, 0x0000000749e00000| Untracked 
|  66|0x000000074a000000, 0x000000074a000000, 0x000000074a200000|  0%| F|  |TAMS 0x000000074a000000, 0x000000074a000000| Untracked 
|  67|0x000000074a200000, 0x000000074a200000, 0x000000074a400000|  0%| F|  |TAMS 0x000000074a200000, 0x000000074a200000| Untracked 
|  68|0x000000074a400000, 0x000000074a400000, 0x000000074a600000|  0%| F|  |TAMS 0x000000074a400000, 0x000000074a400000| Untracked 
|  69|0x000000074a600000, 0x000000074a600000, 0x000000074a800000|  0%| F|  |TAMS 0x000000074a600000, 0x000000074a600000| Untracked 
|  70|0x000000074a800000, 0x000000074a800000, 0x000000074aa00000|  0%| F|  |TAMS 0x000000074a800000, 0x000000074a800000| Untracked 
|  71|0x000000074aa00000, 0x000000074aa00000, 0x000000074ac00000|  0%| F|  |TAMS 0x000000074aa00000, 0x000000074aa00000| Untracked 
|  72|0x000000074ac00000, 0x000000074ac00000, 0x000000074ae00000|  0%| F|  |TAMS 0x000000074ac00000, 0x000000074ac00000| Untracked 
|  73|0x000000074ae00000, 0x000000074ae00000, 0x000000074b000000|  0%| F|  |TAMS 0x000000074ae00000, 0x000000074ae00000| Untracked 
|  74|0x000000074b000000, 0x000000074b000000, 0x000000074b200000|  0%| F|  |TAMS 0x000000074b000000, 0x000000074b000000| Untracked 
|  75|0x000000074b200000, 0x000000074b200000, 0x000000074b400000|  0%| F|  |TAMS 0x000000074b200000, 0x000000074b200000| Untracked 
|  76|0x000000074b400000, 0x000000074b400000, 0x000000074b600000|  0%| F|  |TAMS 0x000000074b400000, 0x000000074b400000| Untracked 
|  77|0x000000074b600000, 0x000000074b600000, 0x000000074b800000|  0%| F|  |TAMS 0x000000074b600000, 0x000000074b600000| Untracked 
|  78|0x000000074b800000, 0x000000074b9d0858, 0x000000074ba00000| 90%| S|CS|TAMS 0x000000074b800000, 0x000000074b800000| Complete 
|  79|0x000000074ba00000, 0x000000074ba00000, 0x000000074bc00000|  0%| F|  |TAMS 0x000000074ba00000, 0x000000074ba00000| Untracked 
|  80|0x000000074bc00000, 0x000000074bc00000, 0x000000074be00000|  0%| F|  |TAMS 0x000000074bc00000, 0x000000074bc00000| Untracked 
|  81|0x000000074be00000, 0x000000074be00000, 0x000000074c000000|  0%| F|  |TAMS 0x000000074be00000, 0x000000074be00000| Untracked 
|  82|0x000000074c000000, 0x000000074c000000, 0x000000074c200000|  0%| F|  |TAMS 0x000000074c000000, 0x000000074c000000| Untracked 
|  83|0x000000074c200000, 0x000000074c200000, 0x000000074c400000|  0%| F|  |TAMS 0x000000074c200000, 0x000000074c200000| Untracked 
|  84|0x000000074c400000, 0x000000074c400000, 0x000000074c600000|  0%| F|  |TAMS 0x000000074c400000, 0x000000074c400000| Untracked 
|  85|0x000000074c600000, 0x000000074c600000, 0x000000074c800000|  0%| F|  |TAMS 0x000000074c600000, 0x000000074c600000| Untracked 
|  86|0x000000074c800000, 0x000000074c800000, 0x000000074ca00000|  0%| F|  |TAMS 0x000000074c800000, 0x000000074c800000| Untracked 
|  87|0x000000074ca00000, 0x000000074cb00800, 0x000000074cc00000| 50%| E|  |TAMS 0x000000074ca00000, 0x000000074ca00000| Complete 
|  88|0x000000074cc00000, 0x000000074ce00000, 0x000000074ce00000|100%| E|CS|TAMS 0x000000074cc00000, 0x000000074cc00000| Complete 
|  89|0x000000074ce00000, 0x000000074d000000, 0x000000074d000000|100%| E|CS|TAMS 0x000000074ce00000, 0x000000074ce00000| Complete 
|  90|0x000000074d000000, 0x000000074d200000, 0x000000074d200000|100%| E|CS|TAMS 0x000000074d000000, 0x000000074d000000| Complete 
|  91|0x000000074d200000, 0x000000074d400000, 0x000000074d400000|100%| E|CS|TAMS 0x000000074d200000, 0x000000074d200000| Complete 
|  92|0x000000074d400000, 0x000000074d600000, 0x000000074d600000|100%| E|CS|TAMS 0x000000074d400000, 0x000000074d400000| Complete 
|  93|0x000000074d600000, 0x000000074d800000, 0x000000074d800000|100%| E|CS|TAMS 0x000000074d600000, 0x000000074d600000| Complete 
|  94|0x000000074d800000, 0x000000074da00000, 0x000000074da00000|100%| E|CS|TAMS 0x000000074d800000, 0x000000074d800000| Complete 
|  95|0x000000074da00000, 0x000000074dc00000, 0x000000074dc00000|100%| E|CS|TAMS 0x000000074da00000, 0x000000074da00000| Complete 

Card table byte_map: [0x000001f727df0000,0x000001f7283f0000] _byte_map_base: 0x000001f7243e2000

Marking Bits (Prev, Next): (CMBitMap*) 0x000001f710d8a270, (CMBitMap*) 0x000001f710d8a2b0
 Prev Bits: [0x000001f7289f0000, 0x000001f72b980000)
 Next Bits: [0x000001f72b980000, 0x000001f72e910000)

Polling page: 0x000001f710520000

Metaspace:

Usage:
  Non-class:     10.74 MB used.
      Class:      1.41 MB used.
       Both:     12.15 MB used.

Virtual space:
  Non-class space:       16.00 MB reserved,      10.81 MB ( 68%) committed,  2 nodes.
      Class space:        1.00 GB reserved,       1.50 MB ( <1%) committed,  1 nodes.
              Both:        1.02 GB reserved,      12.31 MB (  1%) committed. 

Chunk freelists:
   Non-Class:  3.86 MB
       Class:  2.53 MB
        Both:  6.38 MB

MaxMetaspaceSize: 17179869184.00 GB
CompressedClassSpaceSize: 1.00 GB
 - commit_granule_bytes: 65536.
 - commit_granule_words: 8192.
 - virtual_space_node_default_size: 1048576.
 - enlarge_chunks_in_place: 1.
 - new_chunks_are_fully_committed: 0.
 - uncommit_free_chunks: 1.
 - use_allocation_guard: 0.
 - handle_deallocations: 1.


Internal statistics:

num_allocs_failed_limit: 0.
num_arena_births: 62.
num_arena_deaths: 0.
num_vsnodes_births: 3.
num_vsnodes_deaths: 0.
num_space_committed: 197.
num_space_uncommitted: 0.
num_chunks_returned_to_freelist: 0.
num_chunks_taken_from_freelist: 475.
num_chunk_merges: 0.
num_chunk_splits: 351.
num_chunks_enlarged: 281.
num_purges: 0.

CodeHeap 'non-profiled nmethods': size=120000Kb used=870Kb max_used=870Kb free=119130Kb
 bounds [0x000001f71ff90000, 0x000001f720200000, 0x000001f7274c0000]
CodeHeap 'profiled nmethods': size=120000Kb used=4389Kb max_used=4389Kb free=115610Kb
 bounds [0x000001f718a60000, 0x000001f718eb0000, 0x000001f71ff90000]
CodeHeap 'non-nmethods': size=5760Kb used=1198Kb max_used=1232Kb free=4561Kb
 bounds [0x000001f7184c0000, 0x000001f718730000, 0x000001f718a60000]
 total_blobs=2673 nmethods=2184 adapters=401
 compilation: enabled
              stopped_count=0, restarted_count=0
 full_count=0

Compilation events (20 events):
Event: 1.810 Thread 0x000001f731377cd0 nmethod 2050 0x000001f718e51410 code [0x000001f718e51740, 0x000001f718e52798]
Event: 1.811 Thread 0x000001f731377cd0 2051       3       java.net.URL::getDefaultPort (8 bytes)
Event: 1.811 Thread 0x000001f731377cd0 nmethod 2051 0x000001f718e52d10 code [0x000001f718e52ec0, 0x000001f718e530a8]
Event: 1.814 Thread 0x000001f731377cd0 2052       3       java.lang.PublicMethods$Key::hashCode (19 bytes)
Event: 1.815 Thread 0x000001f731377cd0 nmethod 2052 0x000001f718e53190 code [0x000001f718e53340, 0x000001f718e534d8]
Event: 1.816 Thread 0x000001f731377cd0 2053       3       java.lang.PublicMethods$MethodList::merge (192 bytes)
Event: 1.817 Thread 0x000001f731377cd0 nmethod 2053 0x000001f718e53590 code [0x000001f718e53800, 0x000001f718e54348]
Event: 1.817 Thread 0x000001f731377cd0 2054       3       java.lang.PublicMethods$MethodList::length (24 bytes)
Event: 1.817 Thread 0x000001f731377cd0 nmethod 2054 0x000001f718e54710 code [0x000001f718e548c0, 0x000001f718e54a98]
Event: 1.817 Thread 0x000001f731377cd0 2055       3       java.lang.PublicMethods::merge (81 bytes)
Event: 1.818 Thread 0x000001f731377cd0 nmethod 2055 0x000001f718e54b90 code [0x000001f718e54de0, 0x000001f718e55868]
Event: 1.819 Thread 0x000001f731377cd0 2056  s    3       java.util.Hashtable::put (104 bytes)
Event: 1.820 Thread 0x000001f731377cd0 nmethod 2056 0x000001f718e55c90 code [0x000001f718e55ea0, 0x000001f718e565d8]
Event: 1.820 Thread 0x000001f731377cd0 2057       3       java.util.Hashtable::addEntry (87 bytes)
Event: 1.820 Thread 0x000001f731377cd0 nmethod 2057 0x000001f718e56810 code [0x000001f718e56a00, 0x000001f718e57198]
Event: 1.820 Thread 0x000001f731377cd0 2059       3       java.lang.String::replace (42 bytes)
Event: 1.820 Thread 0x000001f731377cd0 nmethod 2059 0x000001f718e57410 code [0x000001f718e575e0, 0x000001f718e57918]
Event: 1.820 Thread 0x000001f731377cd0 2058       3       java.util.Hashtable$Entry::<init> (26 bytes)
Event: 1.821 Thread 0x000001f731377cd0 nmethod 2058 0x000001f718e57a10 code [0x000001f718e57bc0, 0x000001f718e57e58]
Event: 1.826 Thread 0x000001f731377cd0 2060       3       java.lang.Long::<init> (10 bytes)

GC Heap History (4 events):
Event: 0.865 GC heap before
{Heap before GC invocations=0 (full 0):
 garbage-first heap   total 196608K, used 22528K [0x0000000741c00000, 0x0000000800000000)
  region size 2048K, 11 young (22528K), 0 survivors (0K)
 Metaspace       used 4901K, committed 5056K, reserved 1056768K
  class space    used 552K, committed 640K, reserved 1048576K
}
Event: 0.870 GC heap after
{Heap after GC invocations=1 (full 0):
 garbage-first heap   total 196608K, used 3635K [0x0000000741c00000, 0x0000000800000000)
  region size 2048K, 2 young (4096K), 2 survivors (4096K)
 Metaspace       used 4901K, committed 5056K, reserved 1056768K
  class space    used 552K, committed 640K, reserved 1048576K
}
Event: 1.482 GC heap before
{Heap before GC invocations=1 (full 0):
 garbage-first heap   total 196608K, used 34355K [0x0000000741c00000, 0x0000000800000000)
  region size 2048K, 17 young (34816K), 2 survivors (4096K)
 Metaspace       used 9107K, committed 9216K, reserved 1064960K
  class space    used 1082K, committed 1152K, reserved 1048576K
}
Event: 1.487 GC heap after
{Heap after GC invocations=2 (full 0):
 garbage-first heap   total 196608K, used 5327K [0x0000000741c00000, 0x0000000800000000)
  region size 2048K, 1 young (2048K), 1 survivors (2048K)
 Metaspace       used 9107K, committed 9216K, reserved 1064960K
  class space    used 1082K, committed 1152K, reserved 1048576K
}

Deoptimization events (20 events):
Event: 1.756 Thread 0x000001f710d42f80 Uncommon trap: trap_request=0xffffffbe fr.pc=0x000001f72001e3d8 relative=0x0000000000001ab8
Event: 1.756 Thread 0x000001f710d42f80 Uncommon trap: reason=profile_predicate action=maybe_recompile pc=0x000001f72001e3d8 method=jdk.internal.jimage.ImageStringsReader.charsFromByteBuffer([CLjava/nio/ByteBuffer;)V @ 6 c2
Event: 1.756 Thread 0x000001f710d42f80 DEOPT PACKING pc=0x000001f72001e3d8 sp=0x000000b9a53fdee0
Event: 1.756 Thread 0x000001f710d42f80 DEOPT UNPACKING pc=0x000001f71850d72e sp=0x000000b9a53fdc70 mode 2
Event: 1.766 Thread 0x000001f710d42f80 Uncommon trap: trap_request=0xffffff45 fr.pc=0x000001f720046dd4 relative=0x0000000000000a94
Event: 1.766 Thread 0x000001f710d42f80 Uncommon trap: reason=unstable_if action=reinterpret pc=0x000001f720046dd4 method=sun.net.util.IPAddressUtil.scan(Ljava/lang/String;JJ[C)I @ 14 c2
Event: 1.766 Thread 0x000001f710d42f80 DEOPT PACKING pc=0x000001f720046dd4 sp=0x000000b9a53fe060
Event: 1.766 Thread 0x000001f710d42f80 DEOPT UNPACKING pc=0x000001f71850d72e sp=0x000000b9a53fdee0 mode 2
Event: 1.768 Thread 0x000001f710d42f80 Uncommon trap: trap_request=0xffffff45 fr.pc=0x000001f7200440e4 relative=0x0000000000000044
Event: 1.768 Thread 0x000001f710d42f80 Uncommon trap: reason=unstable_if action=reinterpret pc=0x000001f7200440e4 method=sun.net.util.IPAddressUtil.scan(Ljava/lang/String;JJ[C)I @ 14 c2
Event: 1.768 Thread 0x000001f710d42f80 DEOPT PACKING pc=0x000001f7200440e4 sp=0x000000b9a53fdfe0
Event: 1.768 Thread 0x000001f710d42f80 DEOPT UNPACKING pc=0x000001f71850d72e sp=0x000000b9a53fdec8 mode 2
Event: 1.792 Thread 0x000001f710d42f80 Uncommon trap: trap_request=0xffffff45 fr.pc=0x000001f71ffe36f0 relative=0x0000000000000950
Event: 1.792 Thread 0x000001f710d42f80 Uncommon trap: reason=unstable_if action=reinterpret pc=0x000001f71ffe36f0 method=sun.nio.cs.StreamDecoder.implRead([CII)I @ 36 c2
Event: 1.792 Thread 0x000001f710d42f80 DEOPT PACKING pc=0x000001f71ffe36f0 sp=0x000000b9a53fda50
Event: 1.792 Thread 0x000001f710d42f80 DEOPT UNPACKING pc=0x000001f71850d72e sp=0x000000b9a53fda40 mode 2
Event: 1.819 Thread 0x000001f710d42f80 Uncommon trap: trap_request=0xffffff45 fr.pc=0x000001f71fffcb68 relative=0x00000000000005a8
Event: 1.819 Thread 0x000001f710d42f80 Uncommon trap: reason=unstable_if action=reinterpret pc=0x000001f71fffcb68 method=java.lang.String.replace(CC)Ljava/lang/String; @ 2 c2
Event: 1.819 Thread 0x000001f710d42f80 DEOPT PACKING pc=0x000001f71fffcb68 sp=0x000000b9a53fdbe0
Event: 1.819 Thread 0x000001f710d42f80 DEOPT UNPACKING pc=0x000001f71850d72e sp=0x000000b9a53fdb90 mode 2

Classes unloaded (0 events):
No events

Classes redefined (0 events):
No events

Internal exceptions (15 events):
Event: 0.165 Thread 0x000001f710d42f80 Exception <a 'java/lang/NullPointerException'{0x000000074d6671c8}> (0x000000074d6671c8) 
thrown [t:\workspace\open\src\hotspot\share\interpreter\linkResolver.cpp, line 1385]
Event: 0.177 Thread 0x000001f710d42f80 Exception <a 'java/lang/NullPointerException'{0x000000074d697e60}> (0x000000074d697e60) 
thrown [t:\workspace\open\src\hotspot\share\interpreter\linkResolver.cpp, line 1385]
Event: 0.177 Thread 0x000001f710d42f80 Exception <a 'java/lang/NullPointerException'{0x000000074d698138}> (0x000000074d698138) 
thrown [t:\workspace\open\src\hotspot\share\interpreter\linkResolver.cpp, line 1385]
Event: 0.178 Thread 0x000001f710d42f80 Exception <a 'java/lang/NullPointerException'{0x000000074d698410}> (0x000000074d698410) 
thrown [t:\workspace\open\src\hotspot\share\interpreter\linkResolver.cpp, line 1385]
Event: 0.179 Thread 0x000001f710d42f80 Exception <a 'java/lang/NullPointerException'{0x000000074d69e2c0}> (0x000000074d69e2c0) 
thrown [t:\workspace\open\src\hotspot\share\interpreter\linkResolver.cpp, line 1385]
Event: 0.181 Thread 0x000001f710d42f80 Exception <a 'java/lang/NullPointerException'{0x000000074d6b3be0}> (0x000000074d6b3be0) 
thrown [t:\workspace\open\src\hotspot\share\interpreter\linkResolver.cpp, line 1385]
Event: 0.181 Thread 0x000001f710d42f80 Exception <a 'java/lang/NullPointerException'{0x000000074d6b3eb8}> (0x000000074d6b3eb8) 
thrown [t:\workspace\open\src\hotspot\share\interpreter\linkResolver.cpp, line 1385]
Event: 0.181 Thread 0x000001f710d42f80 Exception <a 'java/lang/NullPointerException'{0x000000074d6b4190}> (0x000000074d6b4190) 
thrown [t:\workspace\open\src\hotspot\share\interpreter\linkResolver.cpp, line 1385]
Event: 0.181 Thread 0x000001f710d42f80 Exception <a 'java/lang/NullPointerException'{0x000000074d6b4468}> (0x000000074d6b4468) 
thrown [t:\workspace\open\src\hotspot\share\interpreter\linkResolver.cpp, line 1385]
Event: 0.417 Thread 0x000001f710d42f80 Exception <a 'java/lang/NoSuchMethodError'{0x000000074d04ee68}: 'void java.lang.invoke.DirectMethodHandle$Holder.invokeSpecial(java.lang.Object, java.lang.Object, java.lang.Object)'> (0x000000074d04ee68) 
thrown [t:\workspace\open\src\hotspot\share\interpreter\linkResolver.cpp, line 790]
Event: 0.623 Thread 0x000001f710d42f80 Exception <a 'java/lang/NoSuchMethodError'{0x000000074cd56ef0}: 'java.lang.Object java.lang.invoke.DirectMethodHandle$Holder.newInvokeSpecial(java.lang.Object, java.lang.Object, java.lang.Object, java.lang.Object, java.lang.Object)'> (0x000000074cd56ef0) 
thrown [t:\workspace\open\src\hotspot\share\interpreter\linkResolver.cpp, line 790]
Event: 0.688 Thread 0x000001f710d42f80 Exception <a 'java/lang/NoClassDefFoundError'{0x000000074cac75c8}: javax/enterprise/inject/Typed> (0x000000074cac75c8) 
thrown [t:\workspace\open\src\hotspot\share\classfile\systemDictionary.cpp, line 245]
Event: 1.593 Thread 0x000001f710d42f80 Exception <a 'java/lang/NoClassDefFoundError'{0x000000074d6a3458}: com/google/inject/servlet/ServletModuleTargetVisitor> (0x000000074d6a3458) 
thrown [t:\workspace\open\src\hotspot\share\classfile\systemDictionary.cpp, line 245]
Event: 1.672 Thread 0x000001f710d42f80 Exception <a 'java/lang/NoSuchMethodError'{0x000000074d4ed050}: 'java.lang.Object java.lang.invoke.DirectMethodHandle$Holder.invokeStatic(java.lang.Object)'> (0x000000074d4ed050) 
thrown [t:\workspace\open\src\hotspot\share\interpreter\linkResolver.cpp, line 790]
Event: 1.675 Thread 0x000001f710d42f80 Exception <a 'java/lang/NoSuchMethodError'{0x000000074d4f7eb0}: 'java.lang.Object java.lang.invoke.DirectMethodHandle$Holder.invokeStaticInit(java.lang.Object, int, int, int, int)'> (0x000000074d4f7eb0) 
thrown [t:\workspace\open\src\hotspot\share\interpreter\linkResolver.cpp, line 790]

Events (20 events):
Event: 1.733 loading class java/util/Stack done
Event: 1.761 loading class java/util/ArrayList$SubList$1
Event: 1.761 loading class java/util/ArrayList$SubList$1 done
Event: 1.765 loading class java/net/URL$2
Event: 1.765 loading class java/net/URL$2 done
Event: 1.766 loading class java/net/URL$1
Event: 1.766 loading class java/net/URL$1 done
Event: 1.766 loading class java/net/spi/URLStreamHandlerProvider
Event: 1.766 loading class java/net/spi/URLStreamHandlerProvider done
Event: 1.766 loading class sun/net/www/protocol/https/Handler
Event: 1.766 loading class sun/net/www/protocol/http/Handler
Event: 1.766 loading class sun/net/www/protocol/http/Handler done
Event: 1.766 Executing  VM operation: HandshakeAllThreads
Event: 1.766 Executing  VM operation: HandshakeAllThreads done
Event: 1.766 loading class sun/net/www/protocol/https/Handler done
Event: 1.768 loading class java/util/regex/Pattern$Pos
Event: 1.768 loading class java/util/regex/Pattern$Pos done
Event: 1.778 Executing  VM operation: HandshakeAllThreads
Event: 1.778 Executing  VM operation: HandshakeAllThreads done
Event: 1.826 loading class java/lang/Short$ShortCache


Dynamic libraries:
0x00007ff6c6e30000 - 0x00007ff6c6e40000 	C:\Program Files\Java\jdk-16.0.1\bin\java.exe
0x00007fff284e0000 - 0x00007fff286e9000 	C:\WINDOWS\SYSTEM32\ntdll.dll
0x00007fff27920000 - 0x00007fff279dd000 	C:\WINDOWS\System32\KERNEL32.DLL
0x00007fff25c10000 - 0x00007fff25f8b000 	C:\WINDOWS\System32\KERNELBASE.dll
0x00007fff25af0000 - 0x00007fff25c01000 	C:\WINDOWS\System32\ucrtbase.dll
0x00007fff0d080000 - 0x00007fff0d099000 	C:\Program Files\Java\jdk-16.0.1\bin\VCRUNTIME140.dll
0x00007fff148b0000 - 0x00007fff148c8000 	C:\Program Files\Java\jdk-16.0.1\bin\jli.dll
0x00007fff27450000 - 0x00007fff274fe000 	C:\WINDOWS\System32\ADVAPI32.dll
0x00007fff27d70000 - 0x00007fff27e13000 	C:\WINDOWS\System32\msvcrt.dll
0x00007fff263a0000 - 0x00007fff2643e000 	C:\WINDOWS\System32\sechost.dll
0x00007fff276c0000 - 0x00007fff277e0000 	C:\WINDOWS\System32\RPCRT4.dll
0x00007fff27e20000 - 0x00007fff27fcd000 	C:\WINDOWS\System32\USER32.dll
0x00007fff26000000 - 0x00007fff26026000 	C:\WINDOWS\System32\win32u.dll
0x00007fff16d70000 - 0x00007fff17015000 	C:\WINDOWS\WinSxS\amd64_microsoft.windows.common-controls_6595b64144ccf1df_6.0.22000.120_none_9d947278b86cc467\COMCTL32.dll
0x00007fff28470000 - 0x00007fff28499000 	C:\WINDOWS\System32\GDI32.dll
0x00007fff26240000 - 0x00007fff26358000 	C:\WINDOWS\System32\gdi32full.dll
0x00007fff261a0000 - 0x00007fff2623d000 	C:\WINDOWS\System32\msvcp_win.dll
0x00007fff1e110000 - 0x00007fff1e11a000 	C:\WINDOWS\SYSTEM32\VERSION.dll
0x00007fff26360000 - 0x00007fff26391000 	C:\WINDOWS\System32\IMM32.DLL
0x00007fff0dba0000 - 0x00007fff0dbac000 	C:\Program Files\Java\jdk-16.0.1\bin\vcruntime140_1.dll
0x00007fff01f10000 - 0x00007fff01fa1000 	C:\Program Files\Java\jdk-16.0.1\bin\msvcp140.dll
0x00007ffef8f40000 - 0x00007ffef9aeb000 	C:\Program Files\Java\jdk-16.0.1\bin\server\jvm.dll
0x00007fff273b0000 - 0x00007fff273b8000 	C:\WINDOWS\System32\PSAPI.DLL
0x00007fff1f250000 - 0x00007fff1f283000 	C:\WINDOWS\SYSTEM32\WINMM.dll
0x00007fff1fe50000 - 0x00007fff1fe59000 	C:\WINDOWS\SYSTEM32\WSOCK32.dll
0x00007fff26530000 - 0x00007fff2659f000 	C:\WINDOWS\System32\WS2_32.dll
0x00007fff24b20000 - 0x00007fff24b38000 	C:\WINDOWS\SYSTEM32\kernel.appcore.dll
0x00007fff0d600000 - 0x00007fff0d60a000 	C:\Program Files\Java\jdk-16.0.1\bin\jimage.dll
0x00007fff24040000 - 0x00007fff24261000 	C:\WINDOWS\SYSTEM32\DBGHELP.DLL
0x00007fff05e80000 - 0x00007fff05eb1000 	C:\WINDOWS\SYSTEM32\dbgcore.DLL
0x00007fff259b0000 - 0x00007fff25a2f000 	C:\WINDOWS\System32\bcryptPrimitives.dll
0x00007fff0add0000 - 0x00007fff0adf5000 	C:\Program Files\Java\jdk-16.0.1\bin\java.dll
0x00007fff26b60000 - 0x00007fff27318000 	C:\WINDOWS\System32\SHELL32.dll
0x00007fff23620000 - 0x00007fff23e85000 	C:\WINDOWS\SYSTEM32\windows.storage.dll
0x00007fff28030000 - 0x00007fff283a7000 	C:\WINDOWS\System32\combase.dll
0x00007fff234b0000 - 0x00007fff23616000 	C:\WINDOWS\SYSTEM32\wintypes.dll
0x00007fff26440000 - 0x00007fff2652a000 	C:\WINDOWS\System32\SHCORE.dll
0x00007fff26b00000 - 0x00007fff26b5d000 	C:\WINDOWS\System32\shlwapi.dll
0x00007fff258e0000 - 0x00007fff25901000 	C:\WINDOWS\SYSTEM32\profapi.dll
0x00007fff0c880000 - 0x00007fff0c899000 	C:\Program Files\Java\jdk-16.0.1\bin\net.dll
0x00007fff1eea0000 - 0x00007fff1efac000 	C:\WINDOWS\SYSTEM32\WINHTTP.dll
0x00007fff24fc0000 - 0x00007fff25027000 	C:\WINDOWS\system32\mswsock.dll
0x00007fff0c590000 - 0x00007fff0c5a3000 	C:\Program Files\Java\jdk-16.0.1\bin\nio.dll
0x00007fff09d50000 - 0x00007fff09d68000 	C:\Program Files\Java\jdk-16.0.1\bin\zip.dll
0x0000000069ac0000 - 0x0000000069ae4000 	C:\Program Files\NetBeans-14\netbeans\java\maven\lib\jansi-native\Windows\x86_64\jansi.dll
0x00007fff0c660000 - 0x00007fff0c670000 	C:\Program Files\Java\jdk-16.0.1\bin\verify.dll

dbghelp: loaded successfully - version: 4.0.5 - missing functions: none
symbol engine: initialized successfully - sym options: 0x614 - pdb path: .;C:\Program Files\Java\jdk-16.0.1\bin;C:\WINDOWS\SYSTEM32;C:\WINDOWS\WinSxS\amd64_microsoft.windows.common-controls_6595b64144ccf1df_6.0.22000.120_none_9d947278b86cc467;C:\Program Files\Java\jdk-16.0.1\bin\server;C:\Program Files\NetBeans-14\netbeans\java\maven\lib\jansi-native\Windows\x86_64

VM Arguments:
jvm_args: -Dclassworlds.conf=C:\Program Files\NetBeans-14\netbeans\java\maven\bin\m2.conf -Dmaven.home=C:\Program Files\NetBeans-14\netbeans\java\maven -Dlibrary.jansi.path=C:\Program Files\NetBeans-14\netbeans\java\maven\lib\jansi-native -Dmaven.multiModuleProjectDirectory=C:\Users\ADMIN\Desktop\3119410029\Netbeans\LTM 
java_command: org.codehaus.plexus.classworlds.launcher.Launcher -Dexec.vmArgs= -Dexec.args=${exec.vmArgs} -classpath %classpath ${exec.mainClass} ${exec.appArgs} -Dexec.executable=C:\Program Files\Java\jdk-16.0.1\bin\java.exe -Dexec.mainClass=GUI.user.ManHinhDangNhap -Dexec.classpathScope=runtime -Dexec.appArgs= -Dmaven.ext.class.path=C:\Program Files\NetBeans-14\netbeans\java\maven-nblib\netbeans-eventspy.jar org.codehaus.mojo:exec-maven-plugin:3.0.0:exec
java_class_path (initial): C:\Program Files\NetBeans-14\netbeans\java\maven\boot\plexus-classworlds-2.6.0.jar
Launcher Type: SUN_STANDARD

[Global flags]
     intx CICompilerCount                          = 4                                         {product} {ergonomic}
     uint ConcGCThreads                            = 2                                         {product} {ergonomic}
     uint G1ConcRefinementThreads                  = 8                                         {product} {ergonomic}
   size_t G1HeapRegionSize                         = 2097152                                   {product} {ergonomic}
    uintx GCDrainStackTargetSize                   = 64                                        {product} {ergonomic}
   size_t InitialHeapSize                          = 201326592                                 {product} {ergonomic}
   size_t MarkStackSize                            = 4194304                                   {product} {ergonomic}
   size_t MaxHeapSize                              = 3191865344                                {product} {ergonomic}
   size_t MaxNewSize                               = 1914699776                                {product} {ergonomic}
   size_t MinHeapDeltaBytes                        = 2097152                                   {product} {ergonomic}
   size_t MinHeapSize                              = 8388608                                   {product} {ergonomic}
    uintx NonNMethodCodeHeapSize                   = 5839372                                {pd product} {ergonomic}
    uintx NonProfiledCodeHeapSize                  = 122909434                              {pd product} {ergonomic}
    uintx ProfiledCodeHeapSize                     = 122909434                              {pd product} {ergonomic}
    uintx ReservedCodeCacheSize                    = 251658240                              {pd product} {ergonomic}
     bool SegmentedCodeCache                       = true                                      {product} {ergonomic}
   size_t SoftMaxHeapSize                          = 3191865344                             {manageable} {ergonomic}
     bool UseCompressedClassPointers               = true                           {product lp64_product} {ergonomic}
     bool UseCompressedOops                        = true                           {product lp64_product} {ergonomic}
     bool UseG1GC                                  = true                                      {product} {ergonomic}
     bool UseLargePagesIndividualAllocation        = false                                  {pd product} {ergonomic}

Logging:
Log output configuration:
 #0: stdout all=warning uptime,level,tags
 #1: stderr all=off uptime,level,tags

Environment Variables:
JAVA_HOME=C:\Program Files\Java\jdk-16.0.1
PATH=C:\Oracle\bin;C:\Program Files (x86)\Common Files\Oracle\Java\javapath;C:\MinGW\bin;C:\Program Files (x86)\VMware\VMware Workstation\bin\;C:\Program Files (x86)\Intel\iCLS Client\;C:\Program Files\Intel\iCLS Client\;C:\Windows\system32;C:\Windows;C:\Windows\System32\Wbem;C:\Windows\System32\WindowsPowerShell\v1.0\;C:\Program Files (x86)\Intel\Intel(R) Management Engine Components\DAL;C:\Program Files\Intel\Intel(R) Management Engine Components\DAL;C:\Program Files (x86)\Intel\Intel(R) Management Engine Components\IPT;C:\Program Files\Intel\Intel(R) Management Engine Components\IPT;C:\Program Files (x86)\NVIDIA Corporation\PhysX\Common;C:\WINDOWS\system32;C:\WINDOWS;C:\WINDOWS\System32\Wbem;C:\WINDOWS\System32\WindowsPowerShell\v1.0\;C:\WINDOWS\System32\OpenSSH\;C:\Program Files\Intel\WiFi\bin\;C:\Program Files\Common Files\Intel\WirelessCommon\;C:\Program Files (x86)\mingw-w64\i686-8.1.0-posix-dwarf-rt_v6-rev0\mingw32\bin;C:\Program Files\Microsoft SQL Server\Client SDK\ODBC\170\Tools\Binn\;C:\Program Files (x86)\Microsoft SQL Server\150\Tools\Binn\;C:\Program Files\Microsoft SQL Server\150\Tools\Binn\;C:\Program Files\Microsoft SQL Server\150\DTS\Binn\;C:\Program Files\Azure Data Studio\bin;C:\Program Files (x86)\Microsoft SQL Server\150\DTS\Binn\;C:\Program Files\Git\cmd;C:\Program Files\Microsoft SQL Server\130\Tools\Binn\;C:\Program Files\PuTTY\;C:\ProgramData\ComposerSetup\bin;C:\Program Files\dotnet\;C:\Program Files\nodejs\;C:\Program Files\Microsoft SQL Server Migration Assistant for MySQL\bin\;C:\Program Files\Calibre2\;C:\Users\ADMIN\scoop\shims;C:\Users\ADMIN\AppData\Local\Programs\Python\Python39\Scripts\;C:\Users\ADMIN\AppData\Local\Programs\Python\Python39\;C:\Users\ADMIN\AppData\Local\Microsoft\WindowsApps;C:\Users\ADMIN\AppData\Local\Programs\Microsoft VS Code\bin;C:\Users\ADMIN\AppData\Roaming\Dashlane\6.2011.0.33406\bin\Firefox_Extension\{442718d9-475e-452a-b3e1-fb1ee16b8e9f}\components;C:\Users\ADMIN\AppData\Roaming\Dashlane\6.2011.0.33406\ucrt;
USERNAME=ADMIN
OS=Windows_NT
PROCESSOR_IDENTIFIER=Intel64 Family 6 Model 142 Stepping 10, GenuineIntel



---------------  S Y S T E M  ---------------

OS:
 Windows 10 , 64 bit Build 22000 (10.0.22000.708)
OS uptime: 8 days 12:08 hours

CPU: total 8 (initial active 8) (4 cores per cpu, 2 threads per core) family 6 model 142 stepping 10 microcode 0xe0, cx8, cmov, fxsr, ht, mmx, 3dnowpref, sse, sse2, sse3, ssse3, sse4.1, sse4.2, popcnt, lzcnt, tsc, tscinvbit, avx, avx2, aes, erms, clmul, bmi1, bmi2, adx, fma, vzeroupper, clflush, clflushopt

Memory: 4k page, system-wide physical 12174M (3204M free)
TotalPageFile size 16270M (AvailPageFile size 4M)
current process WorkingSet (physical memory assigned to process): 122M, peak: 122M
current process commit charge ("private bytes"): 324M, peak: 325M

vm_info: Java HotSpot(TM) 64-Bit Server VM (16.0.1+9-24) for windows-amd64 JRE (16.0.1+9-24), built on Mar 26 2021 19:31:42 by "mach5one" with MS VC++ 16.7 (VS2019)

END.
